#
# There is insufficient memory for the Java Runtime Environment to continue.
# Native memory allocation (malloc) failed to allocate 1730576 bytes for Chunk::new
# Possible reasons:
#   The system is out of physical RAM or swap space
#   The process is running with CompressedOops enabled, and the Java Heap may be blocking the growth of the native heap
# Possible solutions:
#   Reduce memory load on the system
#   Increase physical memory or swap space
#   Check if swap backing store is full
#   Decrease Java heap size (-Xmx/-Xms)
#   Decrease number of Java threads
#   Decrease Java thread stack sizes (-Xss)
#   Set larger code cache with -XX:ReservedCodeCacheSize=
#   JVM is running with Unscaled Compressed Oops mode in which the Java heap is
#     placed in the first 4GB address space. The Java Heap base address is the
#     maximum limit for the native heap growth. Please use -XX:HeapBaseMinAddress
#     to set the Java Heap base and to place the Java Heap above 4GB virtual address.
# This output file may be truncated or incomplete.
#
#  Out of Memory Error (./open/src/hotspot/share/memory/arena.cpp:195), pid=13448, tid=1960
#
# JRE version: Java(TM) SE Runtime Environment (15.0.1+9) (build 15.0.1+9-18)
# Java VM: Java HotSpot(TM) 64-Bit Server VM (15.0.1+9-18, mixed mode, sharing, tiered, compressed oops, g1 gc, windows-amd64)
# No core dump will be written. Minidumps are not enabled by default on client versions of Windows
#

---------------  S U M M A R Y ------------

Command Line: --add-opens=java.base/java.util=ALL-UNNAMED --add-opens=java.base/java.lang=ALL-UNNAMED --add-opens=java.base/java.lang.invoke=ALL-UNNAMED --add-opens=java.base/java.util=ALL-UNNAMED --add-opens=java.prefs/java.util.prefs=ALL-UNNAMED --add-opens=java.prefs/java.util.prefs=ALL-UNNAMED --add-opens=java.base/java.nio.charset=ALL-UNNAMED --add-opens=java.base/java.net=ALL-UNNAMED --add-opens=java.base/java.util.concurrent.atomic=ALL-UNNAMED -XX:MaxMetaspaceSize=256m -XX:+HeapDumpOnOutOfMemoryError -Xms256m -Xmx512m -Dfile.encoding=windows-1252 -Duser.country=CO -Duser.language=es -Duser.variant org.gradle.launcher.daemon.bootstrap.GradleDaemon 7.4

Host: AMD FX-9800P RADEON R7, 12 COMPUTE CORES 4C+8G , 4 cores, 14G,  Windows 10 , 64 bit Build 19041 (10.0.19041.2364)
Time: Sat Feb 11 21:58:37 2023 Hora est. Pacífico, Sudamérica elapsed time: 3558.617844 seconds (0d 0h 59m 18s)

---------------  T H R E A D  ---------------

Current thread (0x0000024623136090):  JavaThread "C2 CompilerThread0" daemon [_thread_in_native, id=1960, stack(0x000000a629700000,0x000000a629800000)]


Current CompileTask:
C2:3558618 15399       4       org.codehaus.groovy.reflection.ParameterTypes::getParameterTypes (16 bytes)

Stack: [0x000000a629700000,0x000000a629800000]
Native frames: (J=compiled Java code, j=interpreted, Vv=VM code, C=native code)
V  [jvm.dll+0x62ae9a]
V  [jvm.dll+0x781389]
V  [jvm.dll+0x782ae3]
V  [jvm.dll+0x783143]
V  [jvm.dll+0x216265]
V  [jvm.dll+0x97efa]
V  [jvm.dll+0x985dc]
V  [jvm.dll+0x32e4c8]
V  [jvm.dll+0x2f78aa]
V  [jvm.dll+0x2f6c6a]
V  [jvm.dll+0x1ea645]
V  [jvm.dll+0x1e98ae]
V  [jvm.dll+0x1784c7]
V  [jvm.dll+0x1f9165]
V  [jvm.dll+0x1f720c]
V  [jvm.dll+0x74485d]
V  [jvm.dll+0x73d65a]
V  [jvm.dll+0x629c56]
C  [ucrtbase.dll+0x21bb2]
C  [KERNEL32.DLL+0x17614]
C  [ntdll.dll+0x526a1]


---------------  P R O C E S S  ---------------

Threads class SMR info:
_java_thread_list=0x00000246281f8700, length=97, elements={
0x00000246087248a0, 0x0000024623114cd0, 0x00000246231157b0, 0x0000024623132060,
0x0000024623132a20, 0x00000246231333e0, 0x0000024623136090, 0x0000024623138a50,
0x0000024623ad0460, 0x0000024623b8a600, 0x0000024623b8bc20, 0x00000246258250c0,
0x0000024625bf7920, 0x000002462568e7d0, 0x0000024623b52c20, 0x0000024623b535c0,
0x0000024623b53a90, 0x0000024624026e20, 0x0000024624026480, 0x0000024624029970,
0x00000246240242d0, 0x00000246240277c0, 0x000002462402a7e0, 0x0000024624028fd0,
0x0000024624025ae0, 0x00000246275ef0d0, 0x000002462b518800, 0x00000246275eb710,
0x00000246275ee260, 0x00000246283fed80, 0x000002462b5157e0, 0x000002462b484a60,
0x000002462b4823e0, 0x000002462b4828b0, 0x000002462b484f30, 0x000002462b4840c0,
0x000002462b481a40, 0x000002462b481f10, 0x000002462b483250, 0x000002462b484590,
0x00000246241e1140, 0x00000246241e1fb0, 0x00000246241e32f0, 0x00000246241dcde0,
0x00000246241e2e20, 0x00000246241e02d0, 0x00000246241e1ae0, 0x00000246241ddc50,
0x00000246241e37c0, 0x00000246241e2950, 0x00000246241e07a0, 0x00000246241dd780,
0x00000246241de120, 0x00000246241e0c70, 0x00000246241de5f0, 0x00000246241dd2b0,
0x00000246241deac0, 0x00000246241e3c90, 0x00000246241e2480, 0x00000246241def90,
0x00000246241df460, 0x00000246241e1610, 0x00000246241dc440, 0x00000246241df930,
0x00000246241dfe00, 0x0000024628401400, 0x00000246283ff250, 0x00000246284000c0,
0x00000246283fe3e0, 0x0000024628402c10, 0x00000246283fb3c0, 0x00000246283fe8b0,
0x00000246283fd570, 0x00000246283fb890, 0x00000246284018d0, 0x00000246283fda40,
0x00000246283ffbf0, 0x00000246283fd0a0, 0x0000024628400590, 0x00000246283fdf10,
0x0000024628401da0, 0x0000024628402270, 0x0000024628402740, 0x00000246283ff720,
0x00000246283fc230, 0x00000246283fc700, 0x00000246275f1750, 0x00000246275edd90,
0x00000246275f1c20, 0x00000246275ead70, 0x00000246275ea8a0, 0x00000246275ea3d0,
0x00000246275eb240, 0x00000246275ebbe0, 0x00000246275ec580, 0x000002462b517990,
0x000002462b516650
}

Java Threads: ( => current thread )
  0x00000246087248a0 JavaThread "main" [_thread_blocked, id=14396, stack(0x000000a628b00000,0x000000a628c00000)]
  0x0000024623114cd0 JavaThread "Reference Handler" daemon [_thread_blocked, id=2560, stack(0x000000a629200000,0x000000a629300000)]
  0x00000246231157b0 JavaThread "Finalizer" daemon [_thread_blocked, id=12168, stack(0x000000a629300000,0x000000a629400000)]
  0x0000024623132060 JavaThread "Signal Dispatcher" daemon [_thread_blocked, id=18700, stack(0x000000a629400000,0x000000a629500000)]
  0x0000024623132a20 JavaThread "Attach Listener" daemon [_thread_blocked, id=7840, stack(0x000000a629500000,0x000000a629600000)]
  0x00000246231333e0 JavaThread "Service Thread" daemon [_thread_blocked, id=5032, stack(0x000000a629600000,0x000000a629700000)]
=>0x0000024623136090 JavaThread "C2 CompilerThread0" daemon [_thread_in_native, id=1960, stack(0x000000a629700000,0x000000a629800000)]
  0x0000024623138a50 JavaThread "C1 CompilerThread0" daemon [_thread_blocked, id=15528, stack(0x000000a629800000,0x000000a629900000)]
  0x0000024623ad0460 JavaThread "Sweeper thread" daemon [_thread_blocked, id=4584, stack(0x000000a629900000,0x000000a629a00000)]
  0x0000024623b8a600 JavaThread "Common-Cleaner" daemon [_thread_blocked, id=11024, stack(0x000000a629a00000,0x000000a629b00000)]
  0x0000024623b8bc20 JavaThread "Notification Thread" daemon [_thread_blocked, id=4624, stack(0x000000a629b00000,0x000000a629c00000)]
  0x00000246258250c0 JavaThread "Daemon health stats" [_thread_blocked, id=7532, stack(0x000000a629d00000,0x000000a629e00000)]
  0x0000024625bf7920 JavaThread "Incoming local TCP Connector on port 52825" [_thread_in_native, id=3584, stack(0x000000a62a100000,0x000000a62a200000)]
  0x000002462568e7d0 JavaThread "Daemon periodic checks" [_thread_blocked, id=1844, stack(0x000000a62a200000,0x000000a62a300000)]
  0x0000024623b52c20 JavaThread "Cache worker for journal cache (C:\Users\Mario\.gradle\caches\journal-1)" [_thread_blocked, id=17324, stack(0x000000a62aa00000,0x000000a62ab00000)]
  0x0000024623b535c0 JavaThread "File lock request listener" [_thread_in_native, id=1400, stack(0x000000a62ab00000,0x000000a62ac00000)]
  0x0000024623b53a90 JavaThread "Cache worker for file hash cache (C:\Users\Mario\.gradle\caches\7.4\fileHashes)" [_thread_blocked, id=10160, stack(0x000000a62ac00000,0x000000a62ad00000)]
  0x0000024624026e20 JavaThread "File watcher server" daemon [_thread_in_native, id=10572, stack(0x000000a62ad00000,0x000000a62ae00000)]
  0x0000024624026480 JavaThread "File watcher consumer" daemon [_thread_blocked, id=14448, stack(0x000000a62ae00000,0x000000a62af00000)]
  0x0000024624029970 JavaThread "Cache worker for execution history cache (C:\Users\Mario\.gradle\caches\7.4\executionHistory)" [_thread_blocked, id=16108, stack(0x000000a62b400000,0x000000a62b500000)]
  0x00000246240242d0 JavaThread "jar transforms" [_thread_blocked, id=7508, stack(0x000000a62b500000,0x000000a62b600000)]
  0x00000246240277c0 JavaThread "jar transforms Thread 2" [_thread_blocked, id=1896, stack(0x000000a62b600000,0x000000a62b700000)]
  0x000002462402a7e0 JavaThread "Cache worker for file content cache (C:\Users\Mario\.gradle\caches\7.4\fileContent)" [_thread_blocked, id=11756, stack(0x000000a62b700000,0x000000a62b800000)]
  0x0000024624028fd0 JavaThread "jar transforms Thread 3" [_thread_blocked, id=3120, stack(0x000000a62af00000,0x000000a62b000000)]
  0x0000024624025ae0 JavaThread "jar transforms Thread 4" [_thread_blocked, id=1936, stack(0x000000a62b800000,0x000000a62b900000)]
  0x00000246275ef0d0 JavaThread "Memory manager" [_thread_blocked, id=5136, stack(0x000000a62e600000,0x000000a62e700000)]
  0x000002462b518800 JavaThread "Cache worker for Java compile cache (C:\Users\Mario\.gradle\caches\7.4\javaCompile)" [_thread_blocked, id=13060, stack(0x000000a62ec00000,0x000000a62ed00000)]
  0x00000246275eb710 JavaThread "Daemon Thread 6" [_thread_blocked, id=1404, stack(0x000000a628800000,0x000000a628900000)]
  0x00000246275ee260 JavaThread "Daemon worker Thread 6" [_thread_blocked, id=16656, stack(0x000000a62a300000,0x000000a62a400000)]
  0x00000246283fed80 JavaThread "included builds" [_thread_blocked, id=11600, stack(0x000000a62e300000,0x000000a62e400000)]
  0x000002462b5157e0 JavaThread "Exec process Thread 22" [_thread_in_native, id=9096, stack(0x000000a62f100000,0x000000a62f200000)]
  0x000002462b484a60 JavaThread "Exec process Thread 23" [_thread_in_native, id=19172, stack(0x000000a62f300000,0x000000a62f400000)]
  0x000002462b4823e0 JavaThread "Exec process Thread 24" [_thread_blocked, id=18124, stack(0x000000a62f400000,0x000000a62f500000)]
  0x000002462b4828b0 JavaThread "Exec process Thread 25" [_thread_in_native, id=5416, stack(0x000000a62f500000,0x000000a62f600000)]
  0x000002462b484f30 JavaThread "Handler for socket connection from /127.0.0.1:52825 to /127.0.0.1:60641" [_thread_in_native, id=3300, stack(0x000000a628900000,0x000000a628a00000)]
  0x000002462b4840c0 JavaThread "Cancel handler" [_thread_blocked, id=9952, stack(0x000000a628a00000,0x000000a628b00000)]
  0x000002462b481a40 JavaThread "Asynchronous log dispatcher for DefaultDaemonConnection: socket connection from /127.0.0.1:52825 to /127.0.0.1:60641" [_thread_blocked, id=17368, stack(0x000000a62a400000,0x000000a62a500000)]
  0x000002462b481f10 JavaThread "Stdin handler" [_thread_blocked, id=16648, stack(0x000000a62a500000,0x000000a62a600000)]
  0x000002462b483250 JavaThread "Daemon client event forwarder" [_thread_blocked, id=14972, stack(0x000000a62a600000,0x000000a62a700000)]
  0x000002462b484590 JavaThread "Cache worker for checksums cache (C:\Users\Mario\Desktop\estudio programacion\Estudio test QA\Reto tecnico\RetoAutomatizacion\AutomatizacionSerenity\.gradle\7.4\checksums)" [_thread_blocked, id=17448, stack(0x000000a62a700000,0x000000a62a800000)]
  0x00000246241e1140 JavaThread "Cache worker for cache directory md-rule (C:\Users\Mario\.gradle\caches\7.4\md-rule)" [_thread_blocked, id=17460, stack(0x000000a62a800000,0x000000a62a900000)]
  0x00000246241e1fb0 JavaThread "Cache worker for file hash cache (C:\Users\Mario\Desktop\estudio programacion\Estudio test QA\Reto tecnico\RetoAutomatizacion\AutomatizacionSerenity\.gradle\7.4\fileHashes)" [_thread_blocked, id=5772, stack(0x000000a62a900000,0x000000a62aa00000)]
  0x00000246241e32f0 JavaThread "Cache worker for cache directory md-supplier (C:\Users\Mario\.gradle\caches\7.4\md-supplier)" [_thread_blocked, id=13572, stack(0x000000a62b000000,0x000000a62b100000)]
  0x00000246241dcde0 JavaThread "Cache worker for dependencies-accessors (C:\Users\Mario\Desktop\estudio programacion\Estudio test QA\Reto tecnico\RetoAutomatizacion\AutomatizacionSerenity\.gradle\7.4\dependencies-accessors)" [_thread_blocked, id=3608, stack(0x000000a62b300000,0x000000a62b400000)]
  0x00000246241e2e20 JavaThread "Cache worker for Build Output Cleanup Cache (C:\Users\Mario\Desktop\estudio programacion\Estudio test QA\Reto tecnico\RetoAutomatizacion\AutomatizacionSerenity\.gradle\buildOutputCleanup)" [_thread_blocked, id=15148, stack(0x000000a62ba00000,0x000000a62bb00000)]
  0x00000246241e02d0 JavaThread "Unconstrained build operations" [_thread_blocked, id=900, stack(0x000000a62bc00000,0x000000a62bd00000)]
  0x00000246241e1ae0 JavaThread "Unconstrained build operations Thread 2" [_thread_blocked, id=7264, stack(0x000000a62bd00000,0x000000a62be00000)]
  0x00000246241ddc50 JavaThread "Unconstrained build operations Thread 3" [_thread_blocked, id=1000, stack(0x000000a62be00000,0x000000a62bf00000)]
  0x00000246241e37c0 JavaThread "Unconstrained build operations Thread 4" [_thread_blocked, id=5088, stack(0x000000a62bf00000,0x000000a62c000000)]
  0x00000246241e2950 JavaThread "Unconstrained build operations Thread 5" [_thread_blocked, id=14556, stack(0x000000a62c000000,0x000000a62c100000)]
  0x00000246241e07a0 JavaThread "Unconstrained build operations Thread 6" [_thread_blocked, id=6520, stack(0x000000a62c100000,0x000000a62c200000)]
  0x00000246241dd780 JavaThread "Unconstrained build operations Thread 7" [_thread_blocked, id=14796, stack(0x000000a62c200000,0x000000a62c300000)]
  0x00000246241de120 JavaThread "Unconstrained build operations Thread 8" [_thread_blocked, id=19012, stack(0x000000a62c300000,0x000000a62c400000)]
  0x00000246241e0c70 JavaThread "Unconstrained build operations Thread 9" [_thread_blocked, id=5900, stack(0x000000a62c400000,0x000000a62c500000)]
  0x00000246241de5f0 JavaThread "Unconstrained build operations Thread 10" [_thread_blocked, id=15012, stack(0x000000a62c500000,0x000000a62c600000)]
  0x00000246241dd2b0 JavaThread "Unconstrained build operations Thread 11" [_thread_blocked, id=7448, stack(0x000000a62c600000,0x000000a62c700000)]
  0x00000246241deac0 JavaThread "Unconstrained build operations Thread 12" [_thread_blocked, id=14932, stack(0x000000a62c700000,0x000000a62c800000)]
  0x00000246241e3c90 JavaThread "Unconstrained build operations Thread 13" [_thread_blocked, id=11444, stack(0x000000a62c800000,0x000000a62c900000)]
  0x00000246241e2480 JavaThread "Unconstrained build operations Thread 14" [_thread_blocked, id=8720, stack(0x000000a62c900000,0x000000a62ca00000)]
  0x00000246241def90 JavaThread "Unconstrained build operations Thread 15" [_thread_blocked, id=3136, stack(0x000000a62ca00000,0x000000a62cb00000)]
  0x00000246241df460 JavaThread "Unconstrained build operations Thread 16" [_thread_blocked, id=6752, stack(0x000000a62cb00000,0x000000a62cc00000)]
  0x00000246241e1610 JavaThread "Unconstrained build operations Thread 17" [_thread_blocked, id=14988, stack(0x000000a62cc00000,0x000000a62cd00000)]
  0x00000246241dc440 JavaThread "Unconstrained build operations Thread 18" [_thread_blocked, id=16784, stack(0x000000a62cd00000,0x000000a62ce00000)]
  0x00000246241df930 JavaThread "Unconstrained build operations Thread 19" [_thread_blocked, id=13928, stack(0x000000a62ce00000,0x000000a62cf00000)]
  0x00000246241dfe00 JavaThread "Unconstrained build operations Thread 20" [_thread_blocked, id=8920, stack(0x000000a62cf00000,0x000000a62d000000)]
  0x0000024628401400 JavaThread "Unconstrained build operations Thread 21" [_thread_blocked, id=3340, stack(0x000000a62d000000,0x000000a62d100000)]
  0x00000246283ff250 JavaThread "Unconstrained build operations Thread 22" [_thread_blocked, id=10828, stack(0x000000a62d100000,0x000000a62d200000)]
  0x00000246284000c0 JavaThread "Unconstrained build operations Thread 23" [_thread_blocked, id=4672, stack(0x000000a62d200000,0x000000a62d300000)]
  0x00000246283fe3e0 JavaThread "Unconstrained build operations Thread 24" [_thread_blocked, id=7336, stack(0x000000a62d300000,0x000000a62d400000)]
  0x0000024628402c10 JavaThread "Unconstrained build operations Thread 25" [_thread_blocked, id=11808, stack(0x000000a62d400000,0x000000a62d500000)]
  0x00000246283fb3c0 JavaThread "Unconstrained build operations Thread 26" [_thread_blocked, id=2216, stack(0x000000a62d500000,0x000000a62d600000)]
  0x00000246283fe8b0 JavaThread "Unconstrained build operations Thread 27" [_thread_blocked, id=13220, stack(0x000000a62d600000,0x000000a62d700000)]
  0x00000246283fd570 JavaThread "Unconstrained build operations Thread 28" [_thread_blocked, id=18072, stack(0x000000a62d700000,0x000000a62d800000)]
  0x00000246283fb890 JavaThread "Unconstrained build operations Thread 29" [_thread_blocked, id=6972, stack(0x000000a62d800000,0x000000a62d900000)]
  0x00000246284018d0 JavaThread "Unconstrained build operations Thread 30" [_thread_blocked, id=14404, stack(0x000000a62d900000,0x000000a62da00000)]
  0x00000246283fda40 JavaThread "Unconstrained build operations Thread 31" [_thread_blocked, id=18856, stack(0x000000a62da00000,0x000000a62db00000)]
  0x00000246283ffbf0 JavaThread "Unconstrained build operations Thread 32" [_thread_blocked, id=4200, stack(0x000000a62db00000,0x000000a62dc00000)]
  0x00000246283fd0a0 JavaThread "Unconstrained build operations Thread 33" [_thread_blocked, id=32, stack(0x000000a62dc00000,0x000000a62dd00000)]
  0x0000024628400590 JavaThread "Unconstrained build operations Thread 34" [_thread_blocked, id=17208, stack(0x000000a62dd00000,0x000000a62de00000)]
  0x00000246283fdf10 JavaThread "Unconstrained build operations Thread 35" [_thread_blocked, id=15896, stack(0x000000a62de00000,0x000000a62df00000)]
  0x0000024628401da0 JavaThread "Unconstrained build operations Thread 36" [_thread_blocked, id=3888, stack(0x000000a62df00000,0x000000a62e000000)]
  0x0000024628402270 JavaThread "Unconstrained build operations Thread 37" [_thread_blocked, id=15568, stack(0x000000a62e000000,0x000000a62e100000)]
  0x0000024628402740 JavaThread "Unconstrained build operations Thread 38" [_thread_blocked, id=18844, stack(0x000000a62e100000,0x000000a62e200000)]
  0x00000246283ff720 JavaThread "Unconstrained build operations Thread 39" [_thread_blocked, id=4988, stack(0x000000a62e200000,0x000000a62e300000)]
  0x00000246283fc230 JavaThread "Unconstrained build operations Thread 40" [_thread_blocked, id=2248, stack(0x000000a62e400000,0x000000a62e500000)]
  0x00000246283fc700 JavaThread "included builds" [_thread_blocked, id=2452, stack(0x000000a62e500000,0x000000a62e600000)]
  0x00000246275f1750 JavaThread "Execution worker for ':'" [_thread_blocked, id=16276, stack(0x000000a62e700000,0x000000a62e800000)]
  0x00000246275edd90 JavaThread "Execution worker for ':' Thread 2" [_thread_blocked, id=5320, stack(0x000000a62e800000,0x000000a62e900000)]
  0x00000246275f1c20 JavaThread "Execution worker for ':' Thread 3" [_thread_blocked, id=5824, stack(0x000000a62e900000,0x000000a62ea00000)]
  0x00000246275ead70 JavaThread "Cache worker for execution history cache (C:\Users\Mario\Desktop\estudio programacion\Estudio test QA\Reto tecnico\RetoAutomatizacion\AutomatizacionSerenity\.gradle\7.4\executionHistory)" [_thread_blocked, id=12680, stack(0x000000a62ea00000,0x000000a62eb00000)]
  0x00000246275ea8a0 JavaThread "Dispatch org.gradle.api.internal.tasks.testing.results.AttachParentTestResultProcessor@13c29b52" [_thread_blocked, id=19192, stack(0x000000a62b100000,0x000000a62b200000)]
  0x00000246275ea3d0 JavaThread "Dispatch org.gradle.api.internal.tasks.testing.processors.RestartEveryNTestClassProcessor@6e2bc4a6" [_thread_blocked, id=18068, stack(0x000000a62eb00000,0x000000a62ec00000)]
  0x00000246275eb240 JavaThread "Incoming local TCP Connector on port 60646" [_thread_blocked, id=17548, stack(0x000000a62ed00000,0x000000a62ee00000)]
  0x00000246275ebbe0 JavaThread "/127.0.0.1:60646 to /127.0.0.1:60649 workers" [_thread_blocked, id=17564, stack(0x000000a62ee00000,0x000000a62ef00000)]
  0x00000246275ec580 JavaThread "/127.0.0.1:60646 to /127.0.0.1:60649 workers Thread 2" [_thread_blocked, id=13000, stack(0x000000a62ef00000,0x000000a62f000000)]
  0x000002462b517990 JavaThread "/127.0.0.1:60646 to /127.0.0.1:60649 workers Thread 3" [_thread_blocked, id=13048, stack(0x000000a62f000000,0x000000a62f100000)]
  0x000002462b516650 JavaThread "/127.0.0.1:60646 to /127.0.0.1:60649 workers Thread 4" [_thread_in_native, id=17712, stack(0x000000a62f200000,0x000000a62f300000)]

Other Threads:
  0x0000024623110f20 VMThread "VM Thread" [stack: 0x000000a629100000,0x000000a629200000] [id=15004]
  0x0000024623b945a0 WatcherThread [stack: 0x000000a629c00000,0x000000a629d00000] [id=17636]
  0x0000024608749cf0 GCTaskThread "GC Thread#0" [stack: 0x000000a628c00000,0x000000a628d00000] [id=16848]
  0x0000024623f38ff0 GCTaskThread "GC Thread#1" [stack: 0x000000a629e00000,0x000000a629f00000] [id=18272]
  0x0000024623f3a310 GCTaskThread "GC Thread#2" [stack: 0x000000a629f00000,0x000000a62a000000] [id=12524]
  0x0000024623f39650 GCTaskThread "GC Thread#3" [stack: 0x000000a62a000000,0x000000a62a100000] [id=14288]
  0x000002460874fc20 ConcurrentGCThread "G1 Main Marker" [stack: 0x000000a628d00000,0x000000a628e00000] [id=6984]
  0x0000024608751470 ConcurrentGCThread "G1 Conc#0" [stack: 0x000000a628e00000,0x000000a628f00000] [id=2492]
  0x00000246087fd170 ConcurrentGCThread "G1 Refine#0" [stack: 0x000000a628f00000,0x000000a629000000] [id=11620]
  0x0000024625b3cd00 ConcurrentGCThread "G1 Refine#1" [stack: 0x000000a62b900000,0x000000a62ba00000] [id=15468]
  0x0000024625b3dde0 ConcurrentGCThread "G1 Refine#2" [stack: 0x000000a62bb00000,0x000000a62bc00000] [id=7072]
  0x00000246295046d0 ConcurrentGCThread "G1 Refine#3" [stack: 0x000000a62b200000,0x000000a62b300000] [id=4992]
  0x00000246087fd9c0 ConcurrentGCThread "G1 Young RemSet Sampling" [stack: 0x000000a629000000,0x000000a629100000] [id=13480]

Threads with active compile tasks:
C2 CompilerThread0  3558659 15399       4       org.codehaus.groovy.reflection.ParameterTypes::getParameterTypes (16 bytes)

VM state: not at safepoint (normal execution)

VM Mutex/Monitor currently owned by a thread: None

Heap address: 0x00000000e0000000, size: 512 MB, Compressed Oops mode: 32-bit
CDS archive(s) mapped at: [0x0000000800000000-0x0000000800b50000-0x0000000800b50000), size 11862016, SharedBaseAddress: 0x0000000800000000, ArchiveRelocationMode: 0.
Compressed class space mapped at: 0x0000000800b50000-0x0000000810350000, size: 260046848
Narrow klass base: 0x0000000800000000, Narrow klass shift: 3, Narrow klass range: 0x100000000

GC Precious Log:
 CPUs: 4 total, 4 available
 Memory: 15318M
 Large Page Support: Disabled
 NUMA Support: Disabled
 Compressed Oops: Enabled (32-bit)
 Heap Region Size: 1M
 Heap Min Capacity: 256M
 Heap Initial Capacity: 256M
 Heap Max Capacity: 512M
 Pre-touch: Disabled
 Parallel Workers: 4
 Concurrent Workers: 1
 Concurrent Refinement Workers: 4
 Periodic GC: Disabled

Heap:
 garbage-first heap   total 262144K, used 135911K [0x00000000e0000000, 0x0000000100000000)
  region size 1024K, 48 young (49152K), 1 survivors (1024K)
 Metaspace       used 70599K, capacity 71994K, committed 72348K, reserved 317440K
  class space    used 8966K, capacity 9403K, committed 9548K, reserved 253952K

Heap Regions: E=young(eden), S=young(survivor), O=old, HS=humongous(starts), HC=humongous(continues), CS=collection set, F=free, OA=open archive, CA=closed archive, TAMS=top-at-mark-start (previous, next)
|   0|0x00000000e0000000, 0x00000000e0100000, 0x00000000e0100000|100%|HS|  |TAMS 0x00000000e0100000, 0x00000000e0000000| Complete 
|   1|0x00000000e0100000, 0x00000000e0200000, 0x00000000e0200000|100%|HC|  |TAMS 0x00000000e0200000, 0x00000000e0100000| Complete 
|   2|0x00000000e0200000, 0x00000000e0300000, 0x00000000e0300000|100%|HC|  |TAMS 0x00000000e0300000, 0x00000000e0200000| Complete 
|   3|0x00000000e0300000, 0x00000000e0400000, 0x00000000e0400000|100%| O|  |TAMS 0x00000000e0400000, 0x00000000e0300000| Untracked 
|   4|0x00000000e0400000, 0x00000000e0500000, 0x00000000e0500000|100%| O|  |TAMS 0x00000000e0500000, 0x00000000e0400000| Untracked 
|   5|0x00000000e0500000, 0x00000000e0600000, 0x00000000e0600000|100%| O|  |TAMS 0x00000000e0600000, 0x00000000e0500000| Untracked 
|   6|0x00000000e0600000, 0x00000000e0700000, 0x00000000e0700000|100%| O|  |TAMS 0x00000000e0700000, 0x00000000e0600000| Untracked 
|   7|0x00000000e0700000, 0x00000000e0800000, 0x00000000e0800000|100%| O|  |TAMS 0x00000000e0800000, 0x00000000e0700000| Untracked 
|   8|0x00000000e0800000, 0x00000000e0900000, 0x00000000e0900000|100%| O|  |TAMS 0x00000000e0900000, 0x00000000e0800000| Untracked 
|   9|0x00000000e0900000, 0x00000000e0a00000, 0x00000000e0a00000|100%| O|  |TAMS 0x00000000e0a00000, 0x00000000e0900000| Untracked 
|  10|0x00000000e0a00000, 0x00000000e0b00000, 0x00000000e0b00000|100%|HS|  |TAMS 0x00000000e0b00000, 0x00000000e0a00000| Complete 
|  11|0x00000000e0b00000, 0x00000000e0c00000, 0x00000000e0c00000|100%|HC|  |TAMS 0x00000000e0c00000, 0x00000000e0b00000| Complete 
|  12|0x00000000e0c00000, 0x00000000e0c00000, 0x00000000e0d00000|  0%| F|  |TAMS 0x00000000e0c00000, 0x00000000e0c00000| Untracked 
|  13|0x00000000e0d00000, 0x00000000e0e00000, 0x00000000e0e00000|100%| O|  |TAMS 0x00000000e0e00000, 0x00000000e0d00000| Untracked 
|  14|0x00000000e0e00000, 0x00000000e0f00000, 0x00000000e0f00000|100%| O|  |TAMS 0x00000000e0f00000, 0x00000000e0e00000| Untracked 
|  15|0x00000000e0f00000, 0x00000000e1000000, 0x00000000e1000000|100%| O|  |TAMS 0x00000000e1000000, 0x00000000e0f00000| Untracked 
|  16|0x00000000e1000000, 0x00000000e1100000, 0x00000000e1100000|100%| O|  |TAMS 0x00000000e1100000, 0x00000000e1000000| Untracked 
|  17|0x00000000e1100000, 0x00000000e1200000, 0x00000000e1200000|100%| O|  |TAMS 0x00000000e1200000, 0x00000000e1100000| Untracked 
|  18|0x00000000e1200000, 0x00000000e1300000, 0x00000000e1300000|100%| O|  |TAMS 0x00000000e1300000, 0x00000000e1200000| Untracked 
|  19|0x00000000e1300000, 0x00000000e1400000, 0x00000000e1400000|100%| O|  |TAMS 0x00000000e1400000, 0x00000000e1300000| Untracked 
|  20|0x00000000e1400000, 0x00000000e1500000, 0x00000000e1500000|100%| O|  |TAMS 0x00000000e1500000, 0x00000000e1400000| Untracked 
|  21|0x00000000e1500000, 0x00000000e1600000, 0x00000000e1600000|100%| O|  |TAMS 0x00000000e1600000, 0x00000000e1500000| Untracked 
|  22|0x00000000e1600000, 0x00000000e1700000, 0x00000000e1700000|100%| O|  |TAMS 0x00000000e1700000, 0x00000000e1600000| Untracked 
|  23|0x00000000e1700000, 0x00000000e1800000, 0x00000000e1800000|100%| O|  |TAMS 0x00000000e1800000, 0x00000000e1700000| Untracked 
|  24|0x00000000e1800000, 0x00000000e1900000, 0x00000000e1900000|100%| O|  |TAMS 0x00000000e1900000, 0x00000000e1800000| Untracked 
|  25|0x00000000e1900000, 0x00000000e1a00000, 0x00000000e1a00000|100%| O|  |TAMS 0x00000000e1a00000, 0x00000000e1900000| Untracked 
|  26|0x00000000e1a00000, 0x00000000e1b00000, 0x00000000e1b00000|100%| O|  |TAMS 0x00000000e1b00000, 0x00000000e1a00000| Untracked 
|  27|0x00000000e1b00000, 0x00000000e1c00000, 0x00000000e1c00000|100%| O|  |TAMS 0x00000000e1c00000, 0x00000000e1b00000| Untracked 
|  28|0x00000000e1c00000, 0x00000000e1c00000, 0x00000000e1d00000|  0%| F|  |TAMS 0x00000000e1c00000, 0x00000000e1c00000| Untracked 
|  29|0x00000000e1d00000, 0x00000000e1e00000, 0x00000000e1e00000|100%| O|  |TAMS 0x00000000e1d00000, 0x00000000e1d00000| Untracked 
|  30|0x00000000e1e00000, 0x00000000e1e00000, 0x00000000e1f00000|  0%| F|  |TAMS 0x00000000e1e00000, 0x00000000e1e00000| Untracked 
|  31|0x00000000e1f00000, 0x00000000e2000000, 0x00000000e2000000|100%| O|  |TAMS 0x00000000e2000000, 0x00000000e1f00000| Untracked 
|  32|0x00000000e2000000, 0x00000000e2100000, 0x00000000e2100000|100%| O|  |TAMS 0x00000000e2100000, 0x00000000e2000000| Untracked 
|  33|0x00000000e2100000, 0x00000000e2200000, 0x00000000e2200000|100%| O|  |TAMS 0x00000000e2200000, 0x00000000e2100000| Untracked 
|  34|0x00000000e2200000, 0x00000000e2300000, 0x00000000e2300000|100%| O|  |TAMS 0x00000000e2300000, 0x00000000e2200000| Untracked 
|  35|0x00000000e2300000, 0x00000000e2400000, 0x00000000e2400000|100%| O|  |TAMS 0x00000000e2400000, 0x00000000e2300000| Untracked 
|  36|0x00000000e2400000, 0x00000000e2500000, 0x00000000e2500000|100%| O|  |TAMS 0x00000000e2500000, 0x00000000e2400000| Untracked 
|  37|0x00000000e2500000, 0x00000000e2600000, 0x00000000e2600000|100%| O|  |TAMS 0x00000000e2600000, 0x00000000e2500000| Untracked 
|  38|0x00000000e2600000, 0x00000000e2700000, 0x00000000e2700000|100%|HS|  |TAMS 0x00000000e2600000, 0x00000000e2600000| Complete 
|  39|0x00000000e2700000, 0x00000000e2800000, 0x00000000e2800000|100%|HC|  |TAMS 0x00000000e2700000, 0x00000000e2700000| Complete 
|  40|0x00000000e2800000, 0x00000000e2800000, 0x00000000e2900000|  0%| F|  |TAMS 0x00000000e2800000, 0x00000000e2800000| Untracked 
|  41|0x00000000e2900000, 0x00000000e2900000, 0x00000000e2a00000|  0%| F|  |TAMS 0x00000000e2900000, 0x00000000e2900000| Untracked 
|  42|0x00000000e2a00000, 0x00000000e2a00000, 0x00000000e2b00000|  0%| F|  |TAMS 0x00000000e2a00000, 0x00000000e2a00000| Untracked 
|  43|0x00000000e2b00000, 0x00000000e2c00000, 0x00000000e2c00000|100%| O|  |TAMS 0x00000000e2c00000, 0x00000000e2b00000| Untracked 
|  44|0x00000000e2c00000, 0x00000000e2d00000, 0x00000000e2d00000|100%| O|  |TAMS 0x00000000e2d00000, 0x00000000e2c00000| Untracked 
|  45|0x00000000e2d00000, 0x00000000e2e00000, 0x00000000e2e00000|100%| O|  |TAMS 0x00000000e2e00000, 0x00000000e2d00000| Untracked 
|  46|0x00000000e2e00000, 0x00000000e2e00000, 0x00000000e2f00000|  0%| F|  |TAMS 0x00000000e2e00000, 0x00000000e2e00000| Untracked 
|  47|0x00000000e2f00000, 0x00000000e2f00000, 0x00000000e3000000|  0%| F|  |TAMS 0x00000000e2f00000, 0x00000000e2f00000| Untracked 
|  48|0x00000000e3000000, 0x00000000e3100000, 0x00000000e3100000|100%| O|  |TAMS 0x00000000e3100000, 0x00000000e3000000| Untracked 
|  49|0x00000000e3100000, 0x00000000e3200000, 0x00000000e3200000|100%| O|  |TAMS 0x00000000e3200000, 0x00000000e3100000| Untracked 
|  50|0x00000000e3200000, 0x00000000e3300000, 0x00000000e3300000|100%| O|  |TAMS 0x00000000e3300000, 0x00000000e3200000| Untracked 
|  51|0x00000000e3300000, 0x00000000e3300000, 0x00000000e3400000|  0%| F|  |TAMS 0x00000000e3300000, 0x00000000e3300000| Untracked 
|  52|0x00000000e3400000, 0x00000000e3500000, 0x00000000e3500000|100%| O|  |TAMS 0x00000000e3500000, 0x00000000e3400000| Untracked 
|  53|0x00000000e3500000, 0x00000000e3600000, 0x00000000e3600000|100%| O|  |TAMS 0x00000000e3600000, 0x00000000e3500000| Untracked 
|  54|0x00000000e3600000, 0x00000000e3600000, 0x00000000e3700000|  0%| F|  |TAMS 0x00000000e3600000, 0x00000000e3600000| Untracked 
|  55|0x00000000e3700000, 0x00000000e3800000, 0x00000000e3800000|100%| O|  |TAMS 0x00000000e3800000, 0x00000000e3700000| Untracked 
|  56|0x00000000e3800000, 0x00000000e3800000, 0x00000000e3900000|  0%| F|  |TAMS 0x00000000e3800000, 0x00000000e3800000| Untracked 
|  57|0x00000000e3900000, 0x00000000e3a00000, 0x00000000e3a00000|100%| O|  |TAMS 0x00000000e3900000, 0x00000000e3900000| Untracked 
|  58|0x00000000e3a00000, 0x00000000e3b00000, 0x00000000e3b00000|100%| O|  |TAMS 0x00000000e3a00000, 0x00000000e3a00000| Untracked 
|  59|0x00000000e3b00000, 0x00000000e3c00000, 0x00000000e3c00000|100%| O|  |TAMS 0x00000000e3c00000, 0x00000000e3b00000| Untracked 
|  60|0x00000000e3c00000, 0x00000000e3d00000, 0x00000000e3d00000|100%| O|  |TAMS 0x00000000e3d00000, 0x00000000e3c00000| Untracked 
|  61|0x00000000e3d00000, 0x00000000e3e00000, 0x00000000e3e00000|100%| O|  |TAMS 0x00000000e3e00000, 0x00000000e3d00000| Untracked 
|  62|0x00000000e3e00000, 0x00000000e3f00000, 0x00000000e3f00000|100%| O|  |TAMS 0x00000000e3f00000, 0x00000000e3e00000| Untracked 
|  63|0x00000000e3f00000, 0x00000000e4000000, 0x00000000e4000000|100%| O|  |TAMS 0x00000000e4000000, 0x00000000e3f00000| Untracked 
|  64|0x00000000e4000000, 0x00000000e4100000, 0x00000000e4100000|100%| O|  |TAMS 0x00000000e4100000, 0x00000000e4000000| Untracked 
|  65|0x00000000e4100000, 0x00000000e4100000, 0x00000000e4200000|  0%| F|  |TAMS 0x00000000e4100000, 0x00000000e4100000| Untracked 
|  66|0x00000000e4200000, 0x00000000e4300000, 0x00000000e4300000|100%| O|  |TAMS 0x00000000e4300000, 0x00000000e4200000| Untracked 
|  67|0x00000000e4300000, 0x00000000e4400000, 0x00000000e4400000|100%| O|  |TAMS 0x00000000e4300000, 0x00000000e4300000| Untracked 
|  68|0x00000000e4400000, 0x00000000e4500000, 0x00000000e4500000|100%| O|  |TAMS 0x00000000e4400000, 0x00000000e4400000| Untracked 
|  69|0x00000000e4500000, 0x00000000e4600000, 0x00000000e4600000|100%| O|  |TAMS 0x00000000e4500000, 0x00000000e4500000| Untracked 
|  70|0x00000000e4600000, 0x00000000e4700000, 0x00000000e4700000|100%| O|  |TAMS 0x00000000e4600000, 0x00000000e4600000| Untracked 
|  71|0x00000000e4700000, 0x00000000e4800000, 0x00000000e4800000|100%| O|  |TAMS 0x00000000e4700000, 0x00000000e4700000| Untracked 
|  72|0x00000000e4800000, 0x00000000e4900000, 0x00000000e4900000|100%| O|  |TAMS 0x00000000e4900000, 0x00000000e4800000| Untracked 
|  73|0x00000000e4900000, 0x00000000e4a00000, 0x00000000e4a00000|100%| O|  |TAMS 0x00000000e4a00000, 0x00000000e4900000| Untracked 
|  74|0x00000000e4a00000, 0x00000000e4a00000, 0x00000000e4b00000|  0%| F|  |TAMS 0x00000000e4a00000, 0x00000000e4a00000| Untracked 
|  75|0x00000000e4b00000, 0x00000000e4c00000, 0x00000000e4c00000|100%| O|  |TAMS 0x00000000e4b00000, 0x00000000e4b00000| Untracked 
|  76|0x00000000e4c00000, 0x00000000e4c00000, 0x00000000e4d00000|  0%| F|  |TAMS 0x00000000e4c00000, 0x00000000e4c00000| Untracked 
|  77|0x00000000e4d00000, 0x00000000e4d00000, 0x00000000e4e00000|  0%| F|  |TAMS 0x00000000e4d00000, 0x00000000e4d00000| Untracked 
|  78|0x00000000e4e00000, 0x00000000e4f00000, 0x00000000e4f00000|100%| O|  |TAMS 0x00000000e4e00000, 0x00000000e4e00000| Untracked 
|  79|0x00000000e4f00000, 0x00000000e4f00000, 0x00000000e5000000|  0%| F|  |TAMS 0x00000000e4f00000, 0x00000000e4f00000| Untracked 
|  80|0x00000000e5000000, 0x00000000e5100000, 0x00000000e5100000|100%| O|  |TAMS 0x00000000e5000000, 0x00000000e5000000| Untracked 
|  81|0x00000000e5100000, 0x00000000e5100000, 0x00000000e5200000|  0%| F|  |TAMS 0x00000000e5100000, 0x00000000e5100000| Untracked 
|  82|0x00000000e5200000, 0x00000000e5200000, 0x00000000e5300000|  0%| F|  |TAMS 0x00000000e5200000, 0x00000000e5200000| Untracked 
|  83|0x00000000e5300000, 0x00000000e5400000, 0x00000000e5400000|100%| O|  |TAMS 0x00000000e5300000, 0x00000000e5300000| Untracked 
|  84|0x00000000e5400000, 0x00000000e5500000, 0x00000000e5500000|100%| O|  |TAMS 0x00000000e5400000, 0x00000000e5400000| Untracked 
|  85|0x00000000e5500000, 0x00000000e5600000, 0x00000000e5600000|100%| O|  |TAMS 0x00000000e5500000, 0x00000000e5500000| Untracked 
|  86|0x00000000e5600000, 0x00000000e5700000, 0x00000000e5700000|100%| O|  |TAMS 0x00000000e5600000, 0x00000000e5600000| Untracked 
|  87|0x00000000e5700000, 0x00000000e57b9c00, 0x00000000e5800000| 72%| O|  |TAMS 0x00000000e5700000, 0x00000000e5700000| Untracked 
|  88|0x00000000e5800000, 0x00000000e5800000, 0x00000000e5900000|  0%| F|  |TAMS 0x00000000e5800000, 0x00000000e5800000| Untracked 
|  89|0x00000000e5900000, 0x00000000e5900000, 0x00000000e5a00000|  0%| F|  |TAMS 0x00000000e5900000, 0x00000000e5900000| Untracked 
|  90|0x00000000e5a00000, 0x00000000e5a00000, 0x00000000e5b00000|  0%| F|  |TAMS 0x00000000e5a00000, 0x00000000e5a00000| Untracked 
|  91|0x00000000e5b00000, 0x00000000e5b00000, 0x00000000e5c00000|  0%| F|  |TAMS 0x00000000e5b00000, 0x00000000e5b00000| Untracked 
|  92|0x00000000e5c00000, 0x00000000e5d00000, 0x00000000e5d00000|100%| O|  |TAMS 0x00000000e5c00000, 0x00000000e5c00000| Untracked 
|  93|0x00000000e5d00000, 0x00000000e5e00000, 0x00000000e5e00000|100%| O|  |TAMS 0x00000000e5d00000, 0x00000000e5d00000| Untracked 
|  94|0x00000000e5e00000, 0x00000000e5e00000, 0x00000000e5f00000|  0%| F|  |TAMS 0x00000000e5e00000, 0x00000000e5e00000| Untracked 
|  95|0x00000000e5f00000, 0x00000000e5f00000, 0x00000000e6000000|  0%| F|  |TAMS 0x00000000e5f00000, 0x00000000e5f00000| Untracked 
|  96|0x00000000e6000000, 0x00000000e6000000, 0x00000000e6100000|  0%| F|  |TAMS 0x00000000e6000000, 0x00000000e6000000| Untracked 
|  97|0x00000000e6100000, 0x00000000e6100000, 0x00000000e6200000|  0%| F|  |TAMS 0x00000000e6100000, 0x00000000e6100000| Untracked 
|  98|0x00000000e6200000, 0x00000000e6200000, 0x00000000e6300000|  0%| F|  |TAMS 0x00000000e6200000, 0x00000000e6200000| Untracked 
|  99|0x00000000e6300000, 0x00000000e6300000, 0x00000000e6400000|  0%| F|  |TAMS 0x00000000e6300000, 0x00000000e6300000| Untracked 
| 100|0x00000000e6400000, 0x00000000e6400000, 0x00000000e6500000|  0%| F|  |TAMS 0x00000000e6400000, 0x00000000e6400000| Untracked 
| 101|0x00000000e6500000, 0x00000000e6500000, 0x00000000e6600000|  0%| F|  |TAMS 0x00000000e6500000, 0x00000000e6500000| Untracked 
| 102|0x00000000e6600000, 0x00000000e6600000, 0x00000000e6700000|  0%| F|  |TAMS 0x00000000e6600000, 0x00000000e6600000| Untracked 
| 103|0x00000000e6700000, 0x00000000e6700000, 0x00000000e6800000|  0%| F|  |TAMS 0x00000000e6700000, 0x00000000e6700000| Untracked 
| 104|0x00000000e6800000, 0x00000000e6800000, 0x00000000e6900000|  0%| F|  |TAMS 0x00000000e6800000, 0x00000000e6800000| Untracked 
| 105|0x00000000e6900000, 0x00000000e6900000, 0x00000000e6a00000|  0%| F|  |TAMS 0x00000000e6900000, 0x00000000e6900000| Untracked 
| 106|0x00000000e6a00000, 0x00000000e6a00000, 0x00000000e6b00000|  0%| F|  |TAMS 0x00000000e6a00000, 0x00000000e6a00000| Untracked 
| 107|0x00000000e6b00000, 0x00000000e6c00000, 0x00000000e6c00000|100%| O|  |TAMS 0x00000000e6c00000, 0x00000000e6b00000| Untracked 
| 108|0x00000000e6c00000, 0x00000000e6c00000, 0x00000000e6d00000|  0%| F|  |TAMS 0x00000000e6c00000, 0x00000000e6c00000| Untracked 
| 109|0x00000000e6d00000, 0x00000000e6d00000, 0x00000000e6e00000|  0%| F|  |TAMS 0x00000000e6d00000, 0x00000000e6d00000| Untracked 
| 110|0x00000000e6e00000, 0x00000000e6e00000, 0x00000000e6f00000|  0%| F|  |TAMS 0x00000000e6e00000, 0x00000000e6e00000| Untracked 
| 111|0x00000000e6f00000, 0x00000000e6f00000, 0x00000000e7000000|  0%| F|  |TAMS 0x00000000e6f00000, 0x00000000e6f00000| Untracked 
| 112|0x00000000e7000000, 0x00000000e7100000, 0x00000000e7100000|100%| O|  |TAMS 0x00000000e7100000, 0x00000000e7000000| Untracked 
| 113|0x00000000e7100000, 0x00000000e7200000, 0x00000000e7200000|100%| O|  |TAMS 0x00000000e7200000, 0x00000000e7100000| Untracked 
| 114|0x00000000e7200000, 0x00000000e7300000, 0x00000000e7300000|100%| O|  |TAMS 0x00000000e7300000, 0x00000000e7200000| Untracked 
| 115|0x00000000e7300000, 0x00000000e7400000, 0x00000000e7400000|100%| O|  |TAMS 0x00000000e7400000, 0x00000000e7300000| Untracked 
| 116|0x00000000e7400000, 0x00000000e7400000, 0x00000000e7500000|  0%| F|  |TAMS 0x00000000e7400000, 0x00000000e7400000| Untracked 
| 117|0x00000000e7500000, 0x00000000e7600000, 0x00000000e7600000|100%| O|  |TAMS 0x00000000e7522800, 0x00000000e7500000| Untracked 
| 118|0x00000000e7600000, 0x00000000e7700000, 0x00000000e7700000|100%| O|  |TAMS 0x00000000e7600000, 0x00000000e7600000| Untracked 
| 119|0x00000000e7700000, 0x00000000e7800000, 0x00000000e7800000|100%| O|  |TAMS 0x00000000e7700000, 0x00000000e7700000| Untracked 
| 120|0x00000000e7800000, 0x00000000e7900000, 0x00000000e7900000|100%| O|  |TAMS 0x00000000e7800000, 0x00000000e7800000| Untracked 
| 121|0x00000000e7900000, 0x00000000e7a00000, 0x00000000e7a00000|100%| O|  |TAMS 0x00000000e7900000, 0x00000000e7900000| Untracked 
| 122|0x00000000e7a00000, 0x00000000e7b00000, 0x00000000e7b00000|100%| O|  |TAMS 0x00000000e7a00000, 0x00000000e7a00000| Untracked 
| 123|0x00000000e7b00000, 0x00000000e7c00000, 0x00000000e7c00000|100%| O|  |TAMS 0x00000000e7b00000, 0x00000000e7b00000| Untracked 
| 124|0x00000000e7c00000, 0x00000000e7d00000, 0x00000000e7d00000|100%| O|  |TAMS 0x00000000e7c00000, 0x00000000e7c00000| Untracked 
| 125|0x00000000e7d00000, 0x00000000e7e00000, 0x00000000e7e00000|100%| O|  |TAMS 0x00000000e7d00000, 0x00000000e7d00000| Untracked 
| 126|0x00000000e7e00000, 0x00000000e7f00000, 0x00000000e7f00000|100%| O|  |TAMS 0x00000000e7e00000, 0x00000000e7e00000| Untracked 
| 127|0x00000000e7f00000, 0x00000000e7f00000, 0x00000000e8000000|  0%| F|  |TAMS 0x00000000e7f00000, 0x00000000e7f00000| Untracked 
| 128|0x00000000e8000000, 0x00000000e8000000, 0x00000000e8100000|  0%| F|  |TAMS 0x00000000e8000000, 0x00000000e8000000| Untracked 
| 129|0x00000000e8100000, 0x00000000e8100000, 0x00000000e8200000|  0%| F|  |TAMS 0x00000000e8100000, 0x00000000e8100000| Untracked 
| 130|0x00000000e8200000, 0x00000000e8200000, 0x00000000e8300000|  0%| F|  |TAMS 0x00000000e8200000, 0x00000000e8200000| Untracked 
| 131|0x00000000e8300000, 0x00000000e8300000, 0x00000000e8400000|  0%| F|  |TAMS 0x00000000e8300000, 0x00000000e8300000| Untracked 
| 132|0x00000000e8400000, 0x00000000e8400000, 0x00000000e8500000|  0%| F|  |TAMS 0x00000000e8400000, 0x00000000e8400000| Untracked 
| 133|0x00000000e8500000, 0x00000000e8500000, 0x00000000e8600000|  0%| F|  |TAMS 0x00000000e8500000, 0x00000000e8500000| Untracked 
| 134|0x00000000e8600000, 0x00000000e8600000, 0x00000000e8700000|  0%| F|  |TAMS 0x00000000e8600000, 0x00000000e8600000| Untracked 
| 135|0x00000000e8700000, 0x00000000e8700000, 0x00000000e8800000|  0%| F|  |TAMS 0x00000000e8700000, 0x00000000e8700000| Untracked 
| 136|0x00000000e8800000, 0x00000000e8800000, 0x00000000e8900000|  0%| F|  |TAMS 0x00000000e8800000, 0x00000000e8800000| Untracked 
| 137|0x00000000e8900000, 0x00000000e8900000, 0x00000000e8a00000|  0%| F|  |TAMS 0x00000000e8900000, 0x00000000e8900000| Untracked 
| 138|0x00000000e8a00000, 0x00000000e8a00000, 0x00000000e8b00000|  0%| F|  |TAMS 0x00000000e8a00000, 0x00000000e8a00000| Untracked 
| 139|0x00000000e8b00000, 0x00000000e8b00000, 0x00000000e8c00000|  0%| F|  |TAMS 0x00000000e8b00000, 0x00000000e8b00000| Untracked 
| 140|0x00000000e8c00000, 0x00000000e8c00000, 0x00000000e8d00000|  0%| F|  |TAMS 0x00000000e8c00000, 0x00000000e8c00000| Untracked 
| 141|0x00000000e8d00000, 0x00000000e8d00000, 0x00000000e8e00000|  0%| F|  |TAMS 0x00000000e8d00000, 0x00000000e8d00000| Untracked 
| 142|0x00000000e8e00000, 0x00000000e8e00000, 0x00000000e8f00000|  0%| F|  |TAMS 0x00000000e8e00000, 0x00000000e8e00000| Untracked 
| 143|0x00000000e8f00000, 0x00000000e8f00000, 0x00000000e9000000|  0%| F|  |TAMS 0x00000000e8f00000, 0x00000000e8f00000| Untracked 
| 144|0x00000000e9000000, 0x00000000e9000000, 0x00000000e9100000|  0%| F|  |TAMS 0x00000000e9000000, 0x00000000e9000000| Untracked 
| 145|0x00000000e9100000, 0x00000000e9100000, 0x00000000e9200000|  0%| F|  |TAMS 0x00000000e9100000, 0x00000000e9100000| Untracked 
| 146|0x00000000e9200000, 0x00000000e9200000, 0x00000000e9300000|  0%| F|  |TAMS 0x00000000e9200000, 0x00000000e9200000| Untracked 
| 147|0x00000000e9300000, 0x00000000e9300000, 0x00000000e9400000|  0%| F|  |TAMS 0x00000000e9300000, 0x00000000e9300000| Untracked 
| 148|0x00000000e9400000, 0x00000000e9400000, 0x00000000e9500000|  0%| F|  |TAMS 0x00000000e9400000, 0x00000000e9400000| Untracked 
| 149|0x00000000e9500000, 0x00000000e9500000, 0x00000000e9600000|  0%| F|  |TAMS 0x00000000e9500000, 0x00000000e9500000| Untracked 
| 150|0x00000000e9600000, 0x00000000e9600000, 0x00000000e9700000|  0%| F|  |TAMS 0x00000000e9600000, 0x00000000e9600000| Untracked 
| 151|0x00000000e9700000, 0x00000000e9700000, 0x00000000e9800000|  0%| F|  |TAMS 0x00000000e9700000, 0x00000000e9700000| Untracked 
| 152|0x00000000e9800000, 0x00000000e9800000, 0x00000000e9900000|  0%| F|  |TAMS 0x00000000e9800000, 0x00000000e9800000| Untracked 
| 153|0x00000000e9900000, 0x00000000e9900000, 0x00000000e9a00000|  0%| F|  |TAMS 0x00000000e9900000, 0x00000000e9900000| Untracked 
| 154|0x00000000e9a00000, 0x00000000e9a00000, 0x00000000e9b00000|  0%| F|  |TAMS 0x00000000e9a00000, 0x00000000e9a00000| Untracked 
| 155|0x00000000e9b00000, 0x00000000e9b00000, 0x00000000e9c00000|  0%| F|  |TAMS 0x00000000e9b00000, 0x00000000e9b00000| Untracked 
| 156|0x00000000e9c00000, 0x00000000e9c00000, 0x00000000e9d00000|  0%| F|  |TAMS 0x00000000e9c00000, 0x00000000e9c00000| Untracked 
| 157|0x00000000e9d00000, 0x00000000e9d00000, 0x00000000e9e00000|  0%| F|  |TAMS 0x00000000e9d00000, 0x00000000e9d00000| Untracked 
| 158|0x00000000e9e00000, 0x00000000e9e00000, 0x00000000e9f00000|  0%| F|  |TAMS 0x00000000e9e00000, 0x00000000e9e00000| Untracked 
| 159|0x00000000e9f00000, 0x00000000e9f00000, 0x00000000ea000000|  0%| F|  |TAMS 0x00000000e9f00000, 0x00000000e9f00000| Untracked 
| 160|0x00000000ea000000, 0x00000000ea000000, 0x00000000ea100000|  0%| F|  |TAMS 0x00000000ea000000, 0x00000000ea000000| Untracked 
| 161|0x00000000ea100000, 0x00000000ea100000, 0x00000000ea200000|  0%| F|  |TAMS 0x00000000ea100000, 0x00000000ea100000| Untracked 
| 162|0x00000000ea200000, 0x00000000ea200000, 0x00000000ea300000|  0%| F|  |TAMS 0x00000000ea200000, 0x00000000ea200000| Untracked 
| 163|0x00000000ea300000, 0x00000000ea300000, 0x00000000ea400000|  0%| F|  |TAMS 0x00000000ea300000, 0x00000000ea300000| Untracked 
| 164|0x00000000ea400000, 0x00000000ea400000, 0x00000000ea500000|  0%| F|  |TAMS 0x00000000ea400000, 0x00000000ea400000| Untracked 
| 165|0x00000000ea500000, 0x00000000ea500000, 0x00000000ea600000|  0%| F|  |TAMS 0x00000000ea500000, 0x00000000ea500000| Untracked 
| 166|0x00000000ea600000, 0x00000000ea600000, 0x00000000ea700000|  0%| F|  |TAMS 0x00000000ea600000, 0x00000000ea600000| Untracked 
| 167|0x00000000ea700000, 0x00000000ea700000, 0x00000000ea800000|  0%| F|  |TAMS 0x00000000ea700000, 0x00000000ea700000| Untracked 
| 168|0x00000000ea800000, 0x00000000ea800000, 0x00000000ea900000|  0%| F|  |TAMS 0x00000000ea800000, 0x00000000ea800000| Untracked 
| 169|0x00000000ea900000, 0x00000000ea900000, 0x00000000eaa00000|  0%| F|  |TAMS 0x00000000ea900000, 0x00000000ea900000| Untracked 
| 170|0x00000000eaa00000, 0x00000000eaa00000, 0x00000000eab00000|  0%| F|  |TAMS 0x00000000eaa00000, 0x00000000eaa00000| Untracked 
| 171|0x00000000eab00000, 0x00000000eab00000, 0x00000000eac00000|  0%| F|  |TAMS 0x00000000eab00000, 0x00000000eab00000| Untracked 
| 172|0x00000000eac00000, 0x00000000eac00000, 0x00000000ead00000|  0%| F|  |TAMS 0x00000000eac00000, 0x00000000eac00000| Untracked 
| 173|0x00000000ead00000, 0x00000000ead00000, 0x00000000eae00000|  0%| F|  |TAMS 0x00000000ead00000, 0x00000000ead00000| Untracked 
| 174|0x00000000eae00000, 0x00000000eae00000, 0x00000000eaf00000|  0%| F|  |TAMS 0x00000000eae00000, 0x00000000eae00000| Untracked 
| 175|0x00000000eaf00000, 0x00000000eaf00000, 0x00000000eb000000|  0%| F|  |TAMS 0x00000000eaf00000, 0x00000000eaf00000| Untracked 
| 176|0x00000000eb000000, 0x00000000eb000000, 0x00000000eb100000|  0%| F|  |TAMS 0x00000000eb000000, 0x00000000eb000000| Untracked 
| 177|0x00000000eb100000, 0x00000000eb100000, 0x00000000eb200000|  0%| F|  |TAMS 0x00000000eb100000, 0x00000000eb100000| Untracked 
| 178|0x00000000eb200000, 0x00000000eb200000, 0x00000000eb300000|  0%| F|  |TAMS 0x00000000eb200000, 0x00000000eb200000| Untracked 
| 179|0x00000000eb300000, 0x00000000eb300000, 0x00000000eb400000|  0%| F|  |TAMS 0x00000000eb300000, 0x00000000eb300000| Untracked 
| 180|0x00000000eb400000, 0x00000000eb400000, 0x00000000eb500000|  0%| F|  |TAMS 0x00000000eb400000, 0x00000000eb400000| Untracked 
| 181|0x00000000eb500000, 0x00000000eb500000, 0x00000000eb600000|  0%| F|  |TAMS 0x00000000eb500000, 0x00000000eb500000| Untracked 
| 182|0x00000000eb600000, 0x00000000eb600000, 0x00000000eb700000|  0%| F|  |TAMS 0x00000000eb600000, 0x00000000eb600000| Untracked 
| 183|0x00000000eb700000, 0x00000000eb700000, 0x00000000eb800000|  0%| F|  |TAMS 0x00000000eb700000, 0x00000000eb700000| Untracked 
| 184|0x00000000eb800000, 0x00000000eb800000, 0x00000000eb900000|  0%| F|  |TAMS 0x00000000eb800000, 0x00000000eb800000| Untracked 
| 185|0x00000000eb900000, 0x00000000eb900000, 0x00000000eba00000|  0%| F|  |TAMS 0x00000000eb900000, 0x00000000eb900000| Untracked 
| 186|0x00000000eba00000, 0x00000000eba00000, 0x00000000ebb00000|  0%| F|  |TAMS 0x00000000eba00000, 0x00000000eba00000| Untracked 
| 187|0x00000000ebb00000, 0x00000000ebb00000, 0x00000000ebc00000|  0%| F|  |TAMS 0x00000000ebb00000, 0x00000000ebb00000| Untracked 
| 188|0x00000000ebc00000, 0x00000000ebc00000, 0x00000000ebd00000|  0%| F|  |TAMS 0x00000000ebc00000, 0x00000000ebc00000| Untracked 
| 189|0x00000000ebd00000, 0x00000000ebd00000, 0x00000000ebe00000|  0%| F|  |TAMS 0x00000000ebd00000, 0x00000000ebd00000| Untracked 
| 190|0x00000000ebe00000, 0x00000000ebe00000, 0x00000000ebf00000|  0%| F|  |TAMS 0x00000000ebe00000, 0x00000000ebe00000| Untracked 
| 191|0x00000000ebf00000, 0x00000000ebf00000, 0x00000000ec000000|  0%| F|  |TAMS 0x00000000ebf00000, 0x00000000ebf00000| Untracked 
| 192|0x00000000ec000000, 0x00000000ec000000, 0x00000000ec100000|  0%| F|  |TAMS 0x00000000ec000000, 0x00000000ec000000| Untracked 
| 193|0x00000000ec100000, 0x00000000ec100000, 0x00000000ec200000|  0%| F|  |TAMS 0x00000000ec100000, 0x00000000ec100000| Untracked 
| 194|0x00000000ec200000, 0x00000000ec200000, 0x00000000ec300000|  0%| F|  |TAMS 0x00000000ec200000, 0x00000000ec200000| Untracked 
| 195|0x00000000ec300000, 0x00000000ec300000, 0x00000000ec400000|  0%| F|  |TAMS 0x00000000ec300000, 0x00000000ec300000| Untracked 
| 196|0x00000000ec400000, 0x00000000ec400000, 0x00000000ec500000|  0%| F|  |TAMS 0x00000000ec400000, 0x00000000ec400000| Untracked 
| 197|0x00000000ec500000, 0x00000000ec500000, 0x00000000ec600000|  0%| F|  |TAMS 0x00000000ec500000, 0x00000000ec500000| Untracked 
| 198|0x00000000ec600000, 0x00000000ec600000, 0x00000000ec700000|  0%| F|  |TAMS 0x00000000ec600000, 0x00000000ec600000| Untracked 
| 199|0x00000000ec700000, 0x00000000ec700000, 0x00000000ec800000|  0%| F|  |TAMS 0x00000000ec700000, 0x00000000ec700000| Untracked 
| 200|0x00000000ec800000, 0x00000000ec800000, 0x00000000ec900000|  0%| F|  |TAMS 0x00000000ec800000, 0x00000000ec800000| Untracked 
| 201|0x00000000ec900000, 0x00000000ec900000, 0x00000000eca00000|  0%| F|  |TAMS 0x00000000ec900000, 0x00000000ec900000| Untracked 
| 202|0x00000000eca00000, 0x00000000eca00000, 0x00000000ecb00000|  0%| F|  |TAMS 0x00000000eca00000, 0x00000000eca00000| Untracked 
| 203|0x00000000ecb00000, 0x00000000ecb00000, 0x00000000ecc00000|  0%| F|  |TAMS 0x00000000ecb00000, 0x00000000ecb00000| Untracked 
| 204|0x00000000ecc00000, 0x00000000ecc00000, 0x00000000ecd00000|  0%| F|  |TAMS 0x00000000ecc00000, 0x00000000ecc00000| Untracked 
| 205|0x00000000ecd00000, 0x00000000ecd00000, 0x00000000ece00000|  0%| F|  |TAMS 0x00000000ecd00000, 0x00000000ecd00000| Untracked 
| 206|0x00000000ece00000, 0x00000000ece00000, 0x00000000ecf00000|  0%| F|  |TAMS 0x00000000ece00000, 0x00000000ece00000| Untracked 
| 207|0x00000000ecf00000, 0x00000000ecf00000, 0x00000000ed000000|  0%| F|  |TAMS 0x00000000ecf00000, 0x00000000ecf00000| Untracked 
| 208|0x00000000ed000000, 0x00000000ed06f850, 0x00000000ed100000| 43%| E|  |TAMS 0x00000000ed000000, 0x00000000ed000000| Complete 
| 209|0x00000000ed100000, 0x00000000ed200000, 0x00000000ed200000|100%| E|CS|TAMS 0x00000000ed100000, 0x00000000ed100000| Complete 
| 210|0x00000000ed200000, 0x00000000ed300000, 0x00000000ed300000|100%| E|CS|TAMS 0x00000000ed200000, 0x00000000ed200000| Complete 
| 211|0x00000000ed300000, 0x00000000ed400000, 0x00000000ed400000|100%| E|CS|TAMS 0x00000000ed300000, 0x00000000ed300000| Complete 
| 212|0x00000000ed400000, 0x00000000ed500000, 0x00000000ed500000|100%| E|  |TAMS 0x00000000ed400000, 0x00000000ed400000| Complete 
| 213|0x00000000ed500000, 0x00000000ed600000, 0x00000000ed600000|100%| E|CS|TAMS 0x00000000ed500000, 0x00000000ed500000| Complete 
| 214|0x00000000ed600000, 0x00000000ed700000, 0x00000000ed700000|100%| E|CS|TAMS 0x00000000ed600000, 0x00000000ed600000| Complete 
| 215|0x00000000ed700000, 0x00000000ed800000, 0x00000000ed800000|100%| E|CS|TAMS 0x00000000ed700000, 0x00000000ed700000| Complete 
| 216|0x00000000ed800000, 0x00000000ed900000, 0x00000000ed900000|100%| E|CS|TAMS 0x00000000ed800000, 0x00000000ed800000| Complete 
| 217|0x00000000ed900000, 0x00000000eda00000, 0x00000000eda00000|100%| E|CS|TAMS 0x00000000ed900000, 0x00000000ed900000| Complete 
| 218|0x00000000eda00000, 0x00000000edb00000, 0x00000000edb00000|100%| E|CS|TAMS 0x00000000eda00000, 0x00000000eda00000| Complete 
| 219|0x00000000edb00000, 0x00000000edc00000, 0x00000000edc00000|100%| E|CS|TAMS 0x00000000edb00000, 0x00000000edb00000| Complete 
| 220|0x00000000edc00000, 0x00000000edd00000, 0x00000000edd00000|100%| E|CS|TAMS 0x00000000edc00000, 0x00000000edc00000| Complete 
| 221|0x00000000edd00000, 0x00000000ede00000, 0x00000000ede00000|100%| E|CS|TAMS 0x00000000edd00000, 0x00000000edd00000| Complete 
| 222|0x00000000ede00000, 0x00000000edf00000, 0x00000000edf00000|100%| E|CS|TAMS 0x00000000ede00000, 0x00000000ede00000| Complete 
| 223|0x00000000edf00000, 0x00000000ee000000, 0x00000000ee000000|100%| E|CS|TAMS 0x00000000edf00000, 0x00000000edf00000| Complete 
| 224|0x00000000ee000000, 0x00000000ee100000, 0x00000000ee100000|100%| E|CS|TAMS 0x00000000ee000000, 0x00000000ee000000| Complete 
| 225|0x00000000ee100000, 0x00000000ee200000, 0x00000000ee200000|100%| E|CS|TAMS 0x00000000ee100000, 0x00000000ee100000| Complete 
| 226|0x00000000ee200000, 0x00000000ee300000, 0x00000000ee300000|100%| E|CS|TAMS 0x00000000ee200000, 0x00000000ee200000| Complete 
| 227|0x00000000ee300000, 0x00000000ee400000, 0x00000000ee400000|100%| E|CS|TAMS 0x00000000ee300000, 0x00000000ee300000| Complete 
| 228|0x00000000ee400000, 0x00000000ee500000, 0x00000000ee500000|100%| E|CS|TAMS 0x00000000ee400000, 0x00000000ee400000| Complete 
| 229|0x00000000ee500000, 0x00000000ee600000, 0x00000000ee600000|100%| E|CS|TAMS 0x00000000ee500000, 0x00000000ee500000| Complete 
| 230|0x00000000ee600000, 0x00000000ee700000, 0x00000000ee700000|100%| E|CS|TAMS 0x00000000ee600000, 0x00000000ee600000| Complete 
| 231|0x00000000ee700000, 0x00000000ee800000, 0x00000000ee800000|100%| E|CS|TAMS 0x00000000ee700000, 0x00000000ee700000| Complete 
| 232|0x00000000ee800000, 0x00000000ee900000, 0x00000000ee900000|100%| E|CS|TAMS 0x00000000ee800000, 0x00000000ee800000| Complete 
| 233|0x00000000ee900000, 0x00000000eea00000, 0x00000000eea00000|100%| E|CS|TAMS 0x00000000ee900000, 0x00000000ee900000| Complete 
| 234|0x00000000eea00000, 0x00000000eeb00000, 0x00000000eeb00000|100%| E|CS|TAMS 0x00000000eea00000, 0x00000000eea00000| Complete 
| 235|0x00000000eeb00000, 0x00000000eec00000, 0x00000000eec00000|100%| E|CS|TAMS 0x00000000eeb00000, 0x00000000eeb00000| Complete 
| 236|0x00000000eec00000, 0x00000000eed00000, 0x00000000eed00000|100%| E|CS|TAMS 0x00000000eec00000, 0x00000000eec00000| Complete 
| 237|0x00000000eed00000, 0x00000000eee00000, 0x00000000eee00000|100%| E|CS|TAMS 0x00000000eed00000, 0x00000000eed00000| Complete 
| 238|0x00000000eee00000, 0x00000000eef00000, 0x00000000eef00000|100%| E|CS|TAMS 0x00000000eee00000, 0x00000000eee00000| Complete 
| 239|0x00000000eef00000, 0x00000000ef000000, 0x00000000ef000000|100%| E|CS|TAMS 0x00000000eef00000, 0x00000000eef00000| Complete 
| 240|0x00000000ef000000, 0x00000000ef100000, 0x00000000ef100000|100%| E|CS|TAMS 0x00000000ef000000, 0x00000000ef000000| Complete 
| 241|0x00000000ef100000, 0x00000000ef200000, 0x00000000ef200000|100%| E|CS|TAMS 0x00000000ef100000, 0x00000000ef100000| Complete 
| 242|0x00000000ef200000, 0x00000000ef300000, 0x00000000ef300000|100%| E|CS|TAMS 0x00000000ef200000, 0x00000000ef200000| Complete 
| 243|0x00000000ef300000, 0x00000000ef400000, 0x00000000ef400000|100%| S|CS|TAMS 0x00000000ef300000, 0x00000000ef300000| Complete 
| 244|0x00000000ef400000, 0x00000000ef500000, 0x00000000ef500000|100%| E|CS|TAMS 0x00000000ef400000, 0x00000000ef400000| Complete 
| 245|0x00000000ef500000, 0x00000000ef600000, 0x00000000ef600000|100%| E|CS|TAMS 0x00000000ef500000, 0x00000000ef500000| Complete 
| 246|0x00000000ef600000, 0x00000000ef700000, 0x00000000ef700000|100%| E|CS|TAMS 0x00000000ef600000, 0x00000000ef600000| Complete 
| 247|0x00000000ef700000, 0x00000000ef800000, 0x00000000ef800000|100%| E|CS|TAMS 0x00000000ef700000, 0x00000000ef700000| Complete 
| 248|0x00000000ef800000, 0x00000000ef900000, 0x00000000ef900000|100%| E|CS|TAMS 0x00000000ef800000, 0x00000000ef800000| Complete 
| 249|0x00000000ef900000, 0x00000000efa00000, 0x00000000efa00000|100%| E|CS|TAMS 0x00000000ef900000, 0x00000000ef900000| Complete 
| 250|0x00000000efa00000, 0x00000000efb00000, 0x00000000efb00000|100%| E|CS|TAMS 0x00000000efa00000, 0x00000000efa00000| Complete 
| 251|0x00000000efb00000, 0x00000000efc00000, 0x00000000efc00000|100%| E|CS|TAMS 0x00000000efb00000, 0x00000000efb00000| Complete 
| 252|0x00000000efc00000, 0x00000000efd00000, 0x00000000efd00000|100%| E|CS|TAMS 0x00000000efc00000, 0x00000000efc00000| Complete 
| 253|0x00000000efd00000, 0x00000000efe00000, 0x00000000efe00000|100%| E|CS|TAMS 0x00000000efd00000, 0x00000000efd00000| Complete 
| 254|0x00000000efe00000, 0x00000000eff00000, 0x00000000eff00000|100%| E|CS|TAMS 0x00000000efe00000, 0x00000000efe00000| Complete 
| 255|0x00000000eff00000, 0x00000000f0000000, 0x00000000f0000000|100%| E|CS|TAMS 0x00000000eff00000, 0x00000000eff00000| Complete 

Card table byte_map: [0x000002461f960000,0x000002461fa60000] _byte_map_base: 0x000002461f260000

Marking Bits (Prev, Next): (CMBitMap*) 0x000002460874b200, (CMBitMap*) 0x000002460874b1c0
 Prev Bits: [0x0000024620360000, 0x0000024620b60000)
 Next Bits: [0x000002461fb60000, 0x0000024620360000)

Polling page: 0x0000024606680000

Metaspace:

Usage:
  Non-class:     61.12 MB capacity,    60.19 MB ( 98%) used,   832.48 KB (  1%) free+waste,   123.31 KB ( <1%) overhead. 
      Class:      9.18 MB capacity,     8.76 MB ( 95%) used,   384.34 KB (  4%) free+waste,    52.00 KB ( <1%) overhead. 
       Both:     70.31 MB capacity,    68.95 MB ( 98%) used,     1.19 MB (  2%) free+waste,   175.31 KB ( <1%) overhead. 

Virtual space:
  Non-class space:       62.00 MB reserved,      61.33 MB ( 99%) committed 
      Class space:      248.00 MB reserved,       9.32 MB (  4%) committed 
             Both:      310.00 MB reserved,      70.65 MB ( 23%) committed 

Chunk freelists:
   Non-Class:  145.00 KB
       Class:  49.00 KB
        Both:  194.00 KB

MaxMetaspaceSize: 256.00 MB
CompressedClassSpaceSize: 248.00 MB

CodeHeap 'non-profiled nmethods': size=120000Kb used=10122Kb max_used=10122Kb free=109877Kb
 bounds [0x0000024618430000, 0x0000024618e20000, 0x000002461f960000]
CodeHeap 'profiled nmethods': size=120000Kb used=25860Kb max_used=25860Kb free=94139Kb
 bounds [0x0000024610f00000, 0x0000024612850000, 0x0000024618430000]
CodeHeap 'non-nmethods': size=5760Kb used=2367Kb max_used=2450Kb free=3392Kb
 bounds [0x0000024610960000, 0x0000024610bd0000, 0x0000024610f00000]
 total_blobs=13798 nmethods=12941 adapters=770
 compilation: enabled
              stopped_count=0, restarted_count=0
 full_count=0

Compilation events (20 events):
Event: 3555.913 Thread 0x0000024623138a50 15394       3       org.gradle.internal.operations.BuildOperationDescriptor$Builder::name (7 bytes)
Event: 3555.913 Thread 0x0000024623138a50 nmethod 15394 0x000002461283cd10 code [0x000002461283cea0, 0x000002461283cff8]
Event: 3555.934 Thread 0x0000024623136090 nmethod 15389 0x0000024618e0c010 code [0x0000024618e0c220, 0x0000024618e0ccc8]
Event: 3555.934 Thread 0x0000024623136090 15387       4       org.gradle.api.internal.artifacts.ivyservice.resolveengine.graph.builder.ComponentState::getSelectionReason (122 bytes)
Event: 3555.935 Thread 0x0000024623138a50 15395       3       org.gradle.internal.logging.progress.DefaultProgressLoggerFactory$ProgressLoggerImpl::setDescription (11 bytes)
Event: 3555.935 Thread 0x0000024623138a50 nmethod 15395 0x000002461283d090 code [0x000002461283d240, 0x000002461283d3e8]
Event: 3556.084 Thread 0x0000024623136090 nmethod 15387 0x0000024618e0d810 code [0x0000024618e0db20, 0x0000024618e0ffa0]
Event: 3556.243 Thread 0x0000024623136090 15396       4       org.gradle.api.internal.classpath.DefaultModuleRegistry::getModule (38 bytes)
Event: 3556.258 Thread 0x0000024623138a50 15397       3       java.util.concurrent.SynchronousQueue::offer (31 bytes)
Event: 3556.259 Thread 0x0000024623138a50 nmethod 15397 0x000002461283d490 code [0x000002461283d660, 0x000002461283d998]
Event: 3556.265 Thread 0x0000024623136090 nmethod 15396 0x0000024618e11c10 code [0x0000024618e11de0, 0x0000024618e12630]
Event: 3556.266 Thread 0x0000024623138a50 15398       3       org.gradle.internal.serialize.OutputStreamBackedEncoder::writeInt (9 bytes)
Event: 3556.267 Thread 0x0000024623138a50 nmethod 15398 0x000002461283da90 code [0x000002461283dc40, 0x000002461283dd68]
Event: 3558.422 Thread 0x0000024623136090 15399       4       org.codehaus.groovy.reflection.ParameterTypes::getParameterTypes (16 bytes)
Event: 3558.556 Thread 0x0000024623138a50 15400       3       org.gradle.internal.logging.text.AbstractLineChoppingStyledTextOutput$1::execute (140 bytes)
Event: 3558.559 Thread 0x0000024623138a50 nmethod 15400 0x000002461283de10 code [0x000002461283e120, 0x000002461283f178]
Event: 3558.559 Thread 0x0000024623138a50 15402       3       org.gradle.internal.logging.text.AbstractLineChoppingStyledTextOutput$2::execute (77 bytes)
Event: 3558.560 Thread 0x0000024623138a50 nmethod 15402 0x000002461283f890 code [0x000002461283fb20, 0x0000024612840568]
Event: 3558.560 Thread 0x0000024623138a50 15401       3       org.gradle.internal.logging.text.AbstractLineChoppingStyledTextOutput$1::execute (9 bytes)
Event: 3558.560 Thread 0x0000024623138a50 nmethod 15401 0x0000024612840a10 code [0x0000024612840bc0, 0x0000024612840de8]

GC Heap History (20 events):
Event: 2875.371 GC heap before
{Heap before GC invocations=19 (full 0):
 garbage-first heap   total 262144K, used 202974K [0x00000000e0000000, 0x0000000100000000)
  region size 1024K, 95 young (97280K), 6 survivors (6144K)
 Metaspace       used 69849K, capacity 71157K, committed 71196K, reserved 317440K
  class space    used 8956K, capacity 9392K, committed 9420K, reserved 253952K
}
Event: 2875.385 GC heap after
{Heap after GC invocations=20 (full 0):
 garbage-first heap   total 262144K, used 112736K [0x00000000e0000000, 0x0000000100000000)
  region size 1024K, 8 young (8192K), 8 survivors (8192K)
 Metaspace       used 69849K, capacity 71157K, committed 71196K, reserved 317440K
  class space    used 8956K, capacity 9392K, committed 9420K, reserved 253952K
}
Event: 2879.370 GC heap before
{Heap before GC invocations=20 (full 0):
 garbage-first heap   total 262144K, used 203872K [0x00000000e0000000, 0x0000000100000000)
  region size 1024K, 98 young (100352K), 8 survivors (8192K)
 Metaspace       used 70048K, capacity 71416K, committed 71452K, reserved 317440K
  class space    used 8957K, capacity 9393K, committed 9420K, reserved 253952K
}
Event: 2879.382 GC heap after
{Heap after GC invocations=21 (full 0):
 garbage-first heap   total 262144K, used 116571K [0x00000000e0000000, 0x0000000100000000)
  region size 1024K, 10 young (10240K), 10 survivors (10240K)
 Metaspace       used 70048K, capacity 71416K, committed 71452K, reserved 317440K
  class space    used 8957K, capacity 9393K, committed 9420K, reserved 253952K
}
Event: 2882.357 GC heap before
{Heap before GC invocations=21 (full 0):
 garbage-first heap   total 262144K, used 206683K [0x00000000e0000000, 0x0000000100000000)
  region size 1024K, 99 young (101376K), 10 survivors (10240K)
 Metaspace       used 70081K, capacity 71480K, committed 71708K, reserved 317440K
  class space    used 8957K, capacity 9393K, committed 9420K, reserved 253952K
}
Event: 2882.389 GC heap after
{Heap after GC invocations=22 (full 0):
 garbage-first heap   total 262144K, used 121499K [0x00000000e0000000, 0x0000000100000000)
  region size 1024K, 12 young (12288K), 12 survivors (12288K)
 Metaspace       used 70081K, capacity 71480K, committed 71708K, reserved 317440K
  class space    used 8957K, capacity 9393K, committed 9420K, reserved 253952K
}
Event: 2949.713 GC heap before
{Heap before GC invocations=22 (full 0):
 garbage-first heap   total 262144K, used 211611K [0x00000000e0000000, 0x0000000100000000)
  region size 1024K, 97 young (99328K), 12 survivors (12288K)
 Metaspace       used 70177K, capacity 71608K, committed 71708K, reserved 317440K
  class space    used 8957K, capacity 9393K, committed 9420K, reserved 253952K
}
Event: 2949.728 GC heap after
{Heap after GC invocations=23 (full 0):
 garbage-first heap   total 262144K, used 115291K [0x00000000e0000000, 0x0000000100000000)
  region size 1024K, 5 young (5120K), 5 survivors (5120K)
 Metaspace       used 70177K, capacity 71608K, committed 71708K, reserved 317440K
  class space    used 8957K, capacity 9393K, committed 9420K, reserved 253952K
}
Event: 3489.471 GC heap before
{Heap before GC invocations=23 (full 0):
 garbage-first heap   total 262144K, used 207451K [0x00000000e0000000, 0x0000000100000000)
  region size 1024K, 96 young (98304K), 5 survivors (5120K)
 Metaspace       used 70399K, capacity 71807K, committed 71964K, reserved 317440K
  class space    used 8971K, capacity 9420K, committed 9420K, reserved 253952K
}
Event: 3489.502 GC heap after
{Heap after GC invocations=24 (full 0):
 garbage-first heap   total 262144K, used 126866K [0x00000000e0000000, 0x0000000100000000)
  region size 1024K, 12 young (12288K), 12 survivors (12288K)
 Metaspace       used 70399K, capacity 71807K, committed 71964K, reserved 317440K
  class space    used 8971K, capacity 9420K, committed 9420K, reserved 253952K
}
Event: 3491.788 GC heap before
{Heap before GC invocations=24 (full 0):
 garbage-first heap   total 262144K, used 204690K [0x00000000e0000000, 0x0000000100000000)
  region size 1024K, 89 young (91136K), 12 survivors (12288K)
 Metaspace       used 70476K, capacity 71931K, committed 72092K, reserved 317440K
  class space    used 8980K, capacity 9437K, committed 9548K, reserved 253952K
}
Event: 3491.827 GC heap after
{Heap after GC invocations=25 (full 0):
 garbage-first heap   total 262144K, used 130942K [0x00000000e0000000, 0x0000000100000000)
  region size 1024K, 11 young (11264K), 11 survivors (11264K)
 Metaspace       used 70476K, capacity 71931K, committed 72092K, reserved 317440K
  class space    used 8980K, capacity 9437K, committed 9548K, reserved 253952K
}
Event: 3494.421 GC heap before
{Heap before GC invocations=25 (full 0):
 garbage-first heap   total 262144K, used 203646K [0x00000000e0000000, 0x0000000100000000)
  region size 1024K, 83 young (84992K), 11 survivors (11264K)
 Metaspace       used 70531K, capacity 71995K, committed 72348K, reserved 317440K
  class space    used 8980K, capacity 9437K, committed 9548K, reserved 253952K
}
Event: 3494.466 GC heap after
{Heap after GC invocations=26 (full 0):
 garbage-first heap   total 262144K, used 139626K [0x00000000e0000000, 0x0000000100000000)
  region size 1024K, 10 young (10240K), 10 survivors (10240K)
 Metaspace       used 70531K, capacity 71995K, committed 72348K, reserved 317440K
  class space    used 8980K, capacity 9437K, committed 9548K, reserved 253952K
}
Event: 3554.826 GC heap before
{Heap before GC invocations=27 (full 0):
 garbage-first heap   total 262144K, used 199018K [0x00000000e0000000, 0x0000000100000000)
  region size 1024K, 75 young (76800K), 10 survivors (10240K)
 Metaspace       used 70535K, capacity 71910K, committed 72348K, reserved 317440K
  class space    used 8961K, capacity 9396K, committed 9548K, reserved 253952K
}
Event: 3554.841 GC heap after
{Heap after GC invocations=28 (full 0):
 garbage-first heap   total 262144K, used 128017K [0x00000000e0000000, 0x0000000100000000)
  region size 1024K, 6 young (6144K), 6 survivors (6144K)
 Metaspace       used 70535K, capacity 71910K, committed 72348K, reserved 317440K
  class space    used 8961K, capacity 9396K, committed 9548K, reserved 253952K
}
Event: 3554.985 GC heap before
{Heap before GC invocations=28 (full 0):
 garbage-first heap   total 262144K, used 134161K [0x00000000e0000000, 0x0000000100000000)
  region size 1024K, 12 young (12288K), 6 survivors (6144K)
 Metaspace       used 70549K, capacity 71916K, committed 72348K, reserved 317440K
  class space    used 8961K, capacity 9397K, committed 9548K, reserved 253952K
}
Event: 3555.016 GC heap after
{Heap after GC invocations=29 (full 0):
 garbage-first heap   total 262144K, used 103071K [0x00000000e0000000, 0x0000000100000000)
  region size 1024K, 1 young (1024K), 1 survivors (1024K)
 Metaspace       used 70549K, capacity 71916K, committed 72348K, reserved 317440K
  class space    used 8961K, capacity 9397K, committed 9548K, reserved 253952K
}
Event: 3555.116 GC heap before
{Heap before GC invocations=29 (full 0):
 garbage-first heap   total 262144K, used 114335K [0x00000000e0000000, 0x0000000100000000)
  region size 1024K, 12 young (12288K), 1 survivors (1024K)
 Metaspace       used 70555K, capacity 71916K, committed 72348K, reserved 317440K
  class space    used 8961K, capacity 9397K, committed 9548K, reserved 253952K
}
Event: 3555.182 GC heap after
{Heap after GC invocations=30 (full 0):
 garbage-first heap   total 262144K, used 87783K [0x00000000e0000000, 0x0000000100000000)
  region size 1024K, 1 young (1024K), 1 survivors (1024K)
 Metaspace       used 70555K, capacity 71916K, committed 72348K, reserved 317440K
  class space    used 8961K, capacity 9397K, committed 9548K, reserved 253952K
}

Deoptimization events (20 events):
Event: 3555.437 Thread 0x00000246283fc700 Uncommon trap: trap_request=0xffffff76 fr.pc=0x0000024618d9b42c relative=0x000000000000032c
Event: 3555.437 Thread 0x00000246283fc700 Uncommon trap: reason=predicate action=maybe_recompile pc=0x0000024618d9b42c method=java.util.TimSort.binarySort([Ljava/lang/Object;IIILjava/util/Comparator;)V @ 34 c2
Event: 3555.437 Thread 0x00000246283fc700 DEOPT PACKING pc=0x0000024618d9b42c sp=0x000000a62e5fb830
Event: 3555.437 Thread 0x00000246283fc700 DEOPT UNPACKING pc=0x00000246109ae12f sp=0x000000a62e5fb730 mode 2
Event: 3558.555 Thread 0x000002462b484a60 Uncommon trap: trap_request=0xffffff45 fr.pc=0x0000024618915158 relative=0x00000000000010f8
Event: 3558.555 Thread 0x000002462b484a60 Uncommon trap: reason=unstable_if action=reinterpret pc=0x0000024618915158 method=org.gradle.internal.logging.text.AbstractLineChoppingStyledTextOutput$2.execute(Lorg/gradle/internal/logging/text/AbstractLineChoppingStyledTextOutput$StateContext;)V @ 34 c
Event: 3558.555 Thread 0x000002462b484a60 DEOPT PACKING pc=0x0000024618915158 sp=0x000000a62f3fe8b0
Event: 3558.555 Thread 0x000002462b484a60 DEOPT UNPACKING pc=0x00000246109ae12f sp=0x000000a62f3fe708 mode 2
Event: 3558.555 Thread 0x000002462b484a60 Uncommon trap: trap_request=0xffffff45 fr.pc=0x0000024618900990 relative=0x0000000000000410
Event: 3558.555 Thread 0x000002462b484a60 Uncommon trap: reason=unstable_if action=reinterpret pc=0x0000024618900990 method=org.gradle.internal.logging.text.AbstractLineChoppingStyledTextOutput$2.execute(Lorg/gradle/internal/logging/text/AbstractLineChoppingStyledTextOutput$StateContext;)V @ 34 c
Event: 3558.555 Thread 0x000002462b484a60 DEOPT PACKING pc=0x0000024618900990 sp=0x000000a62f3fe860
Event: 3558.555 Thread 0x000002462b484a60 DEOPT UNPACKING pc=0x00000246109ae12f sp=0x000000a62f3fe6f8 mode 2
Event: 3558.555 Thread 0x000002462b484a60 Uncommon trap: trap_request=0xffffff45 fr.pc=0x0000024618902f00 relative=0x0000000000000400
Event: 3558.555 Thread 0x000002462b484a60 Uncommon trap: reason=unstable_if action=reinterpret pc=0x0000024618902f00 method=org.gradle.internal.logging.text.AbstractLineChoppingStyledTextOutput$2.execute(Lorg/gradle/internal/logging/text/AbstractLineChoppingStyledTextOutput$StateContext;)V @ 34 c
Event: 3558.555 Thread 0x000002462b484a60 DEOPT PACKING pc=0x0000024618902f00 sp=0x000000a62f3fe7f0
Event: 3558.556 Thread 0x000002462b484a60 DEOPT UNPACKING pc=0x00000246109ae12f sp=0x000000a62f3fe6f0 mode 2
Event: 3558.557 Thread 0x000002462b484a60 Uncommon trap: trap_request=0xffffff45 fr.pc=0x0000024618902374 relative=0x0000000000000314
Event: 3558.557 Thread 0x000002462b484a60 Uncommon trap: reason=unstable_if action=reinterpret pc=0x0000024618902374 method=org.gradle.internal.logging.text.AbstractLineChoppingStyledTextOutput$2.execute(Lorg/gradle/internal/logging/text/AbstractLineChoppingStyledTextOutput$StateContext;)V @ 34 c
Event: 3558.557 Thread 0x000002462b484a60 DEOPT PACKING pc=0x0000024618902374 sp=0x000000a62f3fe750
Event: 3558.557 Thread 0x000002462b484a60 DEOPT UNPACKING pc=0x00000246109ae12f sp=0x000000a62f3fe710 mode 2

Classes unloaded (20 events):
Event: 3495.130 Thread 0x0000024623110f20 Unloading class 0x0000000800c64c40 'java/lang/invoke/LambdaForm$BMH+0x0000000800c64c40'
Event: 3495.130 Thread 0x0000024623110f20 Unloading class 0x0000000800c62440 'java/lang/invoke/LambdaForm$DMH+0x0000000800c62440'
Event: 3495.130 Thread 0x0000024623110f20 Unloading class 0x0000000800c61c40 'java/lang/invoke/LambdaForm$DMH+0x0000000800c61c40'
Event: 3495.130 Thread 0x0000024623110f20 Unloading class 0x0000000800c61040 'java/lang/invoke/LambdaForm$MH+0x0000000800c61040'
Event: 3495.130 Thread 0x0000024623110f20 Unloading class 0x0000000800c60c40 'java/lang/invoke/LambdaForm$MH+0x0000000800c60c40'
Event: 3495.130 Thread 0x0000024623110f20 Unloading class 0x0000000800c60840 'java/lang/invoke/LambdaForm$MH+0x0000000800c60840'
Event: 3495.130 Thread 0x0000024623110f20 Unloading class 0x0000000800c60440 'java/lang/invoke/LambdaForm$MH+0x0000000800c60440'
Event: 3495.130 Thread 0x0000024623110f20 Unloading class 0x0000000800c60040 'java/lang/invoke/LambdaForm$MH+0x0000000800c60040'
Event: 3495.131 Thread 0x0000024623110f20 Unloading class 0x0000000800be1c40 'java/lang/invoke/LambdaForm$MH+0x0000000800be1c40'
Event: 3495.131 Thread 0x0000024623110f20 Unloading class 0x0000000800be1840 'java/lang/invoke/LambdaForm$MH+0x0000000800be1840'
Event: 3495.131 Thread 0x0000024623110f20 Unloading class 0x0000000800be2c40 'java/lang/invoke/LambdaForm$MH+0x0000000800be2c40'
Event: 3495.131 Thread 0x0000024623110f20 Unloading class 0x0000000800be3440 'java/lang/invoke/LambdaForm$MH+0x0000000800be3440'
Event: 3495.131 Thread 0x0000024623110f20 Unloading class 0x0000000800be3040 'java/lang/invoke/LambdaForm$MH+0x0000000800be3040'
Event: 3495.131 Thread 0x0000024623110f20 Unloading class 0x0000000800be3c40 'java/lang/invoke/LambdaForm$MH+0x0000000800be3c40'
Event: 3495.131 Thread 0x0000024623110f20 Unloading class 0x0000000800be3840 'java/lang/invoke/LambdaForm$MH+0x0000000800be3840'
Event: 3495.131 Thread 0x0000024623110f20 Unloading class 0x0000000800be4040 'java/lang/invoke/LambdaForm$MH+0x0000000800be4040'
Event: 3495.131 Thread 0x0000024623110f20 Unloading class 0x0000000800bb2840 'java/lang/invoke/LambdaForm$MH+0x0000000800bb2840'
Event: 3495.131 Thread 0x0000024623110f20 Unloading class 0x0000000800bb3440 'java/lang/invoke/LambdaForm$MH+0x0000000800bb3440'
Event: 3495.132 Thread 0x0000024623110f20 Unloading class 0x0000000800bb3c40 'java/lang/invoke/LambdaForm$MH+0x0000000800bb3c40'
Event: 3495.132 Thread 0x0000024623110f20 Unloading class 0x0000000800bb5040 'java/lang/invoke/LambdaForm$MH+0x0000000800bb5040'

Classes redefined (0 events):
No events

Internal exceptions (20 events):
Event: 3495.692 Thread 0x000002462b515cb0 Exception <a 'java/lang/NoSuchMethodError'{0x00000000ee6b2a10}: static Lorg/gradle/api/internal/tasks/testing/junit/AbstractJUnitSpec;.<clinit>()V> (0x00000000ee6b2a10) 
thrown [./open/src/hotspot/share/prims/jni.cpp, line 1204]
Event: 3495.695 Thread 0x000002462b515cb0 Implicit null exception at 0x000002461849cdee to 0x000002461849d620
Event: 3498.677 Thread 0x000002462b5144a0 Implicit null exception at 0x00000246186264ae to 0x0000024618626a24
Event: 3498.681 Thread 0x000002462b5144a0 Implicit null exception at 0x00000246184ca66e to 0x00000246184ca8c8
Event: 3498.682 Thread 0x000002462b5144a0 Implicit null exception at 0x000002461860307b to 0x0000024618603144
Event: 3502.599 Thread 0x000002462b5144a0 Implicit null exception at 0x0000024618789aa9 to 0x000002461878a008
Event: 3502.607 Thread 0x000002462b5144a0 Implicit null exception at 0x00000246188b540a to 0x00000246188b9300
Event: 3533.453 Thread 0x000002462b515cb0 Exception <a 'java/lang/reflect/InvocationTargetException'{0x00000000ee543190}> (0x00000000ee543190) 
thrown [./open/src/hotspot/share/runtime/reflection.cpp, line 1157]
Event: 3533.486 Thread 0x00000246283ff720 Exception <a 'java/lang/reflect/InvocationTargetException'{0x00000000ee3ab370}> (0x00000000ee3ab370) 
thrown [./open/src/hotspot/share/runtime/reflection.cpp, line 1157]
Event: 3533.490 Thread 0x00000246275ead70 Exception <a 'java/lang/NoSuchMethodError'{0x00000000ee204908}: static Lorg/gradle/internal/build/event/types/DefaultTaskFailureResult;.<clinit>()V> (0x00000000ee204908) 
thrown [./open/src/hotspot/share/prims/jni.cpp, line 1204]
Event: 3533.493 Thread 0x00000246275ead70 Exception <a 'java/lang/NoSuchMethodError'{0x00000000ee2157a0}: static Lorg/gradle/internal/build/event/types/DefaultFailure;.<clinit>()V> (0x00000000ee2157a0) 
thrown [./open/src/hotspot/share/prims/jni.cpp, line 1204]
Event: 3533.651 Thread 0x00000246275eb710 Exception <a 'java/lang/NoSuchMethodError'{0x00000000ee04bb80}: static Lorg/gradle/tooling/internal/provider/serialization/ClassLoaderDetails;.<clinit>()V> (0x00000000ee04bb80) 
thrown [./open/src/hotspot/share/prims/jni.cpp, line 1204]
Event: 3533.654 Thread 0x00000246275eb710 Exception <a 'java/lang/NoSuchMethodError'{0x00000000ee05c998}: static Lorg/gradle/tooling/internal/provider/serialization/WellKnownClassLoaderRegistry$KnownClassLoaderSpec;.<clinit>()V> (0x00000000ee05c998) 
thrown [./open/src/hotspot/share/prims/jni.cpp, line 1204]
Event: 3533.654 Thread 0x00000246275eb710 Exception <a 'java/lang/NoSuchMethodError'{0x00000000ee05e0c8}: static Lorg/gradle/internal/classloader/ClassLoaderSpec;.<clinit>()V> (0x00000000ee05e0c8) 
thrown [./open/src/hotspot/share/prims/jni.cpp, line 1204]
Event: 3533.656 Thread 0x00000246275eb710 Exception <a 'java/lang/NoSuchMethodError'{0x00000000ee070ba0}: static Lorg/gradle/internal/classloader/ClassLoaderSpec;.<clinit>()V> (0x00000000ee070ba0) 
thrown [./open/src/hotspot/share/prims/jni.cpp, line 1204]
Event: 3533.658 Thread 0x00000246275eb710 Exception <a 'java/lang/NoSuchMethodError'{0x00000000ee07ce10}: static Lorg/gradle/internal/classloader/VisitableURLClassLoader$Spec;.<clinit>()V> (0x00000000ee07ce10) 
thrown [./open/src/hotspot/share/prims/jni.cpp, line 1204]
Event: 3553.467 Thread 0x000002462b4840c0 Exception <a 'java/lang/NoSuchMethodError'{0x00000000edf15a20}: static Lorg/gradle/launcher/daemon/protocol/Command;.<clinit>()V> (0x00000000edf15a20) 
thrown [./open/src/hotspot/share/prims/jni.cpp, line 1204]
Event: 3553.469 Thread 0x000002462b4840c0 Exception <a 'java/lang/NoSuchMethodError'{0x00000000edf1d828}: static Lorg/gradle/launcher/daemon/protocol/InvalidateVirtualFileSystem;.<clinit>()V> (0x00000000edf1d828) 
thrown [./open/src/hotspot/share/prims/jni.cpp, line 1204]
Event: 3553.877 Thread 0x00000246275ee260 Exception <a 'java/lang/NoSuchMethodError'{0x00000000edb09d28}: 'java.lang.Object java.lang.invoke.DelegatingMethodHandle$Holder.reinvoke_L(java.lang.Object, java.lang.Object, java.lang.Object, java.lang.Object, java.lang.Object, java.lang.Object, java.lang.Object, java.lang.Object, java.lang.Object, java.lang.Object, java.lang.Object, java.lang.Object, java.lang.Object, java.lang.Object, java.lang.Object, java.lang.Object, java.lang.Object, java.lang.Object, java.lang.Object, java.lang.Object, java.lang.O
Event: 3555.274 Thread 0x00000246275ee260 Exception <a 'java/lang/ClassNotFoundException'{0x00000000ef4f8748}: groovy/runtime/metaclass/[Ljava/lang/String;MetaClass> (0x00000000ef4f8748) 
thrown [./open/src/hotspot/share/prims/jni.cpp, line 599]

Events (20 events):
Event: 3555.201 Executing VM operation: G1CollectForAllocation done
Event: 3555.276 Thread 0x00000246283fc700 Thread added: 0x00000246283fc700
Event: 3555.278 Thread 0x00000246275f1750 Thread added: 0x00000246275f1750
Event: 3555.278 Thread 0x00000246275edd90 Thread added: 0x00000246275edd90
Event: 3555.279 Thread 0x00000246275f1c20 Thread added: 0x00000246275f1c20
Event: 3555.289 Thread 0x00000246275ead70 Thread added: 0x00000246275ead70
Event: 3555.486 Executing VM operation: ICBufferFull
Event: 3555.486 Executing VM operation: ICBufferFull done
Event: 3555.818 Thread 0x0000024625621830 Thread exited: 0x0000024625621830
Event: 3555.888 Executing VM operation: ICBufferFull
Event: 3555.889 Executing VM operation: ICBufferFull done
Event: 3555.939 Thread 0x00000246275ea8a0 Thread added: 0x00000246275ea8a0
Event: 3556.223 Thread 0x00000246275ea3d0 Thread added: 0x00000246275ea3d0
Event: 3556.259 Thread 0x00000246275eb240 Thread added: 0x00000246275eb240
Event: 3556.274 Thread 0x00000246275ebbe0 Thread added: 0x00000246275ebbe0
Event: 3556.819 Thread 0x00000246275ebbe0 Thread exited: 0x00000246275ebbe0
Event: 3558.074 Thread 0x00000246275ebbe0 Thread added: 0x00000246275ebbe0
Event: 3558.075 Thread 0x00000246275ec580 Thread added: 0x00000246275ec580
Event: 3558.078 Thread 0x000002462b517990 Thread added: 0x000002462b517990
Event: 3558.078 Thread 0x000002462b516650 Thread added: 0x000002462b516650


Dynamic libraries:
0x00007ff7ac030000 - 0x00007ff7ac03f000 	C:\Program Files\Java\jdk-15.0.1\bin\java.exe
0x00007ff8918b0000 - 0x00007ff891aa8000 	C:\WINDOWS\SYSTEM32\ntdll.dll
0x00007ff891440000 - 0x00007ff8914ff000 	C:\WINDOWS\System32\KERNEL32.DLL
0x00007ff88f3b0000 - 0x00007ff88f682000 	C:\WINDOWS\System32\KERNELBASE.dll
0x00007ff88f710000 - 0x00007ff88f810000 	C:\WINDOWS\System32\ucrtbase.dll
0x00007ff8886f0000 - 0x00007ff888708000 	C:\Program Files\Java\jdk-15.0.1\bin\jli.dll
0x00007ff8887c0000 - 0x00007ff8887d9000 	C:\Program Files\Java\jdk-15.0.1\bin\VCRUNTIME140.dll
0x00007ff8916a0000 - 0x00007ff89174e000 	C:\WINDOWS\System32\ADVAPI32.dll
0x00007ff88ff80000 - 0x00007ff89001e000 	C:\WINDOWS\System32\msvcrt.dll
0x00007ff88f980000 - 0x00007ff88fa1c000 	C:\WINDOWS\System32\sechost.dll
0x00007ff8901a0000 - 0x00007ff8902c5000 	C:\WINDOWS\System32\RPCRT4.dll
0x00007ff890930000 - 0x00007ff890ad1000 	C:\WINDOWS\System32\USER32.dll
0x00007ff88f6e0000 - 0x00007ff88f702000 	C:\WINDOWS\System32\win32u.dll
0x00007ff88faa0000 - 0x00007ff88facb000 	C:\WINDOWS\System32\GDI32.dll
0x00007ff88f2a0000 - 0x00007ff88f3af000 	C:\WINDOWS\System32\gdi32full.dll
0x00007ff88f030000 - 0x00007ff88f0cd000 	C:\WINDOWS\System32\msvcp_win.dll
0x00007ff886010000 - 0x00007ff88601a000 	C:\WINDOWS\SYSTEM32\VERSION.dll
0x00007ff87ef90000 - 0x00007ff87f22a000 	C:\WINDOWS\WinSxS\amd64_microsoft.windows.common-controls_6595b64144ccf1df_6.0.19041.1110_none_60b5254171f9507e\COMCTL32.dll
0x00007ff88fad0000 - 0x00007ff88fb02000 	C:\WINDOWS\System32\IMM32.DLL
0x00007ff88aa50000 - 0x00007ff88aa5c000 	C:\Program Files\Java\jdk-15.0.1\bin\vcruntime140_1.dll
0x00007ff869de0000 - 0x00007ff869e71000 	C:\Program Files\Java\jdk-15.0.1\bin\msvcp140.dll
0x00007ff844ae0000 - 0x00007ff84563e000 	C:\Program Files\Java\jdk-15.0.1\bin\server\jvm.dll
0x00007ff88fa90000 - 0x00007ff88fa98000 	C:\WINDOWS\System32\PSAPI.DLL
0x00007ff870290000 - 0x00007ff870299000 	C:\WINDOWS\SYSTEM32\WSOCK32.dll
0x00007ff88fa20000 - 0x00007ff88fa8b000 	C:\WINDOWS\System32\WS2_32.dll
0x00007ff885fe0000 - 0x00007ff886007000 	C:\WINDOWS\SYSTEM32\WINMM.dll
0x00007ff88ceb0000 - 0x00007ff88cec2000 	C:\WINDOWS\SYSTEM32\kernel.appcore.dll
0x00007ff888d30000 - 0x00007ff888d3a000 	C:\Program Files\Java\jdk-15.0.1\bin\jimage.dll
0x00007ff875850000 - 0x00007ff875a34000 	C:\WINDOWS\SYSTEM32\DBGHELP.DLL
0x00007ff875770000 - 0x00007ff8757a5000 	C:\WINDOWS\SYSTEM32\dbgcore.DLL
0x00007ff88f8f0000 - 0x00007ff88f972000 	C:\WINDOWS\System32\bcryptPrimitives.dll
0x00007ff884a90000 - 0x00007ff884ab5000 	C:\Program Files\Java\jdk-15.0.1\bin\java.dll
0x00007ff890cf0000 - 0x00007ff891434000 	C:\WINDOWS\System32\SHELL32.dll
0x00007ff88d0b0000 - 0x00007ff88d842000 	C:\WINDOWS\SYSTEM32\windows.storage.dll
0x00007ff8903c0000 - 0x00007ff890715000 	C:\WINDOWS\System32\combase.dll
0x00007ff88e8d0000 - 0x00007ff88e900000 	C:\WINDOWS\SYSTEM32\Wldp.dll
0x00007ff8900f0000 - 0x00007ff89019d000 	C:\WINDOWS\System32\SHCORE.dll
0x00007ff8908d0000 - 0x00007ff890925000 	C:\WINDOWS\System32\shlwapi.dll
0x00007ff88ef70000 - 0x00007ff88ef8f000 	C:\WINDOWS\SYSTEM32\profapi.dll
0x00007ff884a00000 - 0x00007ff884a19000 	C:\Program Files\Java\jdk-15.0.1\bin\net.dll
0x00007ff883800000 - 0x00007ff88390c000 	C:\WINDOWS\SYSTEM32\WINHTTP.dll
0x00007ff88e6b0000 - 0x00007ff88e71a000 	C:\WINDOWS\system32\mswsock.dll
0x00007ff8849e0000 - 0x00007ff8849f2000 	C:\Program Files\Java\jdk-15.0.1\bin\nio.dll
0x00007ff8846c0000 - 0x00007ff8846d8000 	C:\Program Files\Java\jdk-15.0.1\bin\zip.dll
0x00007ff888c60000 - 0x00007ff888c70000 	C:\Program Files\Java\jdk-15.0.1\bin\verify.dll
0x00007ff87e6f0000 - 0x00007ff87e717000 	C:\Users\Mario\.gradle\native\e1d6ef7f7dcc3fd88c89a11ec53ec762bb8ba0a96d01ffa2cd45eb1d1d8dd5c5\windows-amd64\native-platform.dll
0x00007ff85c5c0000 - 0x00007ff85c704000 	C:\Users\Mario\.gradle\native\0d407fdbe67a94daf76414ababcb853783967236a71b16ec16e742cd7a986fd3\windows-amd64\native-platform-file-events.dll
0x00007ff888af0000 - 0x00007ff888af9000 	C:\Program Files\Java\jdk-15.0.1\bin\management.dll
0x00007ff888850000 - 0x00007ff88885b000 	C:\Program Files\Java\jdk-15.0.1\bin\management_ext.dll
0x00007ff88e910000 - 0x00007ff88e928000 	C:\WINDOWS\SYSTEM32\CRYPTSP.dll
0x00007ff88dff0000 - 0x00007ff88e024000 	C:\WINDOWS\system32\rsaenh.dll
0x00007ff88f810000 - 0x00007ff88f837000 	C:\WINDOWS\System32\bcrypt.dll
0x00007ff88eef0000 - 0x00007ff88ef1e000 	C:\WINDOWS\SYSTEM32\USERENV.dll
0x00007ff88e840000 - 0x00007ff88e84c000 	C:\WINDOWS\SYSTEM32\CRYPTBASE.dll
0x00007ff88e3c0000 - 0x00007ff88e3fb000 	C:\WINDOWS\SYSTEM32\IPHLPAPI.DLL
0x00007ff8902d0000 - 0x00007ff8902d8000 	C:\WINDOWS\System32\NSI.dll
0x00007ff8856e0000 - 0x00007ff8856f7000 	C:\WINDOWS\SYSTEM32\dhcpcsvc6.DLL
0x00007ff885b40000 - 0x00007ff885b5d000 	C:\WINDOWS\SYSTEM32\dhcpcsvc.DLL
0x00007ff88e400000 - 0x00007ff88e4ca000 	C:\WINDOWS\SYSTEM32\DNSAPI.dll

dbghelp: loaded successfully - version: 4.0.5 - missing functions: none
symbol engine: initialized successfully - sym options: 0x614 - pdb path: .;C:\Program Files\Java\jdk-15.0.1\bin;C:\WINDOWS\SYSTEM32;C:\WINDOWS\WinSxS\amd64_microsoft.windows.common-controls_6595b64144ccf1df_6.0.19041.1110_none_60b5254171f9507e;C:\Program Files\Java\jdk-15.0.1\bin\server;C:\Users\Mario\.gradle\native\e1d6ef7f7dcc3fd88c89a11ec53ec762bb8ba0a96d01ffa2cd45eb1d1d8dd5c5\windows-amd64;C:\Users\Mario\.gradle\native\0d407fdbe67a94daf76414ababcb853783967236a71b16ec16e742cd7a986fd3\windows-amd64

VM Arguments:
jvm_args: --add-opens=java.base/java.util=ALL-UNNAMED --add-opens=java.base/java.lang=ALL-UNNAMED --add-opens=java.base/java.lang.invoke=ALL-UNNAMED --add-opens=java.base/java.util=ALL-UNNAMED --add-opens=java.prefs/java.util.prefs=ALL-UNNAMED --add-opens=java.prefs/java.util.prefs=ALL-UNNAMED --add-opens=java.base/java.nio.charset=ALL-UNNAMED --add-opens=java.base/java.net=ALL-UNNAMED --add-opens=java.base/java.util.concurrent.atomic=ALL-UNNAMED -XX:MaxMetaspaceSize=256m -XX:+HeapDumpOnOutOfMemoryError -Xms256m -Xmx512m -Dfile.encoding=windows-1252 -Duser.country=CO -Duser.language=es -Duser.variant 
java_command: org.gradle.launcher.daemon.bootstrap.GradleDaemon 7.4
java_class_path (initial): C:\Users\Mario\.gradle\wrapper\dists\gradle-7.4-bin\c0gwcg53nkjbqw7r0h0umtfvt\gradle-7.4\lib\gradle-launcher-7.4.jar
Launcher Type: SUN_STANDARD

[Global flags]
     intx CICompilerCount                          = 3                                         {product} {ergonomic}
   size_t CompressedClassSpaceSize                 = 260046848                                 {product} {ergonomic}
     uint ConcGCThreads                            = 1                                         {product} {ergonomic}
     uint G1ConcRefinementThreads                  = 4                                         {product} {ergonomic}
   size_t G1HeapRegionSize                         = 1048576                                   {product} {ergonomic}
    uintx GCDrainStackTargetSize                   = 64                                        {product} {ergonomic}
     bool HeapDumpOnOutOfMemoryError               = true                                   {manageable} {command line}
   size_t InitialHeapSize                          = 268435456                                 {product} {command line}
   size_t MarkStackSize                            = 4194304                                   {product} {ergonomic}
   size_t MaxHeapSize                              = 536870912                                 {product} {command line}
   size_t MaxMetaspaceSize                         = 268435456                                 {product} {command line}
   size_t MaxNewSize                               = 321912832                                 {product} {ergonomic}
   size_t MinHeapDeltaBytes                        = 1048576                                   {product} {ergonomic}
   size_t MinHeapSize                              = 268435456                                 {product} {command line}
    uintx NonNMethodCodeHeapSize                   = 5832780                                {pd product} {ergonomic}
    uintx NonProfiledCodeHeapSize                  = 122912730                              {pd product} {ergonomic}
    uintx ProfiledCodeHeapSize                     = 122912730                              {pd product} {ergonomic}
    uintx ReservedCodeCacheSize                    = 251658240                              {pd product} {ergonomic}
     bool SegmentedCodeCache                       = true                                      {product} {ergonomic}
   size_t SoftMaxHeapSize                          = 536870912                              {manageable} {ergonomic}
     bool UseCompressedClassPointers               = true                                 {lp64_product} {ergonomic}
     bool UseCompressedOops                        = true                                 {lp64_product} {ergonomic}
     bool UseG1GC                                  = true                                      {product} {ergonomic}
     bool UseLargePagesIndividualAllocation        = false                                  {pd product} {ergonomic}

Logging:
Log output configuration:
 #0: stdout all=warning uptime,level,tags
 #1: stderr all=off uptime,level,tags

Environment Variables:
JAVA_HOME=C:\Program Files\Java\jdk-19
PATH=C:\Oracol\bin;C:\Program Files\Common Files\Oracle\Java\javapath;C:\ProgramData\Oracle\Java\javapath;C:\WINDOWS\system32;C:\WINDOWS;C:\WINDOWS\System32\Wbem;C:\WINDOWS\System32\WindowsPowerShell\v1.0\;C:\WINDOWS\System32\OpenSSH\;C:\Program Files\Java\jdk-15.0.1\bin;C:\Program Files\Git\cmd;C:\Program Files\Java\jdk-19\bin;%MAVEN_HOME%\bin;%GRADLE%\bin;C:\Gradle\bin;;C:\Program Files\Docker\Docker\resources\bin;C:\Program Files\nodejs\;C:\Users\Mario\AppData\Local\Programs\Python\Python311\Scripts\;C:\Users\Mario\AppData\Local\Programs\Python\Python311\;C:\Program Files\MySQL\MySQL Shell 8.0\bin\;C:\Python\Python310\Scripts\;C:\Python\Python310\;C:\Users\Mario\AppData\Local\Microsoft\WindowsApps;C:\Microsoft VS Code\bin;C:\Users\Mario\AppData\Local\GitHubDesktop\bin;C:\Program Files\JetBrains\IntelliJ IDEA Community Edition 2022.2.2\bin;;C:\Gradle;C:\Program Files\Java\jdk-19\bin;C:\Users\Mario\AppData\Roaming\npm
USERNAME=Mario
OS=Windows_NT
PROCESSOR_IDENTIFIER=AMD64 Family 21 Model 101 Stepping 1, AuthenticAMD



---------------  S Y S T E M  ---------------

OS:
 Windows 10 , 64 bit Build 19041 (10.0.19041.2364)
OS uptime: 4 days 1:54 hours
HyperV virtualization detected

CPU: total 4 (initial active 4) (4 cores per cpu, 1 threads per core) family 21 model 101 stepping 1 microcode 0x0, cmov, cx8, fxsr, mmx, sse, sse2, sse3, ssse3, sse4.1, sse4.2, popcnt, vzeroupper, avx, avx2, aes, clmul, 3dnowpref, lzcnt, sse4a, tsc, tscinvbit, tscinv, bmi1, bmi2, fma, clflush

Memory: 4k page, system-wide physical 15318M (1349M free)
TotalPageFile size 62422M (AvailPageFile size 327M)
current process WorkingSet (physical memory assigned to process): 424M, peak: 504M
current process commit charge ("private bytes"): 538M, peak: 545M

vm_info: Java HotSpot(TM) 64-Bit Server VM (15.0.1+9-18) for windows-amd64 JRE (15.0.1+9-18), built on Sep 15 2020 14:43:54 by "mach5one" with unknown MS VC++:1925

END.
