#
# There is insufficient memory for the Java Runtime Environment to continue.
# Native memory allocation (malloc) failed to allocate 32744 bytes for ChunkPool::allocate
# Possible reasons:
#   The system is out of physical RAM or swap space
#   The process is running with CompressedOops enabled, and the Java Heap may be blocking the growth of the native heap
# Possible solutions:
#   Reduce memory load on the system
#   Increase physical memory or swap space
#   Check if swap backing store is full
#   Decrease Java heap size (-Xmx/-Xms)
#   Decrease number of Java threads
#   Decrease Java thread stack sizes (-Xss)
#   Set larger code cache with -XX:ReservedCodeCacheSize=
#   JVM is running with Unscaled Compressed Oops mode in which the Java heap is
#     placed in the first 4GB address space. The Java Heap base address is the
#     maximum limit for the native heap growth. Please use -XX:HeapBaseMinAddress
#     to set the Java Heap base and to place the Java Heap above 4GB virtual address.
# This output file may be truncated or incomplete.
#
#  Out of Memory Error (./open/src/hotspot/share/memory/arena.cpp:79), pid=12380, tid=6700
#
# JRE version: Java(TM) SE Runtime Environment (15.0.1+9) (build 15.0.1+9-18)
# Java VM: Java HotSpot(TM) 64-Bit Server VM (15.0.1+9-18, mixed mode, sharing, tiered, compressed oops, g1 gc, windows-amd64)
# No core dump will be written. Minidumps are not enabled by default on client versions of Windows
#

---------------  S U M M A R Y ------------

Command Line: -Dorg.gradle.internal.worker.tmpdir=C:\Users\Mario\Desktop\estudio programacion\Estudio test QA\Reto tecnico\RetoAutomatizacion\AutomatizacionSerenity\build\tmp\test\work -Dorg.gradle.native=false --add-opens=java.base/java.util=ALL-UNNAMED --add-opens=java.base/java.lang=ALL-UNNAMED -Xmx512m -Dfile.encoding=windows-1252 -Duser.country=CO -Duser.language=es -Duser.variant -ea worker.org.gradle.process.internal.worker.GradleWorkerMain 'Gradle Test Executor 9'

Host: AMD FX-9800P RADEON R7, 12 COMPUTE CORES 4C+8G , 4 cores, 14G,  Windows 10 , 64 bit Build 19041 (10.0.19041.2364)
Time: Sat Feb 11 21:58:37 2023 Hora est. Pacífico, Sudamérica elapsed time: 2.212105 seconds (0d 0h 0m 2s)

---------------  T H R E A D  ---------------

Current thread (0x00000255bcb38b90):  JavaThread "C1 CompilerThread0" daemon [_thread_in_native, id=6700, stack(0x000000d3d6300000,0x000000d3d6400000)]


Current CompileTask:
C1:   2212 1056       3       java.net.URLStreamHandler::parseURL (1201 bytes)

Stack: [0x000000d3d6300000,0x000000d3d6400000]
Native frames: (J=compiled Java code, j=interpreted, Vv=VM code, C=native code)
V  [jvm.dll+0x62ae9a]
V  [jvm.dll+0x781389]
V  [jvm.dll+0x782ae3]
V  [jvm.dll+0x783143]
V  [jvm.dll+0x216265]
V  [jvm.dll+0x9828f]
V  [jvm.dll+0x985dc]
V  [jvm.dll+0xf6855]
V  [jvm.dll+0x155bf9]
V  [jvm.dll+0x1561d3]
V  [jvm.dll+0x10ffc5]
V  [jvm.dll+0x10f87f]
V  [jvm.dll+0x10fab4]
V  [jvm.dll+0x10edf2]
V  [jvm.dll+0x110c8c]
V  [jvm.dll+0x1f9165]
V  [jvm.dll+0x1f720c]
V  [jvm.dll+0x74485d]
V  [jvm.dll+0x73d65a]
V  [jvm.dll+0x629c56]
C  [ucrtbase.dll+0x21bb2]
C  [KERNEL32.DLL+0x17614]
C  [ntdll.dll+0x526a1]


---------------  P R O C E S S  ---------------

Threads class SMR info:
_java_thread_list=0x00000255bdd5dc80, length=14, elements={
0x000002559ff4e720, 0x00000255bcb15dd0, 0x00000255bcb169a0, 0x00000255bcb2f3b0,
0x00000255bcb31e70, 0x00000255bcb33930, 0x00000255bcb34710, 0x00000255bcb38b90,
0x00000255bcb39970, 0x00000255bd602890, 0x00000255bd580780, 0x00000255be2a74d0,
0x00000255bdd5ea90, 0x00000255be2be770
}

Java Threads: ( => current thread )
  0x000002559ff4e720 JavaThread "Test worker" [_thread_in_Java, id=19056, stack(0x000000d3d5600000,0x000000d3d5700000)]
  0x00000255bcb15dd0 JavaThread "Reference Handler" daemon [_thread_blocked, id=10556, stack(0x000000d3d5d00000,0x000000d3d5e00000)]
  0x00000255bcb169a0 JavaThread "Finalizer" daemon [_thread_blocked, id=2284, stack(0x000000d3d5e00000,0x000000d3d5f00000)]
  0x00000255bcb2f3b0 JavaThread "Signal Dispatcher" daemon [_thread_blocked, id=3140, stack(0x000000d3d5f00000,0x000000d3d6000000)]
  0x00000255bcb31e70 JavaThread "Attach Listener" daemon [_thread_blocked, id=13604, stack(0x000000d3d6000000,0x000000d3d6100000)]
  0x00000255bcb33930 JavaThread "Service Thread" daemon [_thread_blocked, id=17320, stack(0x000000d3d6100000,0x000000d3d6200000)]
  0x00000255bcb34710 JavaThread "C2 CompilerThread0" daemon [_thread_in_native, id=18604, stack(0x000000d3d6200000,0x000000d3d6300000)]
=>0x00000255bcb38b90 JavaThread "C1 CompilerThread0" daemon [_thread_in_native, id=6700, stack(0x000000d3d6300000,0x000000d3d6400000)]
  0x00000255bcb39970 JavaThread "Sweeper thread" daemon [_thread_blocked, id=13548, stack(0x000000d3d6400000,0x000000d3d6500000)]
  0x00000255bd602890 JavaThread "Common-Cleaner" daemon [_thread_blocked, id=18988, stack(0x000000d3d6500000,0x000000d3d6600000)]
  0x00000255bd580780 JavaThread "Notification Thread" daemon [_thread_blocked, id=16088, stack(0x000000d3d6600000,0x000000d3d6700000)]
  0x00000255be2a74d0 JavaThread "/127.0.0.1:60649 to /127.0.0.1:60646 workers" [_thread_blocked, id=5292, stack(0x000000d3d6d00000,0x000000d3d6e00000)]
  0x00000255bdd5ea90 JavaThread "/127.0.0.1:60649 to /127.0.0.1:60646 workers Thread 2" [_thread_blocked, id=14112, stack(0x000000d3d6e00000,0x000000d3d6f00000)]
  0x00000255be2be770 JavaThread "/127.0.0.1:60649 to /127.0.0.1:60646 workers Thread 3" [_thread_in_native, id=16484, stack(0x000000d3d6f00000,0x000000d3d7000000)]

Other Threads:
  0x00000255bcb12d30 VMThread "VM Thread" [stack: 0x000000d3d5c00000,0x000000d3d5d00000] [id=19168]
  0x00000255bd5f86b0 WatcherThread [stack: 0x000000d3d6700000,0x000000d3d6800000] [id=5576]
  0x00000255a21306c0 GCTaskThread "GC Thread#0" [stack: 0x000000d3d5700000,0x000000d3d5800000] [id=5548]
  0x00000255bd61fab0 GCTaskThread "GC Thread#1" [stack: 0x000000d3d6800000,0x000000d3d6900000] [id=10144]
  0x00000255bd61f780 GCTaskThread "GC Thread#2" [stack: 0x000000d3d6900000,0x000000d3d6a00000] [id=6688]
  0x00000255bd621430 GCTaskThread "GC Thread#3" [stack: 0x000000d3d6a00000,0x000000d3d6b00000] [id=5528]
  0x00000255a2131960 ConcurrentGCThread "G1 Main Marker" [stack: 0x000000d3d5800000,0x000000d3d5900000] [id=16760]
  0x00000255a21325d0 ConcurrentGCThread "G1 Conc#0" [stack: 0x000000d3d5900000,0x000000d3d5a00000] [id=15272]
  0x00000255a219e9d0 ConcurrentGCThread "G1 Refine#0" [stack: 0x000000d3d5a00000,0x000000d3d5b00000] [id=10304]
  0x00000255be0e6d50 ConcurrentGCThread "G1 Refine#1" [stack: 0x000000d3d6b00000,0x000000d3d6c00000] [id=3036]
  0x00000255bc9956a0 ConcurrentGCThread "G1 Young RemSet Sampling" [stack: 0x000000d3d5b00000,0x000000d3d5c00000] [id=864]

Threads with active compile tasks:
C2 CompilerThread0     2250 1054       4       java.io.WinNTFileSystem::normalize (143 bytes)
C1 CompilerThread0     2251 1056       3       java.net.URLStreamHandler::parseURL (1201 bytes)

VM state: not at safepoint (normal execution)

VM Mutex/Monitor currently owned by a thread: None

Heap address: 0x00000000e0000000, size: 512 MB, Compressed Oops mode: 32-bit
CDS archive(s) mapped at: [0x0000000800000000-0x0000000800b50000-0x0000000800b50000), size 11862016, SharedBaseAddress: 0x0000000800000000, ArchiveRelocationMode: 0.
Compressed class space mapped at: 0x0000000800b50000-0x0000000840b50000, size: 1073741824
Narrow klass base: 0x0000000800000000, Narrow klass shift: 3, Narrow klass range: 0x100000000

GC Precious Log:
 CPUs: 4 total, 4 available
 Memory: 15318M
 Large Page Support: Disabled
 NUMA Support: Disabled
 Compressed Oops: Enabled (32-bit)
 Heap Region Size: 1M
 Heap Min Capacity: 8M
 Heap Initial Capacity: 240M
 Heap Max Capacity: 512M
 Pre-touch: Disabled
 Parallel Workers: 4
 Concurrent Workers: 1
 Concurrent Refinement Workers: 4
 Periodic GC: Disabled

Heap:
 garbage-first heap   total 245760K, used 19441K [0x00000000e0000000, 0x0000000100000000)
  region size 1024K, 12 young (12288K), 2 survivors (2048K)
 Metaspace       used 5579K, capacity 6651K, committed 6784K, reserved 1056768K
  class space    used 705K, capacity 796K, committed 896K, reserved 1048576K

Heap Regions: E=young(eden), S=young(survivor), O=old, HS=humongous(starts), HC=humongous(continues), CS=collection set, F=free, OA=open archive, CA=closed archive, TAMS=top-at-mark-start (previous, next)
|   0|0x00000000e0000000, 0x00000000e0100000, 0x00000000e0100000|100%|HS|  |TAMS 0x00000000e0000000, 0x00000000e0000000| Complete 
|   1|0x00000000e0100000, 0x00000000e0200000, 0x00000000e0200000|100%|HC|  |TAMS 0x00000000e0100000, 0x00000000e0100000| Complete 
|   2|0x00000000e0200000, 0x00000000e0300000, 0x00000000e0300000|100%| O|  |TAMS 0x00000000e0200000, 0x00000000e0200000| Untracked 
|   3|0x00000000e0300000, 0x00000000e0400000, 0x00000000e0400000|100%| O|  |TAMS 0x00000000e0300000, 0x00000000e0300000| Untracked 
|   4|0x00000000e0400000, 0x00000000e0500000, 0x00000000e0500000|100%| O|  |TAMS 0x00000000e0400000, 0x00000000e0400000| Untracked 
|   5|0x00000000e0500000, 0x00000000e0600000, 0x00000000e0600000|100%| O|  |TAMS 0x00000000e0500000, 0x00000000e0500000| Untracked 
|   6|0x00000000e0600000, 0x00000000e0700000, 0x00000000e0700000|100%| O|  |TAMS 0x00000000e0600000, 0x00000000e0600000| Untracked 
|   7|0x00000000e0700000, 0x00000000e07fc600, 0x00000000e0800000| 98%| O|  |TAMS 0x00000000e0700000, 0x00000000e0700000| Untracked 
|   8|0x00000000e0800000, 0x00000000e0800000, 0x00000000e0900000|  0%| F|  |TAMS 0x00000000e0800000, 0x00000000e0800000| Untracked 
|   9|0x00000000e0900000, 0x00000000e0900000, 0x00000000e0a00000|  0%| F|  |TAMS 0x00000000e0900000, 0x00000000e0900000| Untracked 
|  10|0x00000000e0a00000, 0x00000000e0a00000, 0x00000000e0b00000|  0%| F|  |TAMS 0x00000000e0a00000, 0x00000000e0a00000| Untracked 
|  11|0x00000000e0b00000, 0x00000000e0b00000, 0x00000000e0c00000|  0%| F|  |TAMS 0x00000000e0b00000, 0x00000000e0b00000| Untracked 
|  12|0x00000000e0c00000, 0x00000000e0c00000, 0x00000000e0d00000|  0%| F|  |TAMS 0x00000000e0c00000, 0x00000000e0c00000| Untracked 
|  13|0x00000000e0d00000, 0x00000000e0d00000, 0x00000000e0e00000|  0%| F|  |TAMS 0x00000000e0d00000, 0x00000000e0d00000| Untracked 
|  14|0x00000000e0e00000, 0x00000000e0e00000, 0x00000000e0f00000|  0%| F|  |TAMS 0x00000000e0e00000, 0x00000000e0e00000| Untracked 
|  15|0x00000000e0f00000, 0x00000000e0f00000, 0x00000000e1000000|  0%| F|  |TAMS 0x00000000e0f00000, 0x00000000e0f00000| Untracked 
|  16|0x00000000e1000000, 0x00000000e1000000, 0x00000000e1100000|  0%| F|  |TAMS 0x00000000e1000000, 0x00000000e1000000| Untracked 
|  17|0x00000000e1100000, 0x00000000e1100000, 0x00000000e1200000|  0%| F|  |TAMS 0x00000000e1100000, 0x00000000e1100000| Untracked 
|  18|0x00000000e1200000, 0x00000000e1200000, 0x00000000e1300000|  0%| F|  |TAMS 0x00000000e1200000, 0x00000000e1200000| Untracked 
|  19|0x00000000e1300000, 0x00000000e1300000, 0x00000000e1400000|  0%| F|  |TAMS 0x00000000e1300000, 0x00000000e1300000| Untracked 
|  20|0x00000000e1400000, 0x00000000e1400000, 0x00000000e1500000|  0%| F|  |TAMS 0x00000000e1400000, 0x00000000e1400000| Untracked 
|  21|0x00000000e1500000, 0x00000000e1500000, 0x00000000e1600000|  0%| F|  |TAMS 0x00000000e1500000, 0x00000000e1500000| Untracked 
|  22|0x00000000e1600000, 0x00000000e1600000, 0x00000000e1700000|  0%| F|  |TAMS 0x00000000e1600000, 0x00000000e1600000| Untracked 
|  23|0x00000000e1700000, 0x00000000e1700000, 0x00000000e1800000|  0%| F|  |TAMS 0x00000000e1700000, 0x00000000e1700000| Untracked 
|  24|0x00000000e1800000, 0x00000000e1800000, 0x00000000e1900000|  0%| F|  |TAMS 0x00000000e1800000, 0x00000000e1800000| Untracked 
|  25|0x00000000e1900000, 0x00000000e1900000, 0x00000000e1a00000|  0%| F|  |TAMS 0x00000000e1900000, 0x00000000e1900000| Untracked 
|  26|0x00000000e1a00000, 0x00000000e1a00000, 0x00000000e1b00000|  0%| F|  |TAMS 0x00000000e1a00000, 0x00000000e1a00000| Untracked 
|  27|0x00000000e1b00000, 0x00000000e1b00000, 0x00000000e1c00000|  0%| F|  |TAMS 0x00000000e1b00000, 0x00000000e1b00000| Untracked 
|  28|0x00000000e1c00000, 0x00000000e1c00000, 0x00000000e1d00000|  0%| F|  |TAMS 0x00000000e1c00000, 0x00000000e1c00000| Untracked 
|  29|0x00000000e1d00000, 0x00000000e1d00000, 0x00000000e1e00000|  0%| F|  |TAMS 0x00000000e1d00000, 0x00000000e1d00000| Untracked 
|  30|0x00000000e1e00000, 0x00000000e1e00000, 0x00000000e1f00000|  0%| F|  |TAMS 0x00000000e1e00000, 0x00000000e1e00000| Untracked 
|  31|0x00000000e1f00000, 0x00000000e1f00000, 0x00000000e2000000|  0%| F|  |TAMS 0x00000000e1f00000, 0x00000000e1f00000| Untracked 
|  32|0x00000000e2000000, 0x00000000e2000000, 0x00000000e2100000|  0%| F|  |TAMS 0x00000000e2000000, 0x00000000e2000000| Untracked 
|  33|0x00000000e2100000, 0x00000000e2100000, 0x00000000e2200000|  0%| F|  |TAMS 0x00000000e2100000, 0x00000000e2100000| Untracked 
|  34|0x00000000e2200000, 0x00000000e2200000, 0x00000000e2300000|  0%| F|  |TAMS 0x00000000e2200000, 0x00000000e2200000| Untracked 
|  35|0x00000000e2300000, 0x00000000e2300000, 0x00000000e2400000|  0%| F|  |TAMS 0x00000000e2300000, 0x00000000e2300000| Untracked 
|  36|0x00000000e2400000, 0x00000000e2400000, 0x00000000e2500000|  0%| F|  |TAMS 0x00000000e2400000, 0x00000000e2400000| Untracked 
|  37|0x00000000e2500000, 0x00000000e2500000, 0x00000000e2600000|  0%| F|  |TAMS 0x00000000e2500000, 0x00000000e2500000| Untracked 
|  38|0x00000000e2600000, 0x00000000e2600000, 0x00000000e2700000|  0%| F|  |TAMS 0x00000000e2600000, 0x00000000e2600000| Untracked 
|  39|0x00000000e2700000, 0x00000000e2700000, 0x00000000e2800000|  0%| F|  |TAMS 0x00000000e2700000, 0x00000000e2700000| Untracked 
|  40|0x00000000e2800000, 0x00000000e2800000, 0x00000000e2900000|  0%| F|  |TAMS 0x00000000e2800000, 0x00000000e2800000| Untracked 
|  41|0x00000000e2900000, 0x00000000e2900000, 0x00000000e2a00000|  0%| F|  |TAMS 0x00000000e2900000, 0x00000000e2900000| Untracked 
|  42|0x00000000e2a00000, 0x00000000e2a00000, 0x00000000e2b00000|  0%| F|  |TAMS 0x00000000e2a00000, 0x00000000e2a00000| Untracked 
|  43|0x00000000e2b00000, 0x00000000e2b00000, 0x00000000e2c00000|  0%| F|  |TAMS 0x00000000e2b00000, 0x00000000e2b00000| Untracked 
|  44|0x00000000e2c00000, 0x00000000e2c00000, 0x00000000e2d00000|  0%| F|  |TAMS 0x00000000e2c00000, 0x00000000e2c00000| Untracked 
|  45|0x00000000e2d00000, 0x00000000e2d00000, 0x00000000e2e00000|  0%| F|  |TAMS 0x00000000e2d00000, 0x00000000e2d00000| Untracked 
|  46|0x00000000e2e00000, 0x00000000e2e00000, 0x00000000e2f00000|  0%| F|  |TAMS 0x00000000e2e00000, 0x00000000e2e00000| Untracked 
|  47|0x00000000e2f00000, 0x00000000e2f00000, 0x00000000e3000000|  0%| F|  |TAMS 0x00000000e2f00000, 0x00000000e2f00000| Untracked 
|  48|0x00000000e3000000, 0x00000000e3000000, 0x00000000e3100000|  0%| F|  |TAMS 0x00000000e3000000, 0x00000000e3000000| Untracked 
|  49|0x00000000e3100000, 0x00000000e3100000, 0x00000000e3200000|  0%| F|  |TAMS 0x00000000e3100000, 0x00000000e3100000| Untracked 
|  50|0x00000000e3200000, 0x00000000e3200000, 0x00000000e3300000|  0%| F|  |TAMS 0x00000000e3200000, 0x00000000e3200000| Untracked 
|  51|0x00000000e3300000, 0x00000000e3300000, 0x00000000e3400000|  0%| F|  |TAMS 0x00000000e3300000, 0x00000000e3300000| Untracked 
|  52|0x00000000e3400000, 0x00000000e3400000, 0x00000000e3500000|  0%| F|  |TAMS 0x00000000e3400000, 0x00000000e3400000| Untracked 
|  53|0x00000000e3500000, 0x00000000e3500000, 0x00000000e3600000|  0%| F|  |TAMS 0x00000000e3500000, 0x00000000e3500000| Untracked 
|  54|0x00000000e3600000, 0x00000000e3600000, 0x00000000e3700000|  0%| F|  |TAMS 0x00000000e3600000, 0x00000000e3600000| Untracked 
|  55|0x00000000e3700000, 0x00000000e3700000, 0x00000000e3800000|  0%| F|  |TAMS 0x00000000e3700000, 0x00000000e3700000| Untracked 
|  56|0x00000000e3800000, 0x00000000e3800000, 0x00000000e3900000|  0%| F|  |TAMS 0x00000000e3800000, 0x00000000e3800000| Untracked 
|  57|0x00000000e3900000, 0x00000000e3900000, 0x00000000e3a00000|  0%| F|  |TAMS 0x00000000e3900000, 0x00000000e3900000| Untracked 
|  58|0x00000000e3a00000, 0x00000000e3a00000, 0x00000000e3b00000|  0%| F|  |TAMS 0x00000000e3a00000, 0x00000000e3a00000| Untracked 
|  59|0x00000000e3b00000, 0x00000000e3b00000, 0x00000000e3c00000|  0%| F|  |TAMS 0x00000000e3b00000, 0x00000000e3b00000| Untracked 
|  60|0x00000000e3c00000, 0x00000000e3c00000, 0x00000000e3d00000|  0%| F|  |TAMS 0x00000000e3c00000, 0x00000000e3c00000| Untracked 
|  61|0x00000000e3d00000, 0x00000000e3d00000, 0x00000000e3e00000|  0%| F|  |TAMS 0x00000000e3d00000, 0x00000000e3d00000| Untracked 
|  62|0x00000000e3e00000, 0x00000000e3e00000, 0x00000000e3f00000|  0%| F|  |TAMS 0x00000000e3e00000, 0x00000000e3e00000| Untracked 
|  63|0x00000000e3f00000, 0x00000000e3f00000, 0x00000000e4000000|  0%| F|  |TAMS 0x00000000e3f00000, 0x00000000e3f00000| Untracked 
|  64|0x00000000e4000000, 0x00000000e4000000, 0x00000000e4100000|  0%| F|  |TAMS 0x00000000e4000000, 0x00000000e4000000| Untracked 
|  65|0x00000000e4100000, 0x00000000e4100000, 0x00000000e4200000|  0%| F|  |TAMS 0x00000000e4100000, 0x00000000e4100000| Untracked 
|  66|0x00000000e4200000, 0x00000000e4200000, 0x00000000e4300000|  0%| F|  |TAMS 0x00000000e4200000, 0x00000000e4200000| Untracked 
|  67|0x00000000e4300000, 0x00000000e4300000, 0x00000000e4400000|  0%| F|  |TAMS 0x00000000e4300000, 0x00000000e4300000| Untracked 
|  68|0x00000000e4400000, 0x00000000e4400000, 0x00000000e4500000|  0%| F|  |TAMS 0x00000000e4400000, 0x00000000e4400000| Untracked 
|  69|0x00000000e4500000, 0x00000000e4500000, 0x00000000e4600000|  0%| F|  |TAMS 0x00000000e4500000, 0x00000000e4500000| Untracked 
|  70|0x00000000e4600000, 0x00000000e4600000, 0x00000000e4700000|  0%| F|  |TAMS 0x00000000e4600000, 0x00000000e4600000| Untracked 
|  71|0x00000000e4700000, 0x00000000e4700000, 0x00000000e4800000|  0%| F|  |TAMS 0x00000000e4700000, 0x00000000e4700000| Untracked 
|  72|0x00000000e4800000, 0x00000000e4800000, 0x00000000e4900000|  0%| F|  |TAMS 0x00000000e4800000, 0x00000000e4800000| Untracked 
|  73|0x00000000e4900000, 0x00000000e4900000, 0x00000000e4a00000|  0%| F|  |TAMS 0x00000000e4900000, 0x00000000e4900000| Untracked 
|  74|0x00000000e4a00000, 0x00000000e4a00000, 0x00000000e4b00000|  0%| F|  |TAMS 0x00000000e4a00000, 0x00000000e4a00000| Untracked 
|  75|0x00000000e4b00000, 0x00000000e4b00000, 0x00000000e4c00000|  0%| F|  |TAMS 0x00000000e4b00000, 0x00000000e4b00000| Untracked 
|  76|0x00000000e4c00000, 0x00000000e4c00000, 0x00000000e4d00000|  0%| F|  |TAMS 0x00000000e4c00000, 0x00000000e4c00000| Untracked 
|  77|0x00000000e4d00000, 0x00000000e4d00000, 0x00000000e4e00000|  0%| F|  |TAMS 0x00000000e4d00000, 0x00000000e4d00000| Untracked 
|  78|0x00000000e4e00000, 0x00000000e4e00000, 0x00000000e4f00000|  0%| F|  |TAMS 0x00000000e4e00000, 0x00000000e4e00000| Untracked 
|  79|0x00000000e4f00000, 0x00000000e4f00000, 0x00000000e5000000|  0%| F|  |TAMS 0x00000000e4f00000, 0x00000000e4f00000| Untracked 
|  80|0x00000000e5000000, 0x00000000e5000000, 0x00000000e5100000|  0%| F|  |TAMS 0x00000000e5000000, 0x00000000e5000000| Untracked 
|  81|0x00000000e5100000, 0x00000000e5100000, 0x00000000e5200000|  0%| F|  |TAMS 0x00000000e5100000, 0x00000000e5100000| Untracked 
|  82|0x00000000e5200000, 0x00000000e5200000, 0x00000000e5300000|  0%| F|  |TAMS 0x00000000e5200000, 0x00000000e5200000| Untracked 
|  83|0x00000000e5300000, 0x00000000e5300000, 0x00000000e5400000|  0%| F|  |TAMS 0x00000000e5300000, 0x00000000e5300000| Untracked 
|  84|0x00000000e5400000, 0x00000000e5400000, 0x00000000e5500000|  0%| F|  |TAMS 0x00000000e5400000, 0x00000000e5400000| Untracked 
|  85|0x00000000e5500000, 0x00000000e5500000, 0x00000000e5600000|  0%| F|  |TAMS 0x00000000e5500000, 0x00000000e5500000| Untracked 
|  86|0x00000000e5600000, 0x00000000e5600000, 0x00000000e5700000|  0%| F|  |TAMS 0x00000000e5600000, 0x00000000e5600000| Untracked 
|  87|0x00000000e5700000, 0x00000000e5700000, 0x00000000e5800000|  0%| F|  |TAMS 0x00000000e5700000, 0x00000000e5700000| Untracked 
|  88|0x00000000e5800000, 0x00000000e5800000, 0x00000000e5900000|  0%| F|  |TAMS 0x00000000e5800000, 0x00000000e5800000| Untracked 
|  89|0x00000000e5900000, 0x00000000e5900000, 0x00000000e5a00000|  0%| F|  |TAMS 0x00000000e5900000, 0x00000000e5900000| Untracked 
|  90|0x00000000e5a00000, 0x00000000e5a00000, 0x00000000e5b00000|  0%| F|  |TAMS 0x00000000e5a00000, 0x00000000e5a00000| Untracked 
|  91|0x00000000e5b00000, 0x00000000e5b00000, 0x00000000e5c00000|  0%| F|  |TAMS 0x00000000e5b00000, 0x00000000e5b00000| Untracked 
|  92|0x00000000e5c00000, 0x00000000e5c00000, 0x00000000e5d00000|  0%| F|  |TAMS 0x00000000e5c00000, 0x00000000e5c00000| Untracked 
|  93|0x00000000e5d00000, 0x00000000e5d00000, 0x00000000e5e00000|  0%| F|  |TAMS 0x00000000e5d00000, 0x00000000e5d00000| Untracked 
|  94|0x00000000e5e00000, 0x00000000e5e00000, 0x00000000e5f00000|  0%| F|  |TAMS 0x00000000e5e00000, 0x00000000e5e00000| Untracked 
|  95|0x00000000e5f00000, 0x00000000e5f00000, 0x00000000e6000000|  0%| F|  |TAMS 0x00000000e5f00000, 0x00000000e5f00000| Untracked 
|  96|0x00000000e6000000, 0x00000000e6000000, 0x00000000e6100000|  0%| F|  |TAMS 0x00000000e6000000, 0x00000000e6000000| Untracked 
|  97|0x00000000e6100000, 0x00000000e6100000, 0x00000000e6200000|  0%| F|  |TAMS 0x00000000e6100000, 0x00000000e6100000| Untracked 
|  98|0x00000000e6200000, 0x00000000e6200000, 0x00000000e6300000|  0%| F|  |TAMS 0x00000000e6200000, 0x00000000e6200000| Untracked 
|  99|0x00000000e6300000, 0x00000000e6300000, 0x00000000e6400000|  0%| F|  |TAMS 0x00000000e6300000, 0x00000000e6300000| Untracked 
| 100|0x00000000e6400000, 0x00000000e6400000, 0x00000000e6500000|  0%| F|  |TAMS 0x00000000e6400000, 0x00000000e6400000| Untracked 
| 101|0x00000000e6500000, 0x00000000e6500000, 0x00000000e6600000|  0%| F|  |TAMS 0x00000000e6500000, 0x00000000e6500000| Untracked 
| 102|0x00000000e6600000, 0x00000000e6600000, 0x00000000e6700000|  0%| F|  |TAMS 0x00000000e6600000, 0x00000000e6600000| Untracked 
| 103|0x00000000e6700000, 0x00000000e6700000, 0x00000000e6800000|  0%| F|  |TAMS 0x00000000e6700000, 0x00000000e6700000| Untracked 
| 104|0x00000000e6800000, 0x00000000e6800000, 0x00000000e6900000|  0%| F|  |TAMS 0x00000000e6800000, 0x00000000e6800000| Untracked 
| 105|0x00000000e6900000, 0x00000000e6900000, 0x00000000e6a00000|  0%| F|  |TAMS 0x00000000e6900000, 0x00000000e6900000| Untracked 
| 106|0x00000000e6a00000, 0x00000000e6a00000, 0x00000000e6b00000|  0%| F|  |TAMS 0x00000000e6a00000, 0x00000000e6a00000| Untracked 
| 107|0x00000000e6b00000, 0x00000000e6b00000, 0x00000000e6c00000|  0%| F|  |TAMS 0x00000000e6b00000, 0x00000000e6b00000| Untracked 
| 108|0x00000000e6c00000, 0x00000000e6c00000, 0x00000000e6d00000|  0%| F|  |TAMS 0x00000000e6c00000, 0x00000000e6c00000| Untracked 
| 109|0x00000000e6d00000, 0x00000000e6d00000, 0x00000000e6e00000|  0%| F|  |TAMS 0x00000000e6d00000, 0x00000000e6d00000| Untracked 
| 110|0x00000000e6e00000, 0x00000000e6e00000, 0x00000000e6f00000|  0%| F|  |TAMS 0x00000000e6e00000, 0x00000000e6e00000| Untracked 
| 111|0x00000000e6f00000, 0x00000000e6f00000, 0x00000000e7000000|  0%| F|  |TAMS 0x00000000e6f00000, 0x00000000e6f00000| Untracked 
| 112|0x00000000e7000000, 0x00000000e7000000, 0x00000000e7100000|  0%| F|  |TAMS 0x00000000e7000000, 0x00000000e7000000| Untracked 
| 113|0x00000000e7100000, 0x00000000e7100000, 0x00000000e7200000|  0%| F|  |TAMS 0x00000000e7100000, 0x00000000e7100000| Untracked 
| 114|0x00000000e7200000, 0x00000000e7200000, 0x00000000e7300000|  0%| F|  |TAMS 0x00000000e7200000, 0x00000000e7200000| Untracked 
| 115|0x00000000e7300000, 0x00000000e7300000, 0x00000000e7400000|  0%| F|  |TAMS 0x00000000e7300000, 0x00000000e7300000| Untracked 
| 116|0x00000000e7400000, 0x00000000e7400000, 0x00000000e7500000|  0%| F|  |TAMS 0x00000000e7400000, 0x00000000e7400000| Untracked 
| 117|0x00000000e7500000, 0x00000000e7500000, 0x00000000e7600000|  0%| F|  |TAMS 0x00000000e7500000, 0x00000000e7500000| Untracked 
| 118|0x00000000e7600000, 0x00000000e7600000, 0x00000000e7700000|  0%| F|  |TAMS 0x00000000e7600000, 0x00000000e7600000| Untracked 
| 119|0x00000000e7700000, 0x00000000e7700000, 0x00000000e7800000|  0%| F|  |TAMS 0x00000000e7700000, 0x00000000e7700000| Untracked 
| 120|0x00000000e7800000, 0x00000000e7800000, 0x00000000e7900000|  0%| F|  |TAMS 0x00000000e7800000, 0x00000000e7800000| Untracked 
| 121|0x00000000e7900000, 0x00000000e7900000, 0x00000000e7a00000|  0%| F|  |TAMS 0x00000000e7900000, 0x00000000e7900000| Untracked 
| 122|0x00000000e7a00000, 0x00000000e7a00000, 0x00000000e7b00000|  0%| F|  |TAMS 0x00000000e7a00000, 0x00000000e7a00000| Untracked 
| 123|0x00000000e7b00000, 0x00000000e7b00000, 0x00000000e7c00000|  0%| F|  |TAMS 0x00000000e7b00000, 0x00000000e7b00000| Untracked 
| 124|0x00000000e7c00000, 0x00000000e7c00000, 0x00000000e7d00000|  0%| F|  |TAMS 0x00000000e7c00000, 0x00000000e7c00000| Untracked 
| 125|0x00000000e7d00000, 0x00000000e7d00000, 0x00000000e7e00000|  0%| F|  |TAMS 0x00000000e7d00000, 0x00000000e7d00000| Untracked 
| 126|0x00000000e7e00000, 0x00000000e7e00000, 0x00000000e7f00000|  0%| F|  |TAMS 0x00000000e7e00000, 0x00000000e7e00000| Untracked 
| 127|0x00000000e7f00000, 0x00000000e7f00000, 0x00000000e8000000|  0%| F|  |TAMS 0x00000000e7f00000, 0x00000000e7f00000| Untracked 
| 128|0x00000000e8000000, 0x00000000e8000000, 0x00000000e8100000|  0%| F|  |TAMS 0x00000000e8000000, 0x00000000e8000000| Untracked 
| 129|0x00000000e8100000, 0x00000000e8100000, 0x00000000e8200000|  0%| F|  |TAMS 0x00000000e8100000, 0x00000000e8100000| Untracked 
| 130|0x00000000e8200000, 0x00000000e8200000, 0x00000000e8300000|  0%| F|  |TAMS 0x00000000e8200000, 0x00000000e8200000| Untracked 
| 131|0x00000000e8300000, 0x00000000e8300000, 0x00000000e8400000|  0%| F|  |TAMS 0x00000000e8300000, 0x00000000e8300000| Untracked 
| 132|0x00000000e8400000, 0x00000000e8400000, 0x00000000e8500000|  0%| F|  |TAMS 0x00000000e8400000, 0x00000000e8400000| Untracked 
| 133|0x00000000e8500000, 0x00000000e8500000, 0x00000000e8600000|  0%| F|  |TAMS 0x00000000e8500000, 0x00000000e8500000| Untracked 
| 134|0x00000000e8600000, 0x00000000e8600000, 0x00000000e8700000|  0%| F|  |TAMS 0x00000000e8600000, 0x00000000e8600000| Untracked 
| 135|0x00000000e8700000, 0x00000000e8700000, 0x00000000e8800000|  0%| F|  |TAMS 0x00000000e8700000, 0x00000000e8700000| Untracked 
| 136|0x00000000e8800000, 0x00000000e8800000, 0x00000000e8900000|  0%| F|  |TAMS 0x00000000e8800000, 0x00000000e8800000| Untracked 
| 137|0x00000000e8900000, 0x00000000e8900000, 0x00000000e8a00000|  0%| F|  |TAMS 0x00000000e8900000, 0x00000000e8900000| Untracked 
| 138|0x00000000e8a00000, 0x00000000e8a00000, 0x00000000e8b00000|  0%| F|  |TAMS 0x00000000e8a00000, 0x00000000e8a00000| Untracked 
| 139|0x00000000e8b00000, 0x00000000e8b00000, 0x00000000e8c00000|  0%| F|  |TAMS 0x00000000e8b00000, 0x00000000e8b00000| Untracked 
| 140|0x00000000e8c00000, 0x00000000e8c00000, 0x00000000e8d00000|  0%| F|  |TAMS 0x00000000e8c00000, 0x00000000e8c00000| Untracked 
| 141|0x00000000e8d00000, 0x00000000e8d00000, 0x00000000e8e00000|  0%| F|  |TAMS 0x00000000e8d00000, 0x00000000e8d00000| Untracked 
| 142|0x00000000e8e00000, 0x00000000e8e00000, 0x00000000e8f00000|  0%| F|  |TAMS 0x00000000e8e00000, 0x00000000e8e00000| Untracked 
| 143|0x00000000e8f00000, 0x00000000e8f00000, 0x00000000e9000000|  0%| F|  |TAMS 0x00000000e8f00000, 0x00000000e8f00000| Untracked 
| 144|0x00000000e9000000, 0x00000000e9000000, 0x00000000e9100000|  0%| F|  |TAMS 0x00000000e9000000, 0x00000000e9000000| Untracked 
| 145|0x00000000e9100000, 0x00000000e9100000, 0x00000000e9200000|  0%| F|  |TAMS 0x00000000e9100000, 0x00000000e9100000| Untracked 
| 146|0x00000000e9200000, 0x00000000e9200000, 0x00000000e9300000|  0%| F|  |TAMS 0x00000000e9200000, 0x00000000e9200000| Untracked 
| 147|0x00000000e9300000, 0x00000000e9300000, 0x00000000e9400000|  0%| F|  |TAMS 0x00000000e9300000, 0x00000000e9300000| Untracked 
| 148|0x00000000e9400000, 0x00000000e9400000, 0x00000000e9500000|  0%| F|  |TAMS 0x00000000e9400000, 0x00000000e9400000| Untracked 
| 149|0x00000000e9500000, 0x00000000e9500000, 0x00000000e9600000|  0%| F|  |TAMS 0x00000000e9500000, 0x00000000e9500000| Untracked 
| 150|0x00000000e9600000, 0x00000000e9600000, 0x00000000e9700000|  0%| F|  |TAMS 0x00000000e9600000, 0x00000000e9600000| Untracked 
| 151|0x00000000e9700000, 0x00000000e9700000, 0x00000000e9800000|  0%| F|  |TAMS 0x00000000e9700000, 0x00000000e9700000| Untracked 
| 152|0x00000000e9800000, 0x00000000e9800000, 0x00000000e9900000|  0%| F|  |TAMS 0x00000000e9800000, 0x00000000e9800000| Untracked 
| 153|0x00000000e9900000, 0x00000000e9900000, 0x00000000e9a00000|  0%| F|  |TAMS 0x00000000e9900000, 0x00000000e9900000| Untracked 
| 154|0x00000000e9a00000, 0x00000000e9a00000, 0x00000000e9b00000|  0%| F|  |TAMS 0x00000000e9a00000, 0x00000000e9a00000| Untracked 
| 155|0x00000000e9b00000, 0x00000000e9b00000, 0x00000000e9c00000|  0%| F|  |TAMS 0x00000000e9b00000, 0x00000000e9b00000| Untracked 
| 156|0x00000000e9c00000, 0x00000000e9c00000, 0x00000000e9d00000|  0%| F|  |TAMS 0x00000000e9c00000, 0x00000000e9c00000| Untracked 
| 157|0x00000000e9d00000, 0x00000000e9d00000, 0x00000000e9e00000|  0%| F|  |TAMS 0x00000000e9d00000, 0x00000000e9d00000| Untracked 
| 158|0x00000000e9e00000, 0x00000000e9e00000, 0x00000000e9f00000|  0%| F|  |TAMS 0x00000000e9e00000, 0x00000000e9e00000| Untracked 
| 159|0x00000000e9f00000, 0x00000000e9f00000, 0x00000000ea000000|  0%| F|  |TAMS 0x00000000e9f00000, 0x00000000e9f00000| Untracked 
| 160|0x00000000ea000000, 0x00000000ea000000, 0x00000000ea100000|  0%| F|  |TAMS 0x00000000ea000000, 0x00000000ea000000| Untracked 
| 161|0x00000000ea100000, 0x00000000ea100000, 0x00000000ea200000|  0%| F|  |TAMS 0x00000000ea100000, 0x00000000ea100000| Untracked 
| 162|0x00000000ea200000, 0x00000000ea200000, 0x00000000ea300000|  0%| F|  |TAMS 0x00000000ea200000, 0x00000000ea200000| Untracked 
| 163|0x00000000ea300000, 0x00000000ea300000, 0x00000000ea400000|  0%| F|  |TAMS 0x00000000ea300000, 0x00000000ea300000| Untracked 
| 164|0x00000000ea400000, 0x00000000ea400000, 0x00000000ea500000|  0%| F|  |TAMS 0x00000000ea400000, 0x00000000ea400000| Untracked 
| 165|0x00000000ea500000, 0x00000000ea500000, 0x00000000ea600000|  0%| F|  |TAMS 0x00000000ea500000, 0x00000000ea500000| Untracked 
| 166|0x00000000ea600000, 0x00000000ea600000, 0x00000000ea700000|  0%| F|  |TAMS 0x00000000ea600000, 0x00000000ea600000| Untracked 
| 167|0x00000000ea700000, 0x00000000ea700000, 0x00000000ea800000|  0%| F|  |TAMS 0x00000000ea700000, 0x00000000ea700000| Untracked 
| 168|0x00000000ea800000, 0x00000000ea800000, 0x00000000ea900000|  0%| F|  |TAMS 0x00000000ea800000, 0x00000000ea800000| Untracked 
| 169|0x00000000ea900000, 0x00000000ea900000, 0x00000000eaa00000|  0%| F|  |TAMS 0x00000000ea900000, 0x00000000ea900000| Untracked 
| 170|0x00000000eaa00000, 0x00000000eaa00000, 0x00000000eab00000|  0%| F|  |TAMS 0x00000000eaa00000, 0x00000000eaa00000| Untracked 
| 171|0x00000000eab00000, 0x00000000eab00000, 0x00000000eac00000|  0%| F|  |TAMS 0x00000000eab00000, 0x00000000eab00000| Untracked 
| 172|0x00000000eac00000, 0x00000000eac00000, 0x00000000ead00000|  0%| F|  |TAMS 0x00000000eac00000, 0x00000000eac00000| Untracked 
| 173|0x00000000ead00000, 0x00000000ead00000, 0x00000000eae00000|  0%| F|  |TAMS 0x00000000ead00000, 0x00000000ead00000| Untracked 
| 174|0x00000000eae00000, 0x00000000eae00000, 0x00000000eaf00000|  0%| F|  |TAMS 0x00000000eae00000, 0x00000000eae00000| Untracked 
| 175|0x00000000eaf00000, 0x00000000eaf00000, 0x00000000eb000000|  0%| F|  |TAMS 0x00000000eaf00000, 0x00000000eaf00000| Untracked 
| 176|0x00000000eb000000, 0x00000000eb000000, 0x00000000eb100000|  0%| F|  |TAMS 0x00000000eb000000, 0x00000000eb000000| Untracked 
| 177|0x00000000eb100000, 0x00000000eb100000, 0x00000000eb200000|  0%| F|  |TAMS 0x00000000eb100000, 0x00000000eb100000| Untracked 
| 178|0x00000000eb200000, 0x00000000eb200000, 0x00000000eb300000|  0%| F|  |TAMS 0x00000000eb200000, 0x00000000eb200000| Untracked 
| 179|0x00000000eb300000, 0x00000000eb300000, 0x00000000eb400000|  0%| F|  |TAMS 0x00000000eb300000, 0x00000000eb300000| Untracked 
| 180|0x00000000eb400000, 0x00000000eb400000, 0x00000000eb500000|  0%| F|  |TAMS 0x00000000eb400000, 0x00000000eb400000| Untracked 
| 181|0x00000000eb500000, 0x00000000eb500000, 0x00000000eb600000|  0%| F|  |TAMS 0x00000000eb500000, 0x00000000eb500000| Untracked 
| 182|0x00000000eb600000, 0x00000000eb600000, 0x00000000eb700000|  0%| F|  |TAMS 0x00000000eb600000, 0x00000000eb600000| Untracked 
| 183|0x00000000eb700000, 0x00000000eb700000, 0x00000000eb800000|  0%| F|  |TAMS 0x00000000eb700000, 0x00000000eb700000| Untracked 
| 184|0x00000000eb800000, 0x00000000eb800000, 0x00000000eb900000|  0%| F|  |TAMS 0x00000000eb800000, 0x00000000eb800000| Untracked 
| 185|0x00000000eb900000, 0x00000000eb900000, 0x00000000eba00000|  0%| F|  |TAMS 0x00000000eb900000, 0x00000000eb900000| Untracked 
| 186|0x00000000eba00000, 0x00000000eba00000, 0x00000000ebb00000|  0%| F|  |TAMS 0x00000000eba00000, 0x00000000eba00000| Untracked 
| 187|0x00000000ebb00000, 0x00000000ebb00000, 0x00000000ebc00000|  0%| F|  |TAMS 0x00000000ebb00000, 0x00000000ebb00000| Untracked 
| 188|0x00000000ebc00000, 0x00000000ebc00000, 0x00000000ebd00000|  0%| F|  |TAMS 0x00000000ebc00000, 0x00000000ebc00000| Untracked 
| 189|0x00000000ebd00000, 0x00000000ebd00000, 0x00000000ebe00000|  0%| F|  |TAMS 0x00000000ebd00000, 0x00000000ebd00000| Untracked 
| 190|0x00000000ebe00000, 0x00000000ebe00000, 0x00000000ebf00000|  0%| F|  |TAMS 0x00000000ebe00000, 0x00000000ebe00000| Untracked 
| 191|0x00000000ebf00000, 0x00000000ebf00000, 0x00000000ec000000|  0%| F|  |TAMS 0x00000000ebf00000, 0x00000000ebf00000| Untracked 
| 192|0x00000000ec000000, 0x00000000ec000000, 0x00000000ec100000|  0%| F|  |TAMS 0x00000000ec000000, 0x00000000ec000000| Untracked 
| 193|0x00000000ec100000, 0x00000000ec100000, 0x00000000ec200000|  0%| F|  |TAMS 0x00000000ec100000, 0x00000000ec100000| Untracked 
| 194|0x00000000ec200000, 0x00000000ec200000, 0x00000000ec300000|  0%| F|  |TAMS 0x00000000ec200000, 0x00000000ec200000| Untracked 
| 195|0x00000000ec300000, 0x00000000ec300000, 0x00000000ec400000|  0%| F|  |TAMS 0x00000000ec300000, 0x00000000ec300000| Untracked 
| 196|0x00000000ec400000, 0x00000000ec400000, 0x00000000ec500000|  0%| F|  |TAMS 0x00000000ec400000, 0x00000000ec400000| Untracked 
| 197|0x00000000ec500000, 0x00000000ec500000, 0x00000000ec600000|  0%| F|  |TAMS 0x00000000ec500000, 0x00000000ec500000| Untracked 
| 198|0x00000000ec600000, 0x00000000ec600000, 0x00000000ec700000|  0%| F|  |TAMS 0x00000000ec600000, 0x00000000ec600000| Untracked 
| 199|0x00000000ec700000, 0x00000000ec700000, 0x00000000ec800000|  0%| F|  |TAMS 0x00000000ec700000, 0x00000000ec700000| Untracked 
| 200|0x00000000ec800000, 0x00000000ec800000, 0x00000000ec900000|  0%| F|  |TAMS 0x00000000ec800000, 0x00000000ec800000| Untracked 
| 201|0x00000000ec900000, 0x00000000ec900000, 0x00000000eca00000|  0%| F|  |TAMS 0x00000000ec900000, 0x00000000ec900000| Untracked 
| 202|0x00000000eca00000, 0x00000000eca00000, 0x00000000ecb00000|  0%| F|  |TAMS 0x00000000eca00000, 0x00000000eca00000| Untracked 
| 203|0x00000000ecb00000, 0x00000000ecb00000, 0x00000000ecc00000|  0%| F|  |TAMS 0x00000000ecb00000, 0x00000000ecb00000| Untracked 
| 204|0x00000000ecc00000, 0x00000000ecc00000, 0x00000000ecd00000|  0%| F|  |TAMS 0x00000000ecc00000, 0x00000000ecc00000| Untracked 
| 205|0x00000000ecd00000, 0x00000000ecd00000, 0x00000000ece00000|  0%| F|  |TAMS 0x00000000ecd00000, 0x00000000ecd00000| Untracked 
| 206|0x00000000ece00000, 0x00000000ece00000, 0x00000000ecf00000|  0%| F|  |TAMS 0x00000000ece00000, 0x00000000ece00000| Untracked 
| 207|0x00000000ecf00000, 0x00000000ecf00000, 0x00000000ed000000|  0%| F|  |TAMS 0x00000000ecf00000, 0x00000000ecf00000| Untracked 
| 208|0x00000000ed000000, 0x00000000ed000000, 0x00000000ed100000|  0%| F|  |TAMS 0x00000000ed000000, 0x00000000ed000000| Untracked 
| 209|0x00000000ed100000, 0x00000000ed100000, 0x00000000ed200000|  0%| F|  |TAMS 0x00000000ed100000, 0x00000000ed100000| Untracked 
| 210|0x00000000ed200000, 0x00000000ed200000, 0x00000000ed300000|  0%| F|  |TAMS 0x00000000ed200000, 0x00000000ed200000| Untracked 
| 211|0x00000000ed300000, 0x00000000ed300000, 0x00000000ed400000|  0%| F|  |TAMS 0x00000000ed300000, 0x00000000ed300000| Untracked 
| 212|0x00000000ed400000, 0x00000000ed400000, 0x00000000ed500000|  0%| F|  |TAMS 0x00000000ed400000, 0x00000000ed400000| Untracked 
| 213|0x00000000ed500000, 0x00000000ed500000, 0x00000000ed600000|  0%| F|  |TAMS 0x00000000ed500000, 0x00000000ed500000| Untracked 
| 214|0x00000000ed600000, 0x00000000ed600000, 0x00000000ed700000|  0%| F|  |TAMS 0x00000000ed600000, 0x00000000ed600000| Untracked 
| 215|0x00000000ed700000, 0x00000000ed700000, 0x00000000ed800000|  0%| F|  |TAMS 0x00000000ed700000, 0x00000000ed700000| Untracked 
| 216|0x00000000ed800000, 0x00000000ed800000, 0x00000000ed900000|  0%| F|  |TAMS 0x00000000ed800000, 0x00000000ed800000| Untracked 
| 217|0x00000000ed900000, 0x00000000ed900000, 0x00000000eda00000|  0%| F|  |TAMS 0x00000000ed900000, 0x00000000ed900000| Untracked 
| 218|0x00000000eda00000, 0x00000000eda00000, 0x00000000edb00000|  0%| F|  |TAMS 0x00000000eda00000, 0x00000000eda00000| Untracked 
| 219|0x00000000edb00000, 0x00000000edb00000, 0x00000000edc00000|  0%| F|  |TAMS 0x00000000edb00000, 0x00000000edb00000| Untracked 
| 220|0x00000000edc00000, 0x00000000edc00000, 0x00000000edd00000|  0%| F|  |TAMS 0x00000000edc00000, 0x00000000edc00000| Untracked 
| 221|0x00000000edd00000, 0x00000000edd00000, 0x00000000ede00000|  0%| F|  |TAMS 0x00000000edd00000, 0x00000000edd00000| Untracked 
| 222|0x00000000ede00000, 0x00000000ede00000, 0x00000000edf00000|  0%| F|  |TAMS 0x00000000ede00000, 0x00000000ede00000| Untracked 
| 223|0x00000000edf00000, 0x00000000edf00000, 0x00000000ee000000|  0%| F|  |TAMS 0x00000000edf00000, 0x00000000edf00000| Untracked 
| 224|0x00000000ee000000, 0x00000000ee000000, 0x00000000ee100000|  0%| F|  |TAMS 0x00000000ee000000, 0x00000000ee000000| Untracked 
| 225|0x00000000ee100000, 0x00000000ee200000, 0x00000000ee200000|100%| S|CS|TAMS 0x00000000ee100000, 0x00000000ee100000| Complete 
| 226|0x00000000ee200000, 0x00000000ee300000, 0x00000000ee300000|100%| S|CS|TAMS 0x00000000ee200000, 0x00000000ee200000| Complete 
| 227|0x00000000ee300000, 0x00000000ee300000, 0x00000000ee400000|  0%| F|  |TAMS 0x00000000ee300000, 0x00000000ee300000| Untracked 
| 228|0x00000000ee400000, 0x00000000ee400000, 0x00000000ee500000|  0%| F|  |TAMS 0x00000000ee400000, 0x00000000ee400000| Untracked 
| 229|0x00000000ee500000, 0x00000000ee500000, 0x00000000ee600000|  0%| F|  |TAMS 0x00000000ee500000, 0x00000000ee500000| Untracked 
| 230|0x00000000ee600000, 0x00000000ee666f28, 0x00000000ee700000| 40%| E|  |TAMS 0x00000000ee600000, 0x00000000ee600000| Complete 
| 231|0x00000000ee700000, 0x00000000ee800000, 0x00000000ee800000|100%| E|CS|TAMS 0x00000000ee700000, 0x00000000ee700000| Complete 
| 232|0x00000000ee800000, 0x00000000ee900000, 0x00000000ee900000|100%| E|CS|TAMS 0x00000000ee800000, 0x00000000ee800000| Complete 
| 233|0x00000000ee900000, 0x00000000eea00000, 0x00000000eea00000|100%| E|CS|TAMS 0x00000000ee900000, 0x00000000ee900000| Complete 
| 234|0x00000000eea00000, 0x00000000eeb00000, 0x00000000eeb00000|100%| E|CS|TAMS 0x00000000eea00000, 0x00000000eea00000| Complete 
| 235|0x00000000eeb00000, 0x00000000eec00000, 0x00000000eec00000|100%| E|CS|TAMS 0x00000000eeb00000, 0x00000000eeb00000| Complete 
| 236|0x00000000eec00000, 0x00000000eed00000, 0x00000000eed00000|100%| E|CS|TAMS 0x00000000eec00000, 0x00000000eec00000| Complete 
| 237|0x00000000eed00000, 0x00000000eee00000, 0x00000000eee00000|100%| E|CS|TAMS 0x00000000eed00000, 0x00000000eed00000| Complete 
| 238|0x00000000eee00000, 0x00000000eef00000, 0x00000000eef00000|100%| E|CS|TAMS 0x00000000eee00000, 0x00000000eee00000| Complete 
| 239|0x00000000eef00000, 0x00000000ef000000, 0x00000000ef000000|100%| E|CS|TAMS 0x00000000eef00000, 0x00000000eef00000| Complete 

Card table byte_map: [0x00000255b9300000,0x00000255b9400000] _byte_map_base: 0x00000255b8c00000

Marking Bits (Prev, Next): (CMBitMap*) 0x00000255a2130f30, (CMBitMap*) 0x00000255a2130f70
 Prev Bits: [0x00000255b9500000, 0x00000255b9d00000)
 Next Bits: [0x00000255b9d00000, 0x00000255ba500000)

Polling page: 0x00000255a0050000

Metaspace:

Usage:
  Non-class:      5.72 MB capacity,     4.77 MB ( 83%) used,   961.67 KB ( 16%) free+waste,     7.25 KB ( <1%) overhead. 
      Class:    796.00 KB capacity,   707.25 KB ( 89%) used,    84.88 KB ( 11%) free+waste,     3.88 KB ( <1%) overhead. 
       Both:      6.50 MB capacity,     5.46 MB ( 84%) used,     1.02 MB ( 16%) free+waste,    11.12 KB ( <1%) overhead. 

Virtual space:
  Non-class space:        8.00 MB reserved,       5.75 MB ( 72%) committed 
      Class space:        1.00 GB reserved,     896.00 KB ( <1%) committed 
             Both:        1.01 GB reserved,       6.62 MB ( <1%) committed 

Chunk freelists:
   Non-Class:  33.00 KB
       Class:  4.00 KB
        Both:  37.00 KB

MaxMetaspaceSize: 17179869184.00 GB
CompressedClassSpaceSize: 1.00 GB

CodeHeap 'non-profiled nmethods': size=120000Kb used=326Kb max_used=326Kb free=119673Kb
 bounds [0x00000255b1dd0000, 0x00000255b2040000, 0x00000255b9300000]
CodeHeap 'profiled nmethods': size=120000Kb used=1967Kb max_used=1967Kb free=118032Kb
 bounds [0x00000255aa8a0000, 0x00000255aab10000, 0x00000255b1dd0000]
CodeHeap 'non-nmethods': size=5760Kb used=1161Kb max_used=1178Kb free=4598Kb
 bounds [0x00000255aa300000, 0x00000255aa570000, 0x00000255aa8a0000]
 total_blobs=1471 nmethods=1054 adapters=331
 compilation: enabled
              stopped_count=0, restarted_count=0
 full_count=0

Compilation events (20 events):
Event: 2.141 Thread 0x00000255bcb38b90 nmethod 1045 0x00000255aaa86790 code [0x00000255aaa86a40, 0x00000255aaa87898]
Event: 2.141 Thread 0x00000255bcb38b90 1044       3       jdk.internal.org.objectweb.asm.Edge::<init> (20 bytes)
Event: 2.141 Thread 0x00000255bcb38b90 nmethod 1044 0x00000255aaa87f10 code [0x00000255aaa880c0, 0x00000255aaa882d8]
Event: 2.141 Thread 0x00000255bcb38b90 1046       3       jdk.internal.org.objectweb.asm.MethodWriter::visitFieldInsn (258 bytes)
Event: 2.142 Thread 0x00000255bcb38b90 nmethod 1046 0x00000255aaa88390 code [0x00000255aaa885e0, 0x00000255aaa89128]
Event: 2.156 Thread 0x00000255bcb38b90 1048       3       java.lang.ClassLoader::defineClass (43 bytes)
Event: 2.157 Thread 0x00000255bcb38b90 nmethod 1048 0x00000255aaa89510 code [0x00000255aaa89700, 0x00000255aaa89bf8]
Event: 2.158 Thread 0x00000255bcb38b90 1049       3       jdk.internal.loader.URLClassPath$JarLoader$2::getInputStream (15 bytes)
Event: 2.158 Thread 0x00000255bcb38b90 nmethod 1049 0x00000255aaa89e90 code [0x00000255aaa8a040, 0x00000255aaa8a1a8]
Event: 2.158 Thread 0x00000255bcb38b90 1050       3       jdk.internal.loader.URLClassPath$JarLoader$2::getContentLength (9 bytes)
Event: 2.159 Thread 0x00000255bcb38b90 nmethod 1050 0x00000255aaa8a290 code [0x00000255aaa8a420, 0x00000255aaa8a5d8]
Event: 2.159 Thread 0x00000255bcb38b90 1051       3       jdk.internal.loader.URLClassPath$JarLoader$2::getCodeSigners (8 bytes)
Event: 2.159 Thread 0x00000255bcb38b90 nmethod 1051 0x00000255aaa8a690 code [0x00000255aaa8a840, 0x00000255aaa8aa08]
Event: 2.159 Thread 0x00000255bcb38b90 1052   !   3       java.util.jar.JarFile$JarFileEntry::getCodeSigners (81 bytes)
Event: 2.160 Thread 0x00000255bcb38b90 nmethod 1052 0x00000255aaa8ab10 code [0x00000255aaa8ad20, 0x00000255aaa8b308]
Event: 2.161 Thread 0x00000255bcb34710 nmethod 1037 0x00000255b1e1e490 code [0x00000255b1e1e6a0, 0x00000255b1e1f270]
Event: 2.161 Thread 0x00000255bcb34710 1047   !   4       java.util.zip.ZipFile$Source::getEntryPos (174 bytes)
Event: 2.162 Thread 0x00000255bcb38b90 1053       3       java.io.File::exists (34 bytes)
Event: 2.163 Thread 0x00000255bcb38b90 nmethod 1053 0x00000255aaa8b510 code [0x00000255aaa8b700, 0x00000255aaa8bc28]
Event: 2.172 Thread 0x00000255bcb38b90 1056       3       java.net.URLStreamHandler::parseURL (1201 bytes)

GC Heap History (2 events):
Event: 1.335 GC heap before
{Heap before GC invocations=0 (full 0):
 garbage-first heap   total 245760K, used 14336K [0x00000000e0000000, 0x0000000100000000)
  region size 1024K, 13 young (13312K), 0 survivors (0K)
 Metaspace       used 2127K, capacity 5180K, committed 5504K, reserved 1056768K
  class space    used 230K, capacity 532K, committed 640K, reserved 1048576K
}
Event: 1.352 GC heap after
{Heap after GC invocations=1 (full 0):
 garbage-first heap   total 245760K, used 10225K [0x00000000e0000000, 0x0000000100000000)
  region size 1024K, 2 young (2048K), 2 survivors (2048K)
 Metaspace       used 2127K, capacity 5180K, committed 5504K, reserved 1056768K
  class space    used 230K, capacity 532K, committed 640K, reserved 1048576K
}

Deoptimization events (20 events):
Event: 1.985 Thread 0x000002559ff4e720 DEOPT PACKING pc=0x00000255b1dfdc98 sp=0x000000d3d56fd7f0
Event: 1.985 Thread 0x000002559ff4e720 DEOPT UNPACKING pc=0x00000255aa34e12f sp=0x000000d3d56fd7c0 mode 2
Event: 2.027 Thread 0x000002559ff4e720 DEOPT PACKING pc=0x00000255aa8ad0df sp=0x000000d3d56fddb0
Event: 2.027 Thread 0x000002559ff4e720 DEOPT UNPACKING pc=0x00000255aa34df3f sp=0x000000d3d56fd200 mode 0
Event: 2.136 Thread 0x000002559ff4e720 Uncommon trap: trap_request=0xffffffde fr.pc=0x00000255b1e0d3ac relative=0x000000000000092c
Event: 2.136 Thread 0x000002559ff4e720 Uncommon trap: reason=class_check action=maybe_recompile pc=0x00000255b1e0d3ac method=java.util.HashMap.putVal(ILjava/lang/Object;Ljava/lang/Object;ZZ)Ljava/lang/Object; @ 253 c2
Event: 2.136 Thread 0x000002559ff4e720 DEOPT PACKING pc=0x00000255b1e0d3ac sp=0x000000d3d56fdd50
Event: 2.136 Thread 0x000002559ff4e720 DEOPT UNPACKING pc=0x00000255aa34e12f sp=0x000000d3d56fdcf0 mode 2
Event: 2.136 Thread 0x000002559ff4e720 Uncommon trap: trap_request=0xffffffde fr.pc=0x00000255b1e0d3ac relative=0x000000000000092c
Event: 2.136 Thread 0x000002559ff4e720 Uncommon trap: reason=class_check action=maybe_recompile pc=0x00000255b1e0d3ac method=java.util.HashMap.putVal(ILjava/lang/Object;Ljava/lang/Object;ZZ)Ljava/lang/Object; @ 253 c2
Event: 2.136 Thread 0x000002559ff4e720 DEOPT PACKING pc=0x00000255b1e0d3ac sp=0x000000d3d56fdd50
Event: 2.136 Thread 0x000002559ff4e720 DEOPT UNPACKING pc=0x00000255aa34e12f sp=0x000000d3d56fdcf0 mode 2
Event: 2.136 Thread 0x000002559ff4e720 Uncommon trap: trap_request=0xffffffde fr.pc=0x00000255b1e0d3ac relative=0x000000000000092c
Event: 2.136 Thread 0x000002559ff4e720 Uncommon trap: reason=class_check action=maybe_recompile pc=0x00000255b1e0d3ac method=java.util.HashMap.putVal(ILjava/lang/Object;Ljava/lang/Object;ZZ)Ljava/lang/Object; @ 253 c2
Event: 2.136 Thread 0x000002559ff4e720 DEOPT PACKING pc=0x00000255b1e0d3ac sp=0x000000d3d56fdd50
Event: 2.136 Thread 0x000002559ff4e720 DEOPT UNPACKING pc=0x00000255aa34e12f sp=0x000000d3d56fdcf0 mode 2
Event: 2.136 Thread 0x000002559ff4e720 Uncommon trap: trap_request=0xffffffde fr.pc=0x00000255b1e0d3ac relative=0x000000000000092c
Event: 2.136 Thread 0x000002559ff4e720 Uncommon trap: reason=class_check action=maybe_recompile pc=0x00000255b1e0d3ac method=java.util.HashMap.putVal(ILjava/lang/Object;Ljava/lang/Object;ZZ)Ljava/lang/Object; @ 253 c2
Event: 2.136 Thread 0x000002559ff4e720 DEOPT PACKING pc=0x00000255b1e0d3ac sp=0x000000d3d56fdd50
Event: 2.136 Thread 0x000002559ff4e720 DEOPT UNPACKING pc=0x00000255aa34e12f sp=0x000000d3d56fdcf0 mode 2

Classes unloaded (0 events):
No events

Classes redefined (0 events):
No events

Internal exceptions (18 events):
Event: 0.481 Thread 0x000002559ff4e720 Exception <a 'java/lang/NoSuchMethodError'{0x00000000eeec1d10}: 'void java.lang.invoke.DirectMethodHandle$Holder.invokeInterface(java.lang.Object, java.lang.Object, java.lang.Object)'> (0x00000000eeec1d10) 
thrown [./open/src/hotspot/share/interpreter/linkResolver.cpp, line 782]
Event: 0.749 Thread 0x000002559ff4e720 Exception <a 'java/lang/NoSuchMethodError'{0x00000000eea26be0}: 'void java.lang.invoke.DirectMethodHandle$Holder.invokeSpecial(java.lang.Object, java.lang.Object, java.lang.Object)'> (0x00000000eea26be0) 
thrown [./open/src/hotspot/share/interpreter/linkResolver.cpp, line 782]
Event: 1.400 Thread 0x000002559ff4e720 Exception <a 'java/lang/NoSuchMethodError'{0x00000000eefa88b8}: 'java.lang.Object java.lang.invoke.DirectMethodHandle$Holder.invokeVirtual(java.lang.Object, java.lang.Object, java.lang.Object, java.lang.Object, java.lang.Object, java.lang.Object, java.lang.Object)'> (0x00000000eefa88b8) 
thrown [./open/src/hotspot/share/interpreter/linkResolver.cpp, line 782]
Event: 1.408 Thread 0x000002559ff4e720 Exception <a 'java/lang/NoSuchMethodError'{0x00000000eefba048}: 'java.lang.Object java.lang.invoke.Invokers$Holder.invoker(java.lang.Object, java.lang.Object, java.lang.Object)'> (0x00000000eefba048) 
thrown [./open/src/hotspot/share/interpreter/linkResolver.cpp, line 782]
Event: 1.415 Thread 0x000002559ff4e720 Exception <a 'java/lang/NoSuchMethodError'{0x00000000eefc4528}: 'java.lang.Object java.lang.invoke.DirectMethodHandle$Holder.invokeStatic(java.lang.Object, java.lang.Object, int)'> (0x00000000eefc4528) 
thrown [./open/src/hotspot/share/interpreter/linkResolver.cpp, line 782]
Event: 1.420 Thread 0x000002559ff4e720 Exception <a 'java/lang/NoSuchMethodError'{0x00000000eefd06d8}: 'void java.lang.invoke.DelegatingMethodHandle$Holder.delegate(java.lang.Object, java.lang.Object, int, java.lang.Object)'> (0x00000000eefd06d8) 
thrown [./open/src/hotspot/share/interpreter/linkResolver.cpp, line 782]
Event: 1.422 Thread 0x000002559ff4e720 Exception <a 'java/lang/NoSuchMethodError'{0x00000000eefd4a30}: 'int java.lang.invoke.DirectMethodHandle$Holder.invokeSpecial(java.lang.Object, java.lang.Object, java.lang.Object)'> (0x00000000eefd4a30) 
thrown [./open/src/hotspot/share/interpreter/linkResolver.cpp, line 782]
Event: 1.431 Thread 0x000002559ff4e720 Exception <a 'java/lang/NoSuchMethodError'{0x00000000eefe8798}: 'java.lang.Object java.lang.invoke.Invokers$Holder.invokeExact_MT(java.lang.Object, java.lang.Object, java.lang.Object, java.lang.Object)'> (0x00000000eefe8798) 
thrown [./open/src/hotspot/share/interpreter/linkResolver.cpp, line 782]
Event: 1.573 Thread 0x000002559ff4e720 Exception <a 'java/lang/NoSuchMethodError'{0x00000000eedb3fc0}: 'java.lang.Object java.lang.invoke.DirectMethodHandle$Holder.invokeStatic(java.lang.Object)'> (0x00000000eedb3fc0) 
thrown [./open/src/hotspot/share/interpreter/linkResolver.cpp, line 782]
Event: 1.573 Thread 0x000002559ff4e720 Exception <a 'java/lang/NoSuchMethodError'{0x00000000eedb7630}: 'java.lang.Object java.lang.invoke.DirectMethodHandle$Holder.invokeStaticInit(java.lang.Object)'> (0x00000000eedb7630) 
thrown [./open/src/hotspot/share/interpreter/linkResolver.cpp, line 782]
Event: 1.600 Thread 0x000002559ff4e720 Exception <a 'java/lang/NoSuchMethodError'{0x00000000eedf8f70}: static Ljava/lang/Object;.<clinit>()V> (0x00000000eedf8f70) 
thrown [./open/src/hotspot/share/prims/jni.cpp, line 1204]
Event: 1.619 Thread 0x000002559ff4e720 Exception <a 'java/lang/NoSuchMethodError'{0x00000000eec11928}: 'void java.lang.invoke.DirectMethodHandle$Holder.invokeStatic(java.lang.Object, java.lang.Object)'> (0x00000000eec11928) 
thrown [./open/src/hotspot/share/interpreter/linkResolver.cpp, line 782]
Event: 1.620 Thread 0x000002559ff4e720 Exception <a 'java/lang/NoSuchMethodError'{0x00000000eec15330}: 'void java.lang.invoke.DirectMethodHandle$Holder.invokeStaticInit(java.lang.Object, java.lang.Object)'> (0x00000000eec15330) 
thrown [./open/src/hotspot/share/interpreter/linkResolver.cpp, line 782]
Event: 1.643 Thread 0x000002559ff4e720 Exception <a 'java/lang/NoSuchMethodError'{0x00000000eec4ee70}: static Lorg/gradle/api/internal/tasks/testing/junit/JUnitTestFramework$TestClassProcessorFactoryImpl;.<clinit>()V> (0x00000000eec4ee70) 
thrown [./open/src/hotspot/share/prims/jni.cpp, line 1204]
Event: 1.646 Thread 0x000002559ff4e720 Exception <a 'java/lang/NoSuchMethodError'{0x00000000eec57360}: static Lorg/gradle/api/internal/tasks/testing/junit/AbstractJUnitSpec;.<clinit>()V> (0x00000000eec57360) 
thrown [./open/src/hotspot/share/prims/jni.cpp, line 1204]
Event: 1.649 Thread 0x000002559ff4e720 Exception <a 'java/lang/NoSuchMethodError'{0x00000000eec5f1d8}: static Lorg/gradle/api/internal/tasks/testing/junit/JUnitSpec;.<clinit>()V> (0x00000000eec5f1d8) 
thrown [./open/src/hotspot/share/prims/jni.cpp, line 1204]
Event: 1.846 Thread 0x000002559ff4e720 Exception <a 'java/lang/NoSuchMethodError'{0x00000000eeaf54f0}: 'java.lang.Object java.lang.invoke.DirectMethodHandle$Holder.invokeStaticInit(java.lang.Object, int, int, int, int)'> (0x00000000eeaf54f0) 
thrown [./open/src/hotspot/share/interpreter/linkResolver.cpp, line 782]
Event: 2.006 Thread 0x000002559ff4e720 Exception <a 'java/lang/NoSuchMethodError'{0x00000000ee9671f8}: 'java.lang.Object java.lang.invoke.DirectMethodHandle$Holder.invokeStaticInit(java.lang.Object, java.lang.Object, int, int, int, int)'> (0x00000000ee9671f8) 
thrown [./open/src/hotspot/share/interpreter/linkResolver.cpp, line 782]

Events (20 events):
Event: 2.108 loading class sun/reflect/annotation/AnnotationType$1
Event: 2.109 loading class sun/reflect/annotation/AnnotationType$1 done
Event: 2.109 loading class java/lang/annotation/Retention
Event: 2.109 loading class java/lang/annotation/Retention done
Event: 2.109 loading class java/lang/annotation/Inherited
Event: 2.109 loading class java/lang/annotation/Inherited done
Event: 2.109 loading class java/lang/annotation/RetentionPolicy
Event: 2.109 loading class java/lang/annotation/RetentionPolicy done
Event: 2.110 loading class sun/reflect/annotation/AnnotationTypeMismatchExceptionProxy
Event: 2.110 loading class sun/reflect/annotation/ExceptionProxy
Event: 2.110 loading class sun/reflect/annotation/ExceptionProxy done
Event: 2.110 loading class sun/reflect/annotation/AnnotationTypeMismatchExceptionProxy done
Event: 2.110 loading class sun/reflect/annotation/AnnotationParser$1
Event: 2.110 loading class sun/reflect/annotation/AnnotationParser$1 done
Event: 2.110 loading class sun/reflect/annotation/AnnotationInvocationHandler
Event: 2.111 loading class sun/reflect/annotation/AnnotationInvocationHandler done
Event: 2.114 loading class java/lang/annotation/Target
Event: 2.114 loading class java/lang/annotation/Target done
Event: 2.140 loading class java/lang/Class$AnnotationData
Event: 2.141 loading class java/lang/Class$AnnotationData done


Dynamic libraries:
0x00007ff7ac030000 - 0x00007ff7ac03f000 	C:\Program Files\Java\jdk-15.0.1\bin\java.exe
0x00007ff8918b0000 - 0x00007ff891aa8000 	C:\WINDOWS\SYSTEM32\ntdll.dll
0x00007ff891440000 - 0x00007ff8914ff000 	C:\WINDOWS\System32\KERNEL32.DLL
0x00007ff88f3b0000 - 0x00007ff88f682000 	C:\WINDOWS\System32\KERNELBASE.dll
0x00007ff88f710000 - 0x00007ff88f810000 	C:\WINDOWS\System32\ucrtbase.dll
0x00007ff8887c0000 - 0x00007ff8887d9000 	C:\Program Files\Java\jdk-15.0.1\bin\VCRUNTIME140.dll
0x00007ff8886f0000 - 0x00007ff888708000 	C:\Program Files\Java\jdk-15.0.1\bin\jli.dll
0x00007ff8916a0000 - 0x00007ff89174e000 	C:\WINDOWS\System32\ADVAPI32.dll
0x00007ff88ff80000 - 0x00007ff89001e000 	C:\WINDOWS\System32\msvcrt.dll
0x00007ff88f980000 - 0x00007ff88fa1c000 	C:\WINDOWS\System32\sechost.dll
0x00007ff8901a0000 - 0x00007ff8902c5000 	C:\WINDOWS\System32\RPCRT4.dll
0x00007ff890930000 - 0x00007ff890ad1000 	C:\WINDOWS\System32\USER32.dll
0x00007ff88f6e0000 - 0x00007ff88f702000 	C:\WINDOWS\System32\win32u.dll
0x00007ff88faa0000 - 0x00007ff88facb000 	C:\WINDOWS\System32\GDI32.dll
0x00007ff87ef90000 - 0x00007ff87f22a000 	C:\WINDOWS\WinSxS\amd64_microsoft.windows.common-controls_6595b64144ccf1df_6.0.19041.1110_none_60b5254171f9507e\COMCTL32.dll
0x00007ff88f2a0000 - 0x00007ff88f3af000 	C:\WINDOWS\System32\gdi32full.dll
0x00007ff88f030000 - 0x00007ff88f0cd000 	C:\WINDOWS\System32\msvcp_win.dll
0x00007ff886010000 - 0x00007ff88601a000 	C:\WINDOWS\SYSTEM32\VERSION.dll
0x00007ff88fad0000 - 0x00007ff88fb02000 	C:\WINDOWS\System32\IMM32.DLL
0x00007ff88aa50000 - 0x00007ff88aa5c000 	C:\Program Files\Java\jdk-15.0.1\bin\vcruntime140_1.dll
0x00007ff869de0000 - 0x00007ff869e71000 	C:\Program Files\Java\jdk-15.0.1\bin\msvcp140.dll
0x00007ff844ae0000 - 0x00007ff84563e000 	C:\Program Files\Java\jdk-15.0.1\bin\server\jvm.dll
0x00007ff88fa90000 - 0x00007ff88fa98000 	C:\WINDOWS\System32\PSAPI.DLL
0x00007ff870290000 - 0x00007ff870299000 	C:\WINDOWS\SYSTEM32\WSOCK32.dll
0x00007ff885fe0000 - 0x00007ff886007000 	C:\WINDOWS\SYSTEM32\WINMM.dll
0x00007ff88fa20000 - 0x00007ff88fa8b000 	C:\WINDOWS\System32\WS2_32.dll
0x00007ff88ceb0000 - 0x00007ff88cec2000 	C:\WINDOWS\SYSTEM32\kernel.appcore.dll
0x00007ff888d30000 - 0x00007ff888d3a000 	C:\Program Files\Java\jdk-15.0.1\bin\jimage.dll
0x00007ff875850000 - 0x00007ff875a34000 	C:\WINDOWS\SYSTEM32\DBGHELP.DLL
0x00007ff875770000 - 0x00007ff8757a5000 	C:\WINDOWS\SYSTEM32\dbgcore.DLL
0x00007ff88f8f0000 - 0x00007ff88f972000 	C:\WINDOWS\System32\bcryptPrimitives.dll
0x00007ff884a90000 - 0x00007ff884ab5000 	C:\Program Files\Java\jdk-15.0.1\bin\java.dll
0x00007ff890cf0000 - 0x00007ff891434000 	C:\WINDOWS\System32\SHELL32.dll
0x00007ff88d0b0000 - 0x00007ff88d842000 	C:\WINDOWS\SYSTEM32\windows.storage.dll
0x00007ff8903c0000 - 0x00007ff890715000 	C:\WINDOWS\System32\combase.dll
0x00007ff88e8d0000 - 0x00007ff88e900000 	C:\WINDOWS\SYSTEM32\Wldp.dll
0x00007ff8900f0000 - 0x00007ff89019d000 	C:\WINDOWS\System32\SHCORE.dll
0x00007ff8908d0000 - 0x00007ff890925000 	C:\WINDOWS\System32\shlwapi.dll
0x00007ff88ef70000 - 0x00007ff88ef8f000 	C:\WINDOWS\SYSTEM32\profapi.dll
0x00007ff884a00000 - 0x00007ff884a19000 	C:\Program Files\Java\jdk-15.0.1\bin\net.dll
0x00007ff883800000 - 0x00007ff88390c000 	C:\WINDOWS\SYSTEM32\WINHTTP.dll
0x00007ff88e6b0000 - 0x00007ff88e71a000 	C:\WINDOWS\system32\mswsock.dll
0x00007ff8849e0000 - 0x00007ff8849f2000 	C:\Program Files\Java\jdk-15.0.1\bin\nio.dll
0x00007ff8846c0000 - 0x00007ff8846d8000 	C:\Program Files\Java\jdk-15.0.1\bin\zip.dll
0x00007ff888c60000 - 0x00007ff888c70000 	C:\Program Files\Java\jdk-15.0.1\bin\verify.dll
0x00007ff88e3c0000 - 0x00007ff88e3fb000 	C:\WINDOWS\SYSTEM32\IPHLPAPI.DLL
0x00007ff8902d0000 - 0x00007ff8902d8000 	C:\WINDOWS\System32\NSI.dll
0x00007ff8856e0000 - 0x00007ff8856f7000 	C:\WINDOWS\SYSTEM32\dhcpcsvc6.DLL
0x00007ff885b40000 - 0x00007ff885b5d000 	C:\WINDOWS\SYSTEM32\dhcpcsvc.DLL
0x00007ff88e400000 - 0x00007ff88e4ca000 	C:\WINDOWS\SYSTEM32\DNSAPI.dll
0x00007ff88e910000 - 0x00007ff88e928000 	C:\WINDOWS\SYSTEM32\CRYPTSP.dll
0x00007ff88dff0000 - 0x00007ff88e024000 	C:\WINDOWS\system32\rsaenh.dll
0x00007ff88f810000 - 0x00007ff88f837000 	C:\WINDOWS\System32\bcrypt.dll
0x00007ff88eef0000 - 0x00007ff88ef1e000 	C:\WINDOWS\SYSTEM32\USERENV.dll
0x00007ff88e840000 - 0x00007ff88e84c000 	C:\WINDOWS\SYSTEM32\CRYPTBASE.dll

dbghelp: loaded successfully - version: 4.0.5 - missing functions: none
symbol engine: initialized successfully - sym options: 0x614 - pdb path: .;C:\Program Files\Java\jdk-15.0.1\bin;C:\WINDOWS\SYSTEM32;C:\WINDOWS\WinSxS\amd64_microsoft.windows.common-controls_6595b64144ccf1df_6.0.19041.1110_none_60b5254171f9507e;C:\Program Files\Java\jdk-15.0.1\bin\server

VM Arguments:
jvm_args: -Dorg.gradle.internal.worker.tmpdir=C:\Users\Mario\Desktop\estudio programacion\Estudio test QA\Reto tecnico\RetoAutomatizacion\AutomatizacionSerenity\build\tmp\test\work -Dorg.gradle.native=false --add-opens=java.base/java.util=ALL-UNNAMED --add-opens=java.base/java.lang=ALL-UNNAMED -Xmx512m -Dfile.encoding=windows-1252 -Duser.country=CO -Duser.language=es -Duser.variant -ea 
java_command: worker.org.gradle.process.internal.worker.GradleWorkerMain 'Gradle Test Executor 9'
java_class_path (initial): C:\Users\Mario\.gradle\caches\7.4\workerMain\gradle-worker.jar;C:\Users\Mario\Desktop\estudio programacion\Estudio test QA\Reto tecnico\RetoAutomatizacion\AutomatizacionSerenity\build\classes\java\test;C:\Users\Mario\Desktop\estudio programacion\Estudio test QA\Reto tecnico\RetoAutomatizacion\AutomatizacionSerenity\build\resources\test;C:\Users\Mario\Desktop\estudio programacion\Estudio test QA\Reto tecnico\RetoAutomatizacion\AutomatizacionSerenity\build\classes\java\main;C:\Users\Mario\.gradle\caches\modules-2\files-2.1\net.serenity-bdd\serenity-junit\1.9.9\361d717dfe5aa990d0e1169ef3982915213ebf4c\serenity-junit-1.9.9.jar;C:\Users\Mario\.gradle\caches\modules-2\files-2.1\net.serenity-bdd\serenity-cucumber\1.9.5\36b69f7ab95d37b641560840cb71528426600f16\serenity-cucumber-1.9.5.jar;C:\Users\Mario\.gradle\caches\modules-2\files-2.1\net.serenity-bdd\serenity-screenplay-webdriver\2.1.6\421bfac8da63839f7fdb37e4be3ff500536f70a4\serenity-screenplay-webdriver-2.1.6.jar;C:\Users\Mario\.gradle\caches\modules-2\files-2.1\net.serenity-bdd\serenity-screenplay\2.1.6\2aa71203b5cf5cb7c845d17fdf624efc06b43d2c\serenity-screenplay-2.1.6.jar;C:\Users\Mario\.gradle\caches\modules-2\files-2.1\net.serenity-bdd\serenity-core\2.1.6\26da5d21884062c698e304525f4cbeb8c78cbfe3\serenity-core-2.1.6.jar;C:\Users\Mario\.gradle\caches\modules-2\files-2.1\net.serenity-bdd\serenity-reports\2.1.6\9c2f7df52859b185b8509e338bc2e549e6491280\serenity-reports-2.1.6.jar;C:\Users\Mario\.gradle\caches\modules-2\files-2.1\net.serenity-bdd\serenity-stats\2.1.6\16b138c1fdf444273e0bba8d5b8dd81cfbff93b9\serenity-stats-2.1.6.jar;C:\Users\Mario\.gradle\caches\modules-2\files-2.1\net.serenity-bdd\serenity-model\2.1.6\522a733c452d6b0282712626a692d9d5df016fcd\serenity-model-2.1.6.jar;C:\Users\Mario\.gradle\caches\modules-2\files-2.1\com.vladsch.flexmark\flexmark-all\0.34.30\dedf4ace1834e62c5baaa6433bee892efc759171\flexmark-all-0.34.30.jar;C:\Users\Mario\.gradle\caches\modules-2\files-2.1\com.vl
Launcher Type: SUN_STANDARD

[Global flags]
     intx CICompilerCount                          = 3                                         {product} {ergonomic}
     uint ConcGCThreads                            = 1                                         {product} {ergonomic}
     uint G1ConcRefinementThreads                  = 4                                         {product} {ergonomic}
   size_t G1HeapRegionSize                         = 1048576                                   {product} {ergonomic}
    uintx GCDrainStackTargetSize                   = 64                                        {product} {ergonomic}
   size_t InitialHeapSize                          = 251658240                                 {product} {ergonomic}
   size_t MarkStackSize                            = 4194304                                   {product} {ergonomic}
   size_t MaxHeapSize                              = 536870912                                 {product} {command line}
   size_t MaxNewSize                               = 321912832                                 {product} {ergonomic}
   size_t MinHeapDeltaBytes                        = 1048576                                   {product} {ergonomic}
   size_t MinHeapSize                              = 8388608                                   {product} {ergonomic}
    uintx NonNMethodCodeHeapSize                   = 5832780                                {pd product} {ergonomic}
    uintx NonProfiledCodeHeapSize                  = 122912730                              {pd product} {ergonomic}
    uintx ProfiledCodeHeapSize                     = 122912730                              {pd product} {ergonomic}
    uintx ReservedCodeCacheSize                    = 251658240                              {pd product} {ergonomic}
     bool SegmentedCodeCache                       = true                                      {product} {ergonomic}
   size_t SoftMaxHeapSize                          = 536870912                              {manageable} {ergonomic}
     bool UseCompressedClassPointers               = true                                 {lp64_product} {ergonomic}
     bool UseCompressedOops                        = true                                 {lp64_product} {ergonomic}
     bool UseG1GC                                  = true                                      {product} {ergonomic}
     bool UseLargePagesIndividualAllocation        = false                                  {pd product} {ergonomic}

Logging:
Log output configuration:
 #0: stdout all=warning uptime,level,tags
 #1: stderr all=off uptime,level,tags

Environment Variables:
JAVA_HOME=C:\Program Files\Java\jdk-19
PATH=C:\Oracol\bin;C:\Program Files\Common Files\Oracle\Java\javapath;C:\ProgramData\Oracle\Java\javapath;C:\WINDOWS\system32;C:\WINDOWS;C:\WINDOWS\System32\Wbem;C:\WINDOWS\System32\WindowsPowerShell\v1.0\;C:\WINDOWS\System32\OpenSSH\;C:\Program Files\Java\jdk-15.0.1\bin;C:\Program Files\Git\cmd;C:\Program Files\Java\jdk-19\bin;%MAVEN_HOME%\bin;%GRADLE%\bin;C:\Gradle\bin;;C:\Program Files\Docker\Docker\resources\bin;C:\Program Files\nodejs\;C:\Users\Mario\AppData\Local\Programs\Python\Python311\Scripts\;C:\Users\Mario\AppData\Local\Programs\Python\Python311\;C:\Program Files\MySQL\MySQL Shell 8.0\bin\;C:\Python\Python310\Scripts\;C:\Python\Python310\;C:\Users\Mario\AppData\Local\Microsoft\WindowsApps;C:\Microsoft VS Code\bin;C:\Users\Mario\AppData\Local\GitHubDesktop\bin;C:\Program Files\JetBrains\IntelliJ IDEA Community Edition 2022.2.2\bin;;C:\Gradle;C:\Program Files\Java\jdk-19\bin;C:\Users\Mario\AppData\Roaming\npm
USERNAME=Mario
OS=Windows_NT
PROCESSOR_IDENTIFIER=AMD64 Family 21 Model 101 Stepping 1, AuthenticAMD



---------------  S Y S T E M  ---------------

OS:
 Windows 10 , 64 bit Build 19041 (10.0.19041.2364)
OS uptime: 4 days 1:54 hours
HyperV virtualization detected

CPU: total 4 (initial active 4) (4 cores per cpu, 1 threads per core) family 21 model 101 stepping 1 microcode 0x0, cmov, cx8, fxsr, mmx, sse, sse2, sse3, ssse3, sse4.1, sse4.2, popcnt, vzeroupper, avx, avx2, aes, clmul, 3dnowpref, lzcnt, sse4a, tsc, tscinvbit, tscinv, bmi1, bmi2, fma, clflush

Memory: 4k page, system-wide physical 15318M (1310M free)
TotalPageFile size 62422M (AvailPageFile size 2M)
current process WorkingSet (physical memory assigned to process): 80M, peak: 80M
current process commit charge ("private bytes"): 342M, peak: 342M

vm_info: Java HotSpot(TM) 64-Bit Server VM (15.0.1+9-18) for windows-amd64 JRE (15.0.1+9-18), built on Sep 15 2020 14:43:54 by "mach5one" with unknown MS VC++:1925

END.
